[0.012s] Invoking command in '/home/jerome/arm_new/build/arm_urdf': CMAKE_PREFIX_PATH=${CMAKE_PREFIX_PATH}:/home/jerome/ws_moveit2/install/moveit_configs_utils:/home/jerome/ws_moveit2/install/launch_param_builder:/opt/ros/humble /usr/bin/cmake /home/jerome/arm_new/src/arm_urdf -DAMENT_CMAKE_SYMLINK_INSTALL=1 -DCMAKE_INSTALL_PREFIX=/home/jerome/arm_new/install/arm_urdf
[0.025s] -- Found ament_cmake: 1.3.12 (/opt/ros/humble/share/ament_cmake/cmake)
[0.119s] -- Override CMake install command with custom implementation using symlinks instead of copying resources
[0.124s] -- Found urdf: 2.6.1 (/opt/ros/humble/share/urdf/cmake)
[0.151s] -- Found ament_lint_auto: 0.12.14 (/opt/ros/humble/share/ament_lint_auto/cmake)
[0.197s] -- Configuring done
[0.198s] -- Generating done
[0.199s] -- Build files have been written to: /home/jerome/arm_new/build/arm_urdf
[0.202s] Invoked command in '/home/jerome/arm_new/build/arm_urdf' returned '0': CMAKE_PREFIX_PATH=${CMAKE_PREFIX_PATH}:/home/jerome/ws_moveit2/install/moveit_configs_utils:/home/jerome/ws_moveit2/install/launch_param_builder:/opt/ros/humble /usr/bin/cmake /home/jerome/arm_new/src/arm_urdf -DAMENT_CMAKE_SYMLINK_INSTALL=1 -DCMAKE_INSTALL_PREFIX=/home/jerome/arm_new/install/arm_urdf
[0.204s] Invoking command in '/home/jerome/arm_new/build/arm_urdf': CMAKE_PREFIX_PATH=${CMAKE_PREFIX_PATH}:/home/jerome/ws_moveit2/install/moveit_configs_utils:/home/jerome/ws_moveit2/install/launch_param_builder:/opt/ros/humble /usr/bin/cmake --build /home/jerome/arm_new/build/arm_urdf -- -j16 -l16
[0.246s] Invoked command in '/home/jerome/arm_new/build/arm_urdf' returned '0': CMAKE_PREFIX_PATH=${CMAKE_PREFIX_PATH}:/home/jerome/ws_moveit2/install/moveit_configs_utils:/home/jerome/ws_moveit2/install/launch_param_builder:/opt/ros/humble /usr/bin/cmake --build /home/jerome/arm_new/build/arm_urdf -- -j16 -l16
[0.255s] Invoking command in '/home/jerome/arm_new/build/arm_urdf': CMAKE_PREFIX_PATH=${CMAKE_PREFIX_PATH}:/home/jerome/ws_moveit2/install/moveit_configs_utils:/home/jerome/ws_moveit2/install/launch_param_builder:/opt/ros/humble /usr/bin/cmake --install /home/jerome/arm_new/build/arm_urdf
[0.262s] -- Install configuration: ""
[0.262s] -- Execute custom install script
[0.262s] -- Symlinking: /home/jerome/arm_new/install/arm_urdf/share/arm_urdf//launch/display.launch.py
[0.270s] -- Symlinking: /home/jerome/arm_new/install/arm_urdf/share/arm_urdf//launch/pick_and_place.launch.py
[0.280s] -- Symlinking: /home/jerome/arm_new/install/arm_urdf/share/arm_urdf//launch/pnp_rviz.launch.py
[0.287s] -- Symlinking: /home/jerome/arm_new/install/arm_urdf/share/arm_urdf//launch/spawner.launch.py
[0.296s] -- Symlinking: /home/jerome/arm_new/install/arm_urdf/share/arm_urdf//meshes/AX_12A_01.stl
[0.303s] -- Symlinking: /home/jerome/arm_new/install/arm_urdf/share/arm_urdf//meshes/AX_12A_02.stl
[0.312s] -- Symlinking: /home/jerome/arm_new/install/arm_urdf/share/arm_urdf//meshes/AX_12A_03.stl
[0.321s] -- Symlinking: /home/jerome/arm_new/install/arm_urdf/share/arm_urdf//meshes/AX_12A_04.stl
[0.334s] -- Symlinking: /home/jerome/arm_new/install/arm_urdf/share/arm_urdf//meshes/Gear_Flange_Driven.stl
[0.342s] -- Symlinking: /home/jerome/arm_new/install/arm_urdf/share/arm_urdf//meshes/Gear_Flange_Motor.stl
[0.351s] -- Symlinking: /home/jerome/arm_new/install/arm_urdf/share/arm_urdf//meshes/Soft_finger_1.stl
[0.360s] -- Symlinking: /home/jerome/arm_new/install/arm_urdf/share/arm_urdf//meshes/Soft_finger_2.stl
[0.369s] -- Symlinking: /home/jerome/arm_new/install/arm_urdf/share/arm_urdf//meshes/base_link.stl
[0.382s] -- Symlinking: /home/jerome/arm_new/install/arm_urdf/share/arm_urdf//meshes/link1.stl
[0.391s] -- Symlinking: /home/jerome/arm_new/install/arm_urdf/share/arm_urdf//meshes/link2.stl
[0.401s] -- Symlinking: /home/jerome/arm_new/install/arm_urdf/share/arm_urdf//meshes/link3.stl
[0.409s] -- Symlinking: /home/jerome/arm_new/install/arm_urdf/share/arm_urdf//meshes/link4.stl
[0.418s] -- Symlinking: /home/jerome/arm_new/install/arm_urdf/share/arm_urdf//meshes/link5.stl
[0.427s] -- Symlinking: /home/jerome/arm_new/install/arm_urdf/share/arm_urdf//meshes/link6.stl
[0.435s] -- Symlinking: /home/jerome/arm_new/install/arm_urdf/share/arm_urdf//urdf/(Unsaved).urdf
[0.444s] -- Symlinking: /home/jerome/arm_new/install/arm_urdf/share/arm_urdf//urdf/arm_urdf.urdf
[0.455s] -- Symlinking: /home/jerome/arm_new/install/arm_urdf/share/arm_urdf//urdf/arm_urdf.xacro
[0.463s] -- Symlinking: /home/jerome/arm_new/install/arm_urdf/share/arm_urdf//urdf/gen3_lite_gen3_lite_2f.xacro
[0.473s] -- Symlinking: /home/jerome/arm_new/install/arm_urdf/share/arm_urdf//urdf/robot_model_6_dof.xacro
[0.482s] -- Symlinking: /home/jerome/arm_new/install/arm_urdf/share/arm_urdf//config/display.rviz
[0.490s] -- Symlinking: /home/jerome/arm_new/install/arm_urdf/share/ament_index/resource_index/package_run_dependencies/arm_urdf
[0.497s] -- Symlinking: /home/jerome/arm_new/install/arm_urdf/share/ament_index/resource_index/parent_prefix_path/arm_urdf
[0.506s] -- Symlinking: /home/jerome/arm_new/install/arm_urdf/share/arm_urdf/environment/ament_prefix_path.sh
[0.513s] -- Symlinking: /home/jerome/arm_new/install/arm_urdf/share/arm_urdf/environment/ament_prefix_path.dsv
[0.522s] -- Symlinking: /home/jerome/arm_new/install/arm_urdf/share/arm_urdf/environment/path.sh
[0.534s] -- Symlinking: /home/jerome/arm_new/install/arm_urdf/share/arm_urdf/environment/path.dsv
[0.542s] -- Symlinking: /home/jerome/arm_new/install/arm_urdf/share/arm_urdf/local_setup.bash
[0.549s] -- Symlinking: /home/jerome/arm_new/install/arm_urdf/share/arm_urdf/local_setup.sh
[0.557s] -- Symlinking: /home/jerome/arm_new/install/arm_urdf/share/arm_urdf/local_setup.zsh
[0.564s] -- Symlinking: /home/jerome/arm_new/install/arm_urdf/share/arm_urdf/local_setup.dsv
[0.573s] -- Symlinking: /home/jerome/arm_new/install/arm_urdf/share/arm_urdf/package.dsv
[0.584s] -- Symlinking: /home/jerome/arm_new/install/arm_urdf/share/ament_index/resource_index/packages/arm_urdf
[0.591s] -- Symlinking: /home/jerome/arm_new/install/arm_urdf/share/arm_urdf/cmake/arm_urdfConfig.cmake
[0.602s] -- Symlinking: /home/jerome/arm_new/install/arm_urdf/share/arm_urdf/cmake/arm_urdfConfig-version.cmake
[0.610s] -- Symlinking: /home/jerome/arm_new/install/arm_urdf/share/arm_urdf/package.xml
[0.620s] Invoked command in '/home/jerome/arm_new/build/arm_urdf' returned '0': CMAKE_PREFIX_PATH=${CMAKE_PREFIX_PATH}:/home/jerome/ws_moveit2/install/moveit_configs_utils:/home/jerome/ws_moveit2/install/launch_param_builder:/opt/ros/humble /usr/bin/cmake --install /home/jerome/arm_new/build/arm_urdf
