[0.012s] Invoking command in '/home/jerome/arm_new/build/pick_and_place': CMAKE_PREFIX_PATH=${CMAKE_PREFIX_PATH}:/home/jerome/cognipilot/cranium/install/b3rb_ros_aim_india:/home/jerome/ws_moveit2/install/moveit_configs_utils:/home/jerome/ws_moveit2/install/launch_param_builder:/opt/ros/humble /usr/bin/cmake --build /home/jerome/arm_new/build/pick_and_place -- -j16 -l16
[0.086s] [35m[1mConsolidate compiler generated dependencies of target mtc_tutorial[0m
[0.131s] [ 50%] Built target pick_and_place
[0.132s] [ 75%] [32mBuilding CXX object CMakeFiles/mtc_tutorial.dir/src/mtc.cpp.o[0m
[6.767s] [100%] [32m[1mLinking CXX executable mtc_tutorial[0m
[7.201s] [100%] Built target mtc_tutorial
[7.213s] Invoked command in '/home/jerome/arm_new/build/pick_and_place' returned '0': CMAKE_PREFIX_PATH=${CMAKE_PREFIX_PATH}:/home/jerome/cognipilot/cranium/install/b3rb_ros_aim_india:/home/jerome/ws_moveit2/install/moveit_configs_utils:/home/jerome/ws_moveit2/install/launch_param_builder:/opt/ros/humble /usr/bin/cmake --build /home/jerome/arm_new/build/pick_and_place -- -j16 -l16
[7.215s] Invoking command in '/home/jerome/arm_new/build/pick_and_place': CMAKE_PREFIX_PATH=${CMAKE_PREFIX_PATH}:/home/jerome/cognipilot/cranium/install/b3rb_ros_aim_india:/home/jerome/ws_moveit2/install/moveit_configs_utils:/home/jerome/ws_moveit2/install/launch_param_builder:/opt/ros/humble /usr/bin/cmake --install /home/jerome/arm_new/build/pick_and_place
[7.226s] -- Install configuration: ""
[7.227s] -- Installing: /home/jerome/arm_new/install/pick_and_place/lib/pick_and_place/mtc_tutorial
[7.227s] -- Set runtime path of "/home/jerome/arm_new/install/pick_and_place/lib/pick_and_place/mtc_tutorial" to ""
[7.227s] -- Up-to-date: /home/jerome/arm_new/install/pick_and_place/share/pick_and_place//launch
[7.228s] -- Up-to-date: /home/jerome/arm_new/install/pick_and_place/share/pick_and_place//launch/pick_new.launch.py
[7.228s] -- Up-to-date: /home/jerome/arm_new/install/pick_and_place/share/pick_and_place//launch/pick_and_place.launch.py
[7.228s] -- Up-to-date: /home/jerome/arm_new/install/pick_and_place/lib/pick_and_place/pick_and_place
[7.228s] -- Up-to-date: /home/jerome/arm_new/install/pick_and_place/share/ament_index/resource_index/package_run_dependencies/pick_and_place
[7.228s] -- Up-to-date: /home/jerome/arm_new/install/pick_and_place/share/ament_index/resource_index/parent_prefix_path/pick_and_place
[7.228s] -- Up-to-date: /home/jerome/arm_new/install/pick_and_place/share/pick_and_place/environment/ament_prefix_path.sh
[7.228s] -- Up-to-date: /home/jerome/arm_new/install/pick_and_place/share/pick_and_place/environment/ament_prefix_path.dsv
[7.228s] -- Up-to-date: /home/jerome/arm_new/install/pick_and_place/share/pick_and_place/environment/path.sh
[7.229s] -- Up-to-date: /home/jerome/arm_new/install/pick_and_place/share/pick_and_place/environment/path.dsv
[7.229s] -- Up-to-date: /home/jerome/arm_new/install/pick_and_place/share/pick_and_place/local_setup.bash
[7.229s] -- Up-to-date: /home/jerome/arm_new/install/pick_and_place/share/pick_and_place/local_setup.sh
[7.229s] -- Up-to-date: /home/jerome/arm_new/install/pick_and_place/share/pick_and_place/local_setup.zsh
[7.229s] -- Up-to-date: /home/jerome/arm_new/install/pick_and_place/share/pick_and_place/local_setup.dsv
[7.229s] -- Installing: /home/jerome/arm_new/install/pick_and_place/share/pick_and_place/package.dsv
[7.229s] -- Up-to-date: /home/jerome/arm_new/install/pick_and_place/share/ament_index/resource_index/packages/pick_and_place
[7.229s] -- Up-to-date: /home/jerome/arm_new/install/pick_and_place/share/pick_and_place/cmake/pick_and_placeConfig.cmake
[7.229s] -- Up-to-date: /home/jerome/arm_new/install/pick_and_place/share/pick_and_place/cmake/pick_and_placeConfig-version.cmake
[7.229s] -- Up-to-date: /home/jerome/arm_new/install/pick_and_place/share/pick_and_place/package.xml
[7.230s] Invoked command in '/home/jerome/arm_new/build/pick_and_place' returned '0': CMAKE_PREFIX_PATH=${CMAKE_PREFIX_PATH}:/home/jerome/cognipilot/cranium/install/b3rb_ros_aim_india:/home/jerome/ws_moveit2/install/moveit_configs_utils:/home/jerome/ws_moveit2/install/launch_param_builder:/opt/ros/humble /usr/bin/cmake --install /home/jerome/arm_new/build/pick_and_place
