[0.012s] Invoking command in '/home/jerome/arm_new/build/ros2_linkattacher': CMAKE_PREFIX_PATH=/home/jerome/arm_new/install/linkattacher_msgs:/home/jerome/arm_new/install/pick_and_place:/home/jerome/arm_new/install/arm_urdf_moveit_config:/home/jerome/arm_new/install/arm_urdf:/home/jerome/ws_moveit2/install/pilz_industrial_motion_planner_testutils:/home/jerome/ws_moveit2/install/moveit_runtime:/home/jerome/ws_moveit2/install/moveit2_tutorials:/home/jerome/ws_moveit2/install/moveit:/home/jerome/ws_moveit2/install/moveit_planners:/home/jerome/ws_moveit2/install/pilz_industrial_motion_planner:/home/jerome/ws_moveit2/install/moveit_visual_tools:/home/jerome/ws_moveit2/install/moveit_task_constructor_visualization:/home/jerome/ws_moveit2/install/moveit_task_constructor_demo:/home/jerome/ws_moveit2/install/moveit_task_constructor_capabilities:/home/jerome/ws_moveit2/install/moveit_task_constructor_core:/home/jerome/ws_moveit2/install/moveit_ros_control_interface:/home/jerome/ws_moveit2/install/moveit_plugins:/home/jerome/ws_moveit2/install/moveit_simple_controller_manager:/home/jerome/ws_moveit2/install/moveit_setup_assistant:/home/jerome/ws_moveit2/install/moveit_setup_srdf_plugins:/home/jerome/ws_moveit2/install/moveit_setup_core_plugins:/home/jerome/ws_moveit2/install/moveit_setup_controllers:/home/jerome/ws_moveit2/install/moveit_setup_app_plugins:/home/jerome/ws_moveit2/install/moveit_setup_framework:/home/jerome/ws_moveit2/install/moveit_servo:/home/jerome/ws_moveit2/install/moveit_ros:/home/jerome/ws_moveit2/install/moveit_ros_visualization:/home/jerome/ws_moveit2/install/moveit_hybrid_planning:/home/jerome/ws_moveit2/install/moveit_ros_planning_interface:/home/jerome/ws_moveit2/install/moveit_ros_benchmarks:/home/jerome/ws_moveit2/install/moveit_ros_warehouse:/home/jerome/ws_moveit2/install/moveit_ros_robot_interaction:/home/jerome/ws_moveit2/install/moveit_ros_perception:/home/jerome/ws_moveit2/install/moveit_resources_prbt_pg70_support:/home/jerome/ws_moveit2/install/moveit_resources_prbt_moveit_config:/home/jerome/ws_moveit2/install/moveit_ros_move_group:/home/jerome/ws_moveit2/install/moveit_planners_ompl:/home/jerome/ws_moveit2/install/moveit_ros_planning:/home/jerome/ws_moveit2/install/moveit_ros_occupancy_map_monitor:/home/jerome/ws_moveit2/install/moveit_resources_prbt_ikfast_manipulator_plugin:/home/jerome/ws_moveit2/install/moveit_planners_chomp:/home/jerome/ws_moveit2/install/moveit_kinematics:/home/jerome/ws_moveit2/install/moveit_chomp_optimizer_adapter:/home/jerome/ws_moveit2/install/chomp_motion_planner:/home/jerome/ws_moveit2/install/moveit_core:/home/jerome/ws_moveit2/install/srdfdom:/home/jerome/ws_moveit2/install/rviz_marker_tools:/home/jerome/ws_moveit2/install/rosparam_shortcuts:/home/jerome/ws_moveit2/install/moveit_task_constructor_msgs:/home/jerome/ws_moveit2/install/moveit_resources_prbt_support:/home/jerome/ws_moveit2/install/moveit_resources:/home/jerome/ws_moveit2/install/moveit_resources_pr2_description:/home/jerome/ws_moveit2/install/moveit_resources_panda_moveit_config:/home/jerome/ws_moveit2/install/moveit_resources_panda_description:/home/jerome/ws_moveit2/install/moveit_resources_fanuc_moveit_config:/home/jerome/ws_moveit2/install/moveit_resources_fanuc_description:/home/jerome/ws_moveit2/install/moveit_common:/home/jerome/ws_moveit2/install/moveit_configs_utils:/home/jerome/ws_moveit2/install/launch_param_builder:/opt/ros/humble LD_LIBRARY_PATH=/home/jerome/arm_new/install/linkattacher_msgs/lib:/home/jerome/ws_moveit2/install/pilz_industrial_motion_planner_testutils/lib:/home/jerome/ws_moveit2/install/pilz_industrial_motion_planner/lib:/home/jerome/ws_moveit2/install/moveit_visual_tools/lib:/home/jerome/ws_moveit2/install/moveit_task_constructor_visualization/lib:/home/jerome/ws_moveit2/install/moveit_task_constructor_demo/lib:/home/jerome/ws_moveit2/install/moveit_task_constructor_capabilities/lib:/home/jerome/ws_moveit2/install/moveit_task_constructor_core/lib:/home/jerome/ws_moveit2/install/moveit_ros_control_interface/lib:/home/jerome/ws_moveit2/install/moveit_simple_controller_manager/lib:/home/jerome/ws_moveit2/install/moveit_setup_assistant/lib:/home/jerome/ws_moveit2/install/moveit_setup_srdf_plugins/lib:/home/jerome/ws_moveit2/install/moveit_setup_core_plugins/lib:/home/jerome/ws_moveit2/install/moveit_setup_controllers/lib:/home/jerome/ws_moveit2/install/moveit_setup_app_plugins/lib:/home/jerome/ws_moveit2/install/moveit_setup_framework/lib:/home/jerome/ws_moveit2/install/moveit_servo/lib:/home/jerome/ws_moveit2/install/moveit_ros_visualization/lib:/home/jerome/ws_moveit2/install/moveit_hybrid_planning/lib:/home/jerome/ws_moveit2/install/moveit_ros_planning_interface/lib:/home/jerome/ws_moveit2/install/moveit_ros_benchmarks/lib:/home/jerome/ws_moveit2/install/moveit_ros_warehouse/lib:/home/jerome/ws_moveit2/install/moveit_ros_robot_interaction/lib:/home/jerome/ws_moveit2/install/moveit_ros_perception/lib:/home/jerome/ws_moveit2/install/moveit_ros_move_group/lib:/home/jerome/ws_moveit2/install/moveit_planners_ompl/lib:/home/jerome/ws_moveit2/install/moveit_ros_planning/lib:/home/jerome/ws_moveit2/install/moveit_ros_occupancy_map_monitor/lib:/home/jerome/ws_moveit2/install/moveit_resources_prbt_ikfast_manipulator_plugin/lib:/home/jerome/ws_moveit2/install/moveit_planners_chomp/lib:/home/jerome/ws_moveit2/install/moveit_kinematics/lib:/home/jerome/ws_moveit2/install/moveit_chomp_optimizer_adapter/lib:/home/jerome/ws_moveit2/install/chomp_motion_planner/lib:/home/jerome/ws_moveit2/install/moveit_core/lib:/home/jerome/ws_moveit2/install/srdfdom/lib:/home/jerome/ws_moveit2/install/rviz_marker_tools/lib:/home/jerome/ws_moveit2/install/rosparam_shortcuts/lib:/home/jerome/ws_moveit2/install/moveit_task_constructor_msgs/lib:/opt/ros/humble/opt/rviz_ogre_vendor/lib:/opt/ros/humble/lib/x86_64-linux-gnu:/opt/ros/humble/lib:/usr/lib/x86_64-linux-gnu/gazebo-11/plugins /usr/bin/cmake /home/jerome/arm_new/src/ros2_LinkAttacher -DCMAKE_INSTALL_PREFIX=/home/jerome/arm_new/install/ros2_linkattacher
[0.063s] -- The C compiler identification is GNU 11.4.0
[0.105s] -- The CXX compiler identification is GNU 11.4.0
[0.111s] -- Detecting C compiler ABI info
[0.177s] -- Detecting C compiler ABI info - done
[0.183s] -- Check for working C compiler: /usr/bin/cc - skipped
[0.183s] -- Detecting C compile features
[0.184s] -- Detecting C compile features - done
[0.186s] -- Detecting CXX compiler ABI info
[0.257s] -- Detecting CXX compiler ABI info - done
[0.262s] -- Check for working CXX compiler: /usr/bin/c++ - skipped
[0.262s] -- Detecting CXX compile features
[0.263s] -- Detecting CXX compile features - done
[0.267s] -- Found ament_cmake: 1.3.12 (/opt/ros/humble/share/ament_cmake/cmake)
[0.395s] -- Found Python3: /usr/bin/python3 (found version "3.10.12") found components: Interpreter 
[0.490s] -- Found ament_lint_auto: 0.12.14 (/opt/ros/humble/share/ament_lint_auto/cmake)
[0.568s] -- Found gazebo_ros: 3.9.0 (/opt/ros/humble/share/gazebo_ros/cmake)
[0.630s] -- Found rosidl_generator_c: 3.1.7 (/opt/ros/humble/share/rosidl_generator_c/cmake)
[0.638s] -- Found rosidl_adapter: 3.1.7 (/opt/ros/humble/share/rosidl_adapter/cmake)
[0.648s] -- Found rosidl_generator_cpp: 3.1.7 (/opt/ros/humble/share/rosidl_generator_cpp/cmake)
[0.662s] -- Using all available rosidl_typesupport_c: rosidl_typesupport_fastrtps_c;rosidl_typesupport_introspection_c
[0.681s] -- Using all available rosidl_typesupport_cpp: rosidl_typesupport_fastrtps_cpp;rosidl_typesupport_introspection_cpp
[0.736s] -- Found rmw_implementation_cmake: 6.1.2 (/opt/ros/humble/share/rmw_implementation_cmake/cmake)
[0.742s] -- Found rmw_cyclonedds_cpp: 1.3.4 (/opt/ros/humble/share/rmw_cyclonedds_cpp/cmake)
[0.775s] -- Using RMW implementation 'rmw_cyclonedds_cpp' as default
[0.788s] -- Looking for pthread.h
[0.869s] -- Looking for pthread.h - found
[0.869s] -- Performing Test CMAKE_HAVE_LIBC_PTHREAD
[0.950s] -- Performing Test CMAKE_HAVE_LIBC_PTHREAD - Success
[0.951s] -- Found Threads: TRUE  
[1.011s] -- Found PkgConfig: /usr/bin/pkg-config (found version "0.29.2") 
[1.012s] -- Checking for module 'bullet>=2.82'
[1.034s] --   Found bullet, version 3.05
[1.168s] -- Found fcl: /usr/include (found suitable version "0.7.0", minimum required is "0.5.0") 
[1.232s] -- Found assimp: /usr/include (found version "5.2.0") 
[1.257s] -- Found DART: /usr/include (Required is at least version "6.6") found components: dart 
[1.297s] -- Found Boost: /usr/lib/x86_64-linux-gnu/cmake/Boost-1.74.0/BoostConfig.cmake (found suitable version "1.74.0", minimum required is "1.40.0") found components: thread system filesystem program_options regex iostreams date_time 
[1.311s] -- Found Protobuf: /usr/lib/x86_64-linux-gnu/libprotobuf.so (found version "3.12.4") 
[1.321s] -- Looking for ignition-math6 -- found version 6.15.1
[1.327s] -- Searching for dependencies of ignition-math6
[1.328s] -- Looking for OGRE...
[1.329s] -- OGRE_PREFIX_WATCH changed.
[1.334s] -- Checking for module 'OGRE'
[1.354s] --   Found OGRE, version 1.9.0
[1.395s] -- Found Ogre Ghadamon (1.9.0)
[1.405s] -- Found OGRE: optimized;/usr/lib/x86_64-linux-gnu/libOgreMain.so;debug;/usr/lib/x86_64-linux-gnu/libOgreMain.so
[1.412s] -- Looking for OGRE_Paging...
[1.420s] -- Found OGRE_Paging: optimized;/usr/lib/x86_64-linux-gnu/libOgrePaging.so;debug;/usr/lib/x86_64-linux-gnu/libOgrePaging.so
[1.420s] -- Looking for OGRE_Terrain...
[1.426s] -- Found OGRE_Terrain: optimized;/usr/lib/x86_64-linux-gnu/libOgreTerrain.so;debug;/usr/lib/x86_64-linux-gnu/libOgreTerrain.so
[1.426s] -- Looking for OGRE_Property...
[1.433s] -- Found OGRE_Property: optimized;/usr/lib/x86_64-linux-gnu/libOgreProperty.so;debug;/usr/lib/x86_64-linux-gnu/libOgreProperty.so
[1.433s] -- Looking for OGRE_RTShaderSystem...
[1.440s] -- Found OGRE_RTShaderSystem: optimized;/usr/lib/x86_64-linux-gnu/libOgreRTShaderSystem.so;debug;/usr/lib/x86_64-linux-gnu/libOgreRTShaderSystem.so
[1.440s] -- Looking for OGRE_Volume...
[1.446s] -- Found OGRE_Volume: optimized;/usr/lib/x86_64-linux-gnu/libOgreVolume.so;debug;/usr/lib/x86_64-linux-gnu/libOgreVolume.so
[1.446s] -- Looking for OGRE_Overlay...
[1.453s] -- Found OGRE_Overlay: optimized;/usr/lib/x86_64-linux-gnu/libOgreOverlay.so;debug;/usr/lib/x86_64-linux-gnu/libOgreOverlay.so
[1.602s] -- Looking for ignition-math6 -- found version 6.15.1
[1.606s] -- Looking for ignition-transport8 -- found version 8.2.1
[1.606s] -- Searching for dependencies of ignition-transport8
[1.622s] -- Found Protobuf: /usr/lib/x86_64-linux-gnu/libprotobuf.so (found suitable version "3.12.4", minimum required is "3") 
[1.632s] -- Config-file not installed for ZeroMQ -- checking for pkg-config
[1.637s] -- Checking for module 'libzmq >= 4'
[1.656s] --   Found libzmq , version 4.3.4
[1.703s] -- Found ZeroMQ: TRUE (Required is at least version "4") 
[1.710s] -- Checking for module 'uuid'
[1.729s] --   Found uuid, version 2.37.2
[1.772s] -- Found UUID: TRUE  
[1.780s] -- Looking for ignition-msgs5 -- found version 5.8.1
[1.780s] -- Searching for dependencies of ignition-msgs5
[1.798s] -- Looking for ignition-math6 -- found version 6.15.1
[1.804s] -- Checking for module 'tinyxml2'
[1.824s] --   Found tinyxml2, version 9.0.0
[1.869s] -- Looking for ignition-msgs5 -- found version 5.8.1
[1.877s] -- Looking for ignition-common3 -- found version 3.14.0
[1.877s] -- Searching for dependencies of ignition-common3
[1.878s] -- Looking for dlfcn.h - found
[1.879s] -- Looking for libdl - found
[1.880s] -- Found DL: TRUE  
[1.894s] -- Found tinyobjloader: /usr/lib/x86_64-linux-gnu/cmake/tinyobjloader/tinyobjloader-config.cmake (found version "2.0.0") 
[1.894s] -- Searching for <ignition-common3> component [graphics]
[1.898s] -- Looking for ignition-common3-graphics -- found version 3.14.0
[1.898s] -- Searching for dependencies of ignition-common3-graphics
[1.898s] -- Looking for ignition-math6 -- found version 6.15.1
[1.903s] -- Looking for ignition-fuel_tools4 -- found version 4.4.0
[1.904s] -- Searching for dependencies of ignition-fuel_tools4
[1.998s] -- Found CURL: /usr/lib/x86_64-linux-gnu/libcurl.so (found version "7.81.0")  
[2.010s] -- Checking for module 'jsoncpp'
[2.029s] --   Found jsoncpp, version 1.9.5
[2.073s] -- Found JSONCPP: TRUE  
[2.080s] -- Checking for module 'libzip'
[2.099s] --   Found libzip, version 1.7.3
[2.139s] -- Found ZIP: TRUE  
[2.140s] -- Looking for ignition-common3 -- found version 3.14.0
[2.140s] -- Looking for ignition-math6 -- found version 6.15.1
[2.140s] -- Looking for ignition-msgs5 -- found version 5.8.1
[2.145s] -- Gazebo version: 11.10
[2.145s] -- Checking for module 'tbb'
[2.168s] --   Found tbb, version 2021.5.0
[2.214s] -- Found gazebo_msgs: 3.9.0 (/opt/ros/humble/share/gazebo_msgs/cmake)
[2.253s] -- Found linkattacher_msgs: 0.0.0 (/home/jerome/arm_new/install/linkattacher_msgs/share/linkattacher_msgs/cmake)
[2.279s] -- Added test 'copyright' to check source files copyright and LICENSE
[2.280s] -- Added test 'cppcheck' to perform static code analysis on C / C++ code
[2.281s] -- Configured cppcheck include dirs: /home/jerome/arm_new/src/ros2_LinkAttacher/include
[2.281s] -- Configured cppcheck exclude dirs and/or files: 
[2.282s] -- Added test 'cpplint' to check C / C++ code against the Google style
[2.282s] -- Configured cpplint exclude dirs and/or files: 
[2.283s] -- Added test 'lint_cmake' to check CMake code style
[2.284s] -- Added test 'uncrustify' to check C / C++ code style
[2.284s] -- Configured uncrustify additional arguments: 
[2.285s] -- Added test 'xmllint' to check XML markup files
[2.286s] -- Configuring done
[2.306s] -- Generating done
[2.310s] -- Build files have been written to: /home/jerome/arm_new/build/ros2_linkattacher
[2.319s] Invoked command in '/home/jerome/arm_new/build/ros2_linkattacher' returned '0': CMAKE_PREFIX_PATH=/home/jerome/arm_new/install/linkattacher_msgs:/home/jerome/arm_new/install/pick_and_place:/home/jerome/arm_new/install/arm_urdf_moveit_config:/home/jerome/arm_new/install/arm_urdf:/home/jerome/ws_moveit2/install/pilz_industrial_motion_planner_testutils:/home/jerome/ws_moveit2/install/moveit_runtime:/home/jerome/ws_moveit2/install/moveit2_tutorials:/home/jerome/ws_moveit2/install/moveit:/home/jerome/ws_moveit2/install/moveit_planners:/home/jerome/ws_moveit2/install/pilz_industrial_motion_planner:/home/jerome/ws_moveit2/install/moveit_visual_tools:/home/jerome/ws_moveit2/install/moveit_task_constructor_visualization:/home/jerome/ws_moveit2/install/moveit_task_constructor_demo:/home/jerome/ws_moveit2/install/moveit_task_constructor_capabilities:/home/jerome/ws_moveit2/install/moveit_task_constructor_core:/home/jerome/ws_moveit2/install/moveit_ros_control_interface:/home/jerome/ws_moveit2/install/moveit_plugins:/home/jerome/ws_moveit2/install/moveit_simple_controller_manager:/home/jerome/ws_moveit2/install/moveit_setup_assistant:/home/jerome/ws_moveit2/install/moveit_setup_srdf_plugins:/home/jerome/ws_moveit2/install/moveit_setup_core_plugins:/home/jerome/ws_moveit2/install/moveit_setup_controllers:/home/jerome/ws_moveit2/install/moveit_setup_app_plugins:/home/jerome/ws_moveit2/install/moveit_setup_framework:/home/jerome/ws_moveit2/install/moveit_servo:/home/jerome/ws_moveit2/install/moveit_ros:/home/jerome/ws_moveit2/install/moveit_ros_visualization:/home/jerome/ws_moveit2/install/moveit_hybrid_planning:/home/jerome/ws_moveit2/install/moveit_ros_planning_interface:/home/jerome/ws_moveit2/install/moveit_ros_benchmarks:/home/jerome/ws_moveit2/install/moveit_ros_warehouse:/home/jerome/ws_moveit2/install/moveit_ros_robot_interaction:/home/jerome/ws_moveit2/install/moveit_ros_perception:/home/jerome/ws_moveit2/install/moveit_resources_prbt_pg70_support:/home/jerome/ws_moveit2/install/moveit_resources_prbt_moveit_config:/home/jerome/ws_moveit2/install/moveit_ros_move_group:/home/jerome/ws_moveit2/install/moveit_planners_ompl:/home/jerome/ws_moveit2/install/moveit_ros_planning:/home/jerome/ws_moveit2/install/moveit_ros_occupancy_map_monitor:/home/jerome/ws_moveit2/install/moveit_resources_prbt_ikfast_manipulator_plugin:/home/jerome/ws_moveit2/install/moveit_planners_chomp:/home/jerome/ws_moveit2/install/moveit_kinematics:/home/jerome/ws_moveit2/install/moveit_chomp_optimizer_adapter:/home/jerome/ws_moveit2/install/chomp_motion_planner:/home/jerome/ws_moveit2/install/moveit_core:/home/jerome/ws_moveit2/install/srdfdom:/home/jerome/ws_moveit2/install/rviz_marker_tools:/home/jerome/ws_moveit2/install/rosparam_shortcuts:/home/jerome/ws_moveit2/install/moveit_task_constructor_msgs:/home/jerome/ws_moveit2/install/moveit_resources_prbt_support:/home/jerome/ws_moveit2/install/moveit_resources:/home/jerome/ws_moveit2/install/moveit_resources_pr2_description:/home/jerome/ws_moveit2/install/moveit_resources_panda_moveit_config:/home/jerome/ws_moveit2/install/moveit_resources_panda_description:/home/jerome/ws_moveit2/install/moveit_resources_fanuc_moveit_config:/home/jerome/ws_moveit2/install/moveit_resources_fanuc_description:/home/jerome/ws_moveit2/install/moveit_common:/home/jerome/ws_moveit2/install/moveit_configs_utils:/home/jerome/ws_moveit2/install/launch_param_builder:/opt/ros/humble LD_LIBRARY_PATH=/home/jerome/arm_new/install/linkattacher_msgs/lib:/home/jerome/ws_moveit2/install/pilz_industrial_motion_planner_testutils/lib:/home/jerome/ws_moveit2/install/pilz_industrial_motion_planner/lib:/home/jerome/ws_moveit2/install/moveit_visual_tools/lib:/home/jerome/ws_moveit2/install/moveit_task_constructor_visualization/lib:/home/jerome/ws_moveit2/install/moveit_task_constructor_demo/lib:/home/jerome/ws_moveit2/install/moveit_task_constructor_capabilities/lib:/home/jerome/ws_moveit2/install/moveit_task_constructor_core/lib:/home/jerome/ws_moveit2/install/moveit_ros_control_interface/lib:/home/jerome/ws_moveit2/install/moveit_simple_controller_manager/lib:/home/jerome/ws_moveit2/install/moveit_setup_assistant/lib:/home/jerome/ws_moveit2/install/moveit_setup_srdf_plugins/lib:/home/jerome/ws_moveit2/install/moveit_setup_core_plugins/lib:/home/jerome/ws_moveit2/install/moveit_setup_controllers/lib:/home/jerome/ws_moveit2/install/moveit_setup_app_plugins/lib:/home/jerome/ws_moveit2/install/moveit_setup_framework/lib:/home/jerome/ws_moveit2/install/moveit_servo/lib:/home/jerome/ws_moveit2/install/moveit_ros_visualization/lib:/home/jerome/ws_moveit2/install/moveit_hybrid_planning/lib:/home/jerome/ws_moveit2/install/moveit_ros_planning_interface/lib:/home/jerome/ws_moveit2/install/moveit_ros_benchmarks/lib:/home/jerome/ws_moveit2/install/moveit_ros_warehouse/lib:/home/jerome/ws_moveit2/install/moveit_ros_robot_interaction/lib:/home/jerome/ws_moveit2/install/moveit_ros_perception/lib:/home/jerome/ws_moveit2/install/moveit_ros_move_group/lib:/home/jerome/ws_moveit2/install/moveit_planners_ompl/lib:/home/jerome/ws_moveit2/install/moveit_ros_planning/lib:/home/jerome/ws_moveit2/install/moveit_ros_occupancy_map_monitor/lib:/home/jerome/ws_moveit2/install/moveit_resources_prbt_ikfast_manipulator_plugin/lib:/home/jerome/ws_moveit2/install/moveit_planners_chomp/lib:/home/jerome/ws_moveit2/install/moveit_kinematics/lib:/home/jerome/ws_moveit2/install/moveit_chomp_optimizer_adapter/lib:/home/jerome/ws_moveit2/install/chomp_motion_planner/lib:/home/jerome/ws_moveit2/install/moveit_core/lib:/home/jerome/ws_moveit2/install/srdfdom/lib:/home/jerome/ws_moveit2/install/rviz_marker_tools/lib:/home/jerome/ws_moveit2/install/rosparam_shortcuts/lib:/home/jerome/ws_moveit2/install/moveit_task_constructor_msgs/lib:/opt/ros/humble/opt/rviz_ogre_vendor/lib:/opt/ros/humble/lib/x86_64-linux-gnu:/opt/ros/humble/lib:/usr/lib/x86_64-linux-gnu/gazebo-11/plugins /usr/bin/cmake /home/jerome/arm_new/src/ros2_LinkAttacher -DCMAKE_INSTALL_PREFIX=/home/jerome/arm_new/install/ros2_linkattacher
[2.321s] Invoking command in '/home/jerome/arm_new/build/ros2_linkattacher': CMAKE_PREFIX_PATH=/home/jerome/arm_new/install/linkattacher_msgs:/home/jerome/arm_new/install/pick_and_place:/home/jerome/arm_new/install/arm_urdf_moveit_config:/home/jerome/arm_new/install/arm_urdf:/home/jerome/ws_moveit2/install/pilz_industrial_motion_planner_testutils:/home/jerome/ws_moveit2/install/moveit_runtime:/home/jerome/ws_moveit2/install/moveit2_tutorials:/home/jerome/ws_moveit2/install/moveit:/home/jerome/ws_moveit2/install/moveit_planners:/home/jerome/ws_moveit2/install/pilz_industrial_motion_planner:/home/jerome/ws_moveit2/install/moveit_visual_tools:/home/jerome/ws_moveit2/install/moveit_task_constructor_visualization:/home/jerome/ws_moveit2/install/moveit_task_constructor_demo:/home/jerome/ws_moveit2/install/moveit_task_constructor_capabilities:/home/jerome/ws_moveit2/install/moveit_task_constructor_core:/home/jerome/ws_moveit2/install/moveit_ros_control_interface:/home/jerome/ws_moveit2/install/moveit_plugins:/home/jerome/ws_moveit2/install/moveit_simple_controller_manager:/home/jerome/ws_moveit2/install/moveit_setup_assistant:/home/jerome/ws_moveit2/install/moveit_setup_srdf_plugins:/home/jerome/ws_moveit2/install/moveit_setup_core_plugins:/home/jerome/ws_moveit2/install/moveit_setup_controllers:/home/jerome/ws_moveit2/install/moveit_setup_app_plugins:/home/jerome/ws_moveit2/install/moveit_setup_framework:/home/jerome/ws_moveit2/install/moveit_servo:/home/jerome/ws_moveit2/install/moveit_ros:/home/jerome/ws_moveit2/install/moveit_ros_visualization:/home/jerome/ws_moveit2/install/moveit_hybrid_planning:/home/jerome/ws_moveit2/install/moveit_ros_planning_interface:/home/jerome/ws_moveit2/install/moveit_ros_benchmarks:/home/jerome/ws_moveit2/install/moveit_ros_warehouse:/home/jerome/ws_moveit2/install/moveit_ros_robot_interaction:/home/jerome/ws_moveit2/install/moveit_ros_perception:/home/jerome/ws_moveit2/install/moveit_resources_prbt_pg70_support:/home/jerome/ws_moveit2/install/moveit_resources_prbt_moveit_config:/home/jerome/ws_moveit2/install/moveit_ros_move_group:/home/jerome/ws_moveit2/install/moveit_planners_ompl:/home/jerome/ws_moveit2/install/moveit_ros_planning:/home/jerome/ws_moveit2/install/moveit_ros_occupancy_map_monitor:/home/jerome/ws_moveit2/install/moveit_resources_prbt_ikfast_manipulator_plugin:/home/jerome/ws_moveit2/install/moveit_planners_chomp:/home/jerome/ws_moveit2/install/moveit_kinematics:/home/jerome/ws_moveit2/install/moveit_chomp_optimizer_adapter:/home/jerome/ws_moveit2/install/chomp_motion_planner:/home/jerome/ws_moveit2/install/moveit_core:/home/jerome/ws_moveit2/install/srdfdom:/home/jerome/ws_moveit2/install/rviz_marker_tools:/home/jerome/ws_moveit2/install/rosparam_shortcuts:/home/jerome/ws_moveit2/install/moveit_task_constructor_msgs:/home/jerome/ws_moveit2/install/moveit_resources_prbt_support:/home/jerome/ws_moveit2/install/moveit_resources:/home/jerome/ws_moveit2/install/moveit_resources_pr2_description:/home/jerome/ws_moveit2/install/moveit_resources_panda_moveit_config:/home/jerome/ws_moveit2/install/moveit_resources_panda_description:/home/jerome/ws_moveit2/install/moveit_resources_fanuc_moveit_config:/home/jerome/ws_moveit2/install/moveit_resources_fanuc_description:/home/jerome/ws_moveit2/install/moveit_common:/home/jerome/ws_moveit2/install/moveit_configs_utils:/home/jerome/ws_moveit2/install/launch_param_builder:/opt/ros/humble LD_LIBRARY_PATH=/home/jerome/arm_new/install/linkattacher_msgs/lib:/home/jerome/ws_moveit2/install/pilz_industrial_motion_planner_testutils/lib:/home/jerome/ws_moveit2/install/pilz_industrial_motion_planner/lib:/home/jerome/ws_moveit2/install/moveit_visual_tools/lib:/home/jerome/ws_moveit2/install/moveit_task_constructor_visualization/lib:/home/jerome/ws_moveit2/install/moveit_task_constructor_demo/lib:/home/jerome/ws_moveit2/install/moveit_task_constructor_capabilities/lib:/home/jerome/ws_moveit2/install/moveit_task_constructor_core/lib:/home/jerome/ws_moveit2/install/moveit_ros_control_interface/lib:/home/jerome/ws_moveit2/install/moveit_simple_controller_manager/lib:/home/jerome/ws_moveit2/install/moveit_setup_assistant/lib:/home/jerome/ws_moveit2/install/moveit_setup_srdf_plugins/lib:/home/jerome/ws_moveit2/install/moveit_setup_core_plugins/lib:/home/jerome/ws_moveit2/install/moveit_setup_controllers/lib:/home/jerome/ws_moveit2/install/moveit_setup_app_plugins/lib:/home/jerome/ws_moveit2/install/moveit_setup_framework/lib:/home/jerome/ws_moveit2/install/moveit_servo/lib:/home/jerome/ws_moveit2/install/moveit_ros_visualization/lib:/home/jerome/ws_moveit2/install/moveit_hybrid_planning/lib:/home/jerome/ws_moveit2/install/moveit_ros_planning_interface/lib:/home/jerome/ws_moveit2/install/moveit_ros_benchmarks/lib:/home/jerome/ws_moveit2/install/moveit_ros_warehouse/lib:/home/jerome/ws_moveit2/install/moveit_ros_robot_interaction/lib:/home/jerome/ws_moveit2/install/moveit_ros_perception/lib:/home/jerome/ws_moveit2/install/moveit_ros_move_group/lib:/home/jerome/ws_moveit2/install/moveit_planners_ompl/lib:/home/jerome/ws_moveit2/install/moveit_ros_planning/lib:/home/jerome/ws_moveit2/install/moveit_ros_occupancy_map_monitor/lib:/home/jerome/ws_moveit2/install/moveit_resources_prbt_ikfast_manipulator_plugin/lib:/home/jerome/ws_moveit2/install/moveit_planners_chomp/lib:/home/jerome/ws_moveit2/install/moveit_kinematics/lib:/home/jerome/ws_moveit2/install/moveit_chomp_optimizer_adapter/lib:/home/jerome/ws_moveit2/install/chomp_motion_planner/lib:/home/jerome/ws_moveit2/install/moveit_core/lib:/home/jerome/ws_moveit2/install/srdfdom/lib:/home/jerome/ws_moveit2/install/rviz_marker_tools/lib:/home/jerome/ws_moveit2/install/rosparam_shortcuts/lib:/home/jerome/ws_moveit2/install/moveit_task_constructor_msgs/lib:/opt/ros/humble/opt/rviz_ogre_vendor/lib:/opt/ros/humble/lib/x86_64-linux-gnu:/opt/ros/humble/lib:/usr/lib/x86_64-linux-gnu/gazebo-11/plugins /usr/bin/cmake --build /home/jerome/arm_new/build/ros2_linkattacher -- -j16 -l16
[2.380s] [ 50%] [32mBuilding CXX object CMakeFiles/gazebo_link_attacher.dir/src/gazebo_link_attacher.cpp.o[0m
[10.317s] [100%] [32m[1mLinking CXX shared library libgazebo_link_attacher.so[0m
[10.699s] [100%] Built target gazebo_link_attacher
[10.710s] Invoked command in '/home/jerome/arm_new/build/ros2_linkattacher' returned '0': CMAKE_PREFIX_PATH=/home/jerome/arm_new/install/linkattacher_msgs:/home/jerome/arm_new/install/pick_and_place:/home/jerome/arm_new/install/arm_urdf_moveit_config:/home/jerome/arm_new/install/arm_urdf:/home/jerome/ws_moveit2/install/pilz_industrial_motion_planner_testutils:/home/jerome/ws_moveit2/install/moveit_runtime:/home/jerome/ws_moveit2/install/moveit2_tutorials:/home/jerome/ws_moveit2/install/moveit:/home/jerome/ws_moveit2/install/moveit_planners:/home/jerome/ws_moveit2/install/pilz_industrial_motion_planner:/home/jerome/ws_moveit2/install/moveit_visual_tools:/home/jerome/ws_moveit2/install/moveit_task_constructor_visualization:/home/jerome/ws_moveit2/install/moveit_task_constructor_demo:/home/jerome/ws_moveit2/install/moveit_task_constructor_capabilities:/home/jerome/ws_moveit2/install/moveit_task_constructor_core:/home/jerome/ws_moveit2/install/moveit_ros_control_interface:/home/jerome/ws_moveit2/install/moveit_plugins:/home/jerome/ws_moveit2/install/moveit_simple_controller_manager:/home/jerome/ws_moveit2/install/moveit_setup_assistant:/home/jerome/ws_moveit2/install/moveit_setup_srdf_plugins:/home/jerome/ws_moveit2/install/moveit_setup_core_plugins:/home/jerome/ws_moveit2/install/moveit_setup_controllers:/home/jerome/ws_moveit2/install/moveit_setup_app_plugins:/home/jerome/ws_moveit2/install/moveit_setup_framework:/home/jerome/ws_moveit2/install/moveit_servo:/home/jerome/ws_moveit2/install/moveit_ros:/home/jerome/ws_moveit2/install/moveit_ros_visualization:/home/jerome/ws_moveit2/install/moveit_hybrid_planning:/home/jerome/ws_moveit2/install/moveit_ros_planning_interface:/home/jerome/ws_moveit2/install/moveit_ros_benchmarks:/home/jerome/ws_moveit2/install/moveit_ros_warehouse:/home/jerome/ws_moveit2/install/moveit_ros_robot_interaction:/home/jerome/ws_moveit2/install/moveit_ros_perception:/home/jerome/ws_moveit2/install/moveit_resources_prbt_pg70_support:/home/jerome/ws_moveit2/install/moveit_resources_prbt_moveit_config:/home/jerome/ws_moveit2/install/moveit_ros_move_group:/home/jerome/ws_moveit2/install/moveit_planners_ompl:/home/jerome/ws_moveit2/install/moveit_ros_planning:/home/jerome/ws_moveit2/install/moveit_ros_occupancy_map_monitor:/home/jerome/ws_moveit2/install/moveit_resources_prbt_ikfast_manipulator_plugin:/home/jerome/ws_moveit2/install/moveit_planners_chomp:/home/jerome/ws_moveit2/install/moveit_kinematics:/home/jerome/ws_moveit2/install/moveit_chomp_optimizer_adapter:/home/jerome/ws_moveit2/install/chomp_motion_planner:/home/jerome/ws_moveit2/install/moveit_core:/home/jerome/ws_moveit2/install/srdfdom:/home/jerome/ws_moveit2/install/rviz_marker_tools:/home/jerome/ws_moveit2/install/rosparam_shortcuts:/home/jerome/ws_moveit2/install/moveit_task_constructor_msgs:/home/jerome/ws_moveit2/install/moveit_resources_prbt_support:/home/jerome/ws_moveit2/install/moveit_resources:/home/jerome/ws_moveit2/install/moveit_resources_pr2_description:/home/jerome/ws_moveit2/install/moveit_resources_panda_moveit_config:/home/jerome/ws_moveit2/install/moveit_resources_panda_description:/home/jerome/ws_moveit2/install/moveit_resources_fanuc_moveit_config:/home/jerome/ws_moveit2/install/moveit_resources_fanuc_description:/home/jerome/ws_moveit2/install/moveit_common:/home/jerome/ws_moveit2/install/moveit_configs_utils:/home/jerome/ws_moveit2/install/launch_param_builder:/opt/ros/humble LD_LIBRARY_PATH=/home/jerome/arm_new/install/linkattacher_msgs/lib:/home/jerome/ws_moveit2/install/pilz_industrial_motion_planner_testutils/lib:/home/jerome/ws_moveit2/install/pilz_industrial_motion_planner/lib:/home/jerome/ws_moveit2/install/moveit_visual_tools/lib:/home/jerome/ws_moveit2/install/moveit_task_constructor_visualization/lib:/home/jerome/ws_moveit2/install/moveit_task_constructor_demo/lib:/home/jerome/ws_moveit2/install/moveit_task_constructor_capabilities/lib:/home/jerome/ws_moveit2/install/moveit_task_constructor_core/lib:/home/jerome/ws_moveit2/install/moveit_ros_control_interface/lib:/home/jerome/ws_moveit2/install/moveit_simple_controller_manager/lib:/home/jerome/ws_moveit2/install/moveit_setup_assistant/lib:/home/jerome/ws_moveit2/install/moveit_setup_srdf_plugins/lib:/home/jerome/ws_moveit2/install/moveit_setup_core_plugins/lib:/home/jerome/ws_moveit2/install/moveit_setup_controllers/lib:/home/jerome/ws_moveit2/install/moveit_setup_app_plugins/lib:/home/jerome/ws_moveit2/install/moveit_setup_framework/lib:/home/jerome/ws_moveit2/install/moveit_servo/lib:/home/jerome/ws_moveit2/install/moveit_ros_visualization/lib:/home/jerome/ws_moveit2/install/moveit_hybrid_planning/lib:/home/jerome/ws_moveit2/install/moveit_ros_planning_interface/lib:/home/jerome/ws_moveit2/install/moveit_ros_benchmarks/lib:/home/jerome/ws_moveit2/install/moveit_ros_warehouse/lib:/home/jerome/ws_moveit2/install/moveit_ros_robot_interaction/lib:/home/jerome/ws_moveit2/install/moveit_ros_perception/lib:/home/jerome/ws_moveit2/install/moveit_ros_move_group/lib:/home/jerome/ws_moveit2/install/moveit_planners_ompl/lib:/home/jerome/ws_moveit2/install/moveit_ros_planning/lib:/home/jerome/ws_moveit2/install/moveit_ros_occupancy_map_monitor/lib:/home/jerome/ws_moveit2/install/moveit_resources_prbt_ikfast_manipulator_plugin/lib:/home/jerome/ws_moveit2/install/moveit_planners_chomp/lib:/home/jerome/ws_moveit2/install/moveit_kinematics/lib:/home/jerome/ws_moveit2/install/moveit_chomp_optimizer_adapter/lib:/home/jerome/ws_moveit2/install/chomp_motion_planner/lib:/home/jerome/ws_moveit2/install/moveit_core/lib:/home/jerome/ws_moveit2/install/srdfdom/lib:/home/jerome/ws_moveit2/install/rviz_marker_tools/lib:/home/jerome/ws_moveit2/install/rosparam_shortcuts/lib:/home/jerome/ws_moveit2/install/moveit_task_constructor_msgs/lib:/opt/ros/humble/opt/rviz_ogre_vendor/lib:/opt/ros/humble/lib/x86_64-linux-gnu:/opt/ros/humble/lib:/usr/lib/x86_64-linux-gnu/gazebo-11/plugins /usr/bin/cmake --build /home/jerome/arm_new/build/ros2_linkattacher -- -j16 -l16
[10.712s] Invoking command in '/home/jerome/arm_new/build/ros2_linkattacher': CMAKE_PREFIX_PATH=/home/jerome/arm_new/install/linkattacher_msgs:/home/jerome/arm_new/install/pick_and_place:/home/jerome/arm_new/install/arm_urdf_moveit_config:/home/jerome/arm_new/install/arm_urdf:/home/jerome/ws_moveit2/install/pilz_industrial_motion_planner_testutils:/home/jerome/ws_moveit2/install/moveit_runtime:/home/jerome/ws_moveit2/install/moveit2_tutorials:/home/jerome/ws_moveit2/install/moveit:/home/jerome/ws_moveit2/install/moveit_planners:/home/jerome/ws_moveit2/install/pilz_industrial_motion_planner:/home/jerome/ws_moveit2/install/moveit_visual_tools:/home/jerome/ws_moveit2/install/moveit_task_constructor_visualization:/home/jerome/ws_moveit2/install/moveit_task_constructor_demo:/home/jerome/ws_moveit2/install/moveit_task_constructor_capabilities:/home/jerome/ws_moveit2/install/moveit_task_constructor_core:/home/jerome/ws_moveit2/install/moveit_ros_control_interface:/home/jerome/ws_moveit2/install/moveit_plugins:/home/jerome/ws_moveit2/install/moveit_simple_controller_manager:/home/jerome/ws_moveit2/install/moveit_setup_assistant:/home/jerome/ws_moveit2/install/moveit_setup_srdf_plugins:/home/jerome/ws_moveit2/install/moveit_setup_core_plugins:/home/jerome/ws_moveit2/install/moveit_setup_controllers:/home/jerome/ws_moveit2/install/moveit_setup_app_plugins:/home/jerome/ws_moveit2/install/moveit_setup_framework:/home/jerome/ws_moveit2/install/moveit_servo:/home/jerome/ws_moveit2/install/moveit_ros:/home/jerome/ws_moveit2/install/moveit_ros_visualization:/home/jerome/ws_moveit2/install/moveit_hybrid_planning:/home/jerome/ws_moveit2/install/moveit_ros_planning_interface:/home/jerome/ws_moveit2/install/moveit_ros_benchmarks:/home/jerome/ws_moveit2/install/moveit_ros_warehouse:/home/jerome/ws_moveit2/install/moveit_ros_robot_interaction:/home/jerome/ws_moveit2/install/moveit_ros_perception:/home/jerome/ws_moveit2/install/moveit_resources_prbt_pg70_support:/home/jerome/ws_moveit2/install/moveit_resources_prbt_moveit_config:/home/jerome/ws_moveit2/install/moveit_ros_move_group:/home/jerome/ws_moveit2/install/moveit_planners_ompl:/home/jerome/ws_moveit2/install/moveit_ros_planning:/home/jerome/ws_moveit2/install/moveit_ros_occupancy_map_monitor:/home/jerome/ws_moveit2/install/moveit_resources_prbt_ikfast_manipulator_plugin:/home/jerome/ws_moveit2/install/moveit_planners_chomp:/home/jerome/ws_moveit2/install/moveit_kinematics:/home/jerome/ws_moveit2/install/moveit_chomp_optimizer_adapter:/home/jerome/ws_moveit2/install/chomp_motion_planner:/home/jerome/ws_moveit2/install/moveit_core:/home/jerome/ws_moveit2/install/srdfdom:/home/jerome/ws_moveit2/install/rviz_marker_tools:/home/jerome/ws_moveit2/install/rosparam_shortcuts:/home/jerome/ws_moveit2/install/moveit_task_constructor_msgs:/home/jerome/ws_moveit2/install/moveit_resources_prbt_support:/home/jerome/ws_moveit2/install/moveit_resources:/home/jerome/ws_moveit2/install/moveit_resources_pr2_description:/home/jerome/ws_moveit2/install/moveit_resources_panda_moveit_config:/home/jerome/ws_moveit2/install/moveit_resources_panda_description:/home/jerome/ws_moveit2/install/moveit_resources_fanuc_moveit_config:/home/jerome/ws_moveit2/install/moveit_resources_fanuc_description:/home/jerome/ws_moveit2/install/moveit_common:/home/jerome/ws_moveit2/install/moveit_configs_utils:/home/jerome/ws_moveit2/install/launch_param_builder:/opt/ros/humble LD_LIBRARY_PATH=/home/jerome/arm_new/install/linkattacher_msgs/lib:/home/jerome/ws_moveit2/install/pilz_industrial_motion_planner_testutils/lib:/home/jerome/ws_moveit2/install/pilz_industrial_motion_planner/lib:/home/jerome/ws_moveit2/install/moveit_visual_tools/lib:/home/jerome/ws_moveit2/install/moveit_task_constructor_visualization/lib:/home/jerome/ws_moveit2/install/moveit_task_constructor_demo/lib:/home/jerome/ws_moveit2/install/moveit_task_constructor_capabilities/lib:/home/jerome/ws_moveit2/install/moveit_task_constructor_core/lib:/home/jerome/ws_moveit2/install/moveit_ros_control_interface/lib:/home/jerome/ws_moveit2/install/moveit_simple_controller_manager/lib:/home/jerome/ws_moveit2/install/moveit_setup_assistant/lib:/home/jerome/ws_moveit2/install/moveit_setup_srdf_plugins/lib:/home/jerome/ws_moveit2/install/moveit_setup_core_plugins/lib:/home/jerome/ws_moveit2/install/moveit_setup_controllers/lib:/home/jerome/ws_moveit2/install/moveit_setup_app_plugins/lib:/home/jerome/ws_moveit2/install/moveit_setup_framework/lib:/home/jerome/ws_moveit2/install/moveit_servo/lib:/home/jerome/ws_moveit2/install/moveit_ros_visualization/lib:/home/jerome/ws_moveit2/install/moveit_hybrid_planning/lib:/home/jerome/ws_moveit2/install/moveit_ros_planning_interface/lib:/home/jerome/ws_moveit2/install/moveit_ros_benchmarks/lib:/home/jerome/ws_moveit2/install/moveit_ros_warehouse/lib:/home/jerome/ws_moveit2/install/moveit_ros_robot_interaction/lib:/home/jerome/ws_moveit2/install/moveit_ros_perception/lib:/home/jerome/ws_moveit2/install/moveit_ros_move_group/lib:/home/jerome/ws_moveit2/install/moveit_planners_ompl/lib:/home/jerome/ws_moveit2/install/moveit_ros_planning/lib:/home/jerome/ws_moveit2/install/moveit_ros_occupancy_map_monitor/lib:/home/jerome/ws_moveit2/install/moveit_resources_prbt_ikfast_manipulator_plugin/lib:/home/jerome/ws_moveit2/install/moveit_planners_chomp/lib:/home/jerome/ws_moveit2/install/moveit_kinematics/lib:/home/jerome/ws_moveit2/install/moveit_chomp_optimizer_adapter/lib:/home/jerome/ws_moveit2/install/chomp_motion_planner/lib:/home/jerome/ws_moveit2/install/moveit_core/lib:/home/jerome/ws_moveit2/install/srdfdom/lib:/home/jerome/ws_moveit2/install/rviz_marker_tools/lib:/home/jerome/ws_moveit2/install/rosparam_shortcuts/lib:/home/jerome/ws_moveit2/install/moveit_task_constructor_msgs/lib:/opt/ros/humble/opt/rviz_ogre_vendor/lib:/opt/ros/humble/lib/x86_64-linux-gnu:/opt/ros/humble/lib:/usr/lib/x86_64-linux-gnu/gazebo-11/plugins /usr/bin/cmake --install /home/jerome/arm_new/build/ros2_linkattacher
[10.720s] -- Install configuration: ""
[10.720s] -- Installing: /home/jerome/arm_new/install/ros2_linkattacher/share/ros2_linkattacher/environment/library_path.sh
[10.720s] -- Installing: /home/jerome/arm_new/install/ros2_linkattacher/share/ros2_linkattacher/environment/library_path.dsv
[10.720s] -- Installing: /home/jerome/arm_new/install/ros2_linkattacher/lib/libgazebo_link_attacher.so
[10.722s] -- Set runtime path of "/home/jerome/arm_new/install/ros2_linkattacher/lib/libgazebo_link_attacher.so" to ""
[10.722s] -- Installing: /home/jerome/arm_new/install/ros2_linkattacher/share/ament_index/resource_index/package_run_dependencies/ros2_linkattacher
[10.722s] -- Installing: /home/jerome/arm_new/install/ros2_linkattacher/share/ament_index/resource_index/parent_prefix_path/ros2_linkattacher
[10.722s] -- Installing: /home/jerome/arm_new/install/ros2_linkattacher/share/ros2_linkattacher/environment/ament_prefix_path.sh
[10.722s] -- Installing: /home/jerome/arm_new/install/ros2_linkattacher/share/ros2_linkattacher/environment/ament_prefix_path.dsv
[10.722s] -- Installing: /home/jerome/arm_new/install/ros2_linkattacher/share/ros2_linkattacher/environment/path.sh
[10.723s] -- Installing: /home/jerome/arm_new/install/ros2_linkattacher/share/ros2_linkattacher/environment/path.dsv
[10.723s] -- Installing: /home/jerome/arm_new/install/ros2_linkattacher/share/ros2_linkattacher/local_setup.bash
[10.723s] -- Installing: /home/jerome/arm_new/install/ros2_linkattacher/share/ros2_linkattacher/local_setup.sh
[10.723s] -- Installing: /home/jerome/arm_new/install/ros2_linkattacher/share/ros2_linkattacher/local_setup.zsh
[10.723s] -- Installing: /home/jerome/arm_new/install/ros2_linkattacher/share/ros2_linkattacher/local_setup.dsv
[10.723s] -- Installing: /home/jerome/arm_new/install/ros2_linkattacher/share/ros2_linkattacher/package.dsv
[10.723s] -- Installing: /home/jerome/arm_new/install/ros2_linkattacher/share/ament_index/resource_index/packages/ros2_linkattacher
[10.723s] -- Installing: /home/jerome/arm_new/install/ros2_linkattacher/share/ros2_linkattacher/cmake/ament_cmake_export_libraries-extras.cmake
[10.723s] -- Installing: /home/jerome/arm_new/install/ros2_linkattacher/share/ros2_linkattacher/cmake/ros2_linkattacherConfig.cmake
[10.723s] -- Installing: /home/jerome/arm_new/install/ros2_linkattacher/share/ros2_linkattacher/cmake/ros2_linkattacherConfig-version.cmake
[10.723s] -- Installing: /home/jerome/arm_new/install/ros2_linkattacher/share/ros2_linkattacher/package.xml
[10.725s] Invoked command in '/home/jerome/arm_new/build/ros2_linkattacher' returned '0': CMAKE_PREFIX_PATH=/home/jerome/arm_new/install/linkattacher_msgs:/home/jerome/arm_new/install/pick_and_place:/home/jerome/arm_new/install/arm_urdf_moveit_config:/home/jerome/arm_new/install/arm_urdf:/home/jerome/ws_moveit2/install/pilz_industrial_motion_planner_testutils:/home/jerome/ws_moveit2/install/moveit_runtime:/home/jerome/ws_moveit2/install/moveit2_tutorials:/home/jerome/ws_moveit2/install/moveit:/home/jerome/ws_moveit2/install/moveit_planners:/home/jerome/ws_moveit2/install/pilz_industrial_motion_planner:/home/jerome/ws_moveit2/install/moveit_visual_tools:/home/jerome/ws_moveit2/install/moveit_task_constructor_visualization:/home/jerome/ws_moveit2/install/moveit_task_constructor_demo:/home/jerome/ws_moveit2/install/moveit_task_constructor_capabilities:/home/jerome/ws_moveit2/install/moveit_task_constructor_core:/home/jerome/ws_moveit2/install/moveit_ros_control_interface:/home/jerome/ws_moveit2/install/moveit_plugins:/home/jerome/ws_moveit2/install/moveit_simple_controller_manager:/home/jerome/ws_moveit2/install/moveit_setup_assistant:/home/jerome/ws_moveit2/install/moveit_setup_srdf_plugins:/home/jerome/ws_moveit2/install/moveit_setup_core_plugins:/home/jerome/ws_moveit2/install/moveit_setup_controllers:/home/jerome/ws_moveit2/install/moveit_setup_app_plugins:/home/jerome/ws_moveit2/install/moveit_setup_framework:/home/jerome/ws_moveit2/install/moveit_servo:/home/jerome/ws_moveit2/install/moveit_ros:/home/jerome/ws_moveit2/install/moveit_ros_visualization:/home/jerome/ws_moveit2/install/moveit_hybrid_planning:/home/jerome/ws_moveit2/install/moveit_ros_planning_interface:/home/jerome/ws_moveit2/install/moveit_ros_benchmarks:/home/jerome/ws_moveit2/install/moveit_ros_warehouse:/home/jerome/ws_moveit2/install/moveit_ros_robot_interaction:/home/jerome/ws_moveit2/install/moveit_ros_perception:/home/jerome/ws_moveit2/install/moveit_resources_prbt_pg70_support:/home/jerome/ws_moveit2/install/moveit_resources_prbt_moveit_config:/home/jerome/ws_moveit2/install/moveit_ros_move_group:/home/jerome/ws_moveit2/install/moveit_planners_ompl:/home/jerome/ws_moveit2/install/moveit_ros_planning:/home/jerome/ws_moveit2/install/moveit_ros_occupancy_map_monitor:/home/jerome/ws_moveit2/install/moveit_resources_prbt_ikfast_manipulator_plugin:/home/jerome/ws_moveit2/install/moveit_planners_chomp:/home/jerome/ws_moveit2/install/moveit_kinematics:/home/jerome/ws_moveit2/install/moveit_chomp_optimizer_adapter:/home/jerome/ws_moveit2/install/chomp_motion_planner:/home/jerome/ws_moveit2/install/moveit_core:/home/jerome/ws_moveit2/install/srdfdom:/home/jerome/ws_moveit2/install/rviz_marker_tools:/home/jerome/ws_moveit2/install/rosparam_shortcuts:/home/jerome/ws_moveit2/install/moveit_task_constructor_msgs:/home/jerome/ws_moveit2/install/moveit_resources_prbt_support:/home/jerome/ws_moveit2/install/moveit_resources:/home/jerome/ws_moveit2/install/moveit_resources_pr2_description:/home/jerome/ws_moveit2/install/moveit_resources_panda_moveit_config:/home/jerome/ws_moveit2/install/moveit_resources_panda_description:/home/jerome/ws_moveit2/install/moveit_resources_fanuc_moveit_config:/home/jerome/ws_moveit2/install/moveit_resources_fanuc_description:/home/jerome/ws_moveit2/install/moveit_common:/home/jerome/ws_moveit2/install/moveit_configs_utils:/home/jerome/ws_moveit2/install/launch_param_builder:/opt/ros/humble LD_LIBRARY_PATH=/home/jerome/arm_new/install/linkattacher_msgs/lib:/home/jerome/ws_moveit2/install/pilz_industrial_motion_planner_testutils/lib:/home/jerome/ws_moveit2/install/pilz_industrial_motion_planner/lib:/home/jerome/ws_moveit2/install/moveit_visual_tools/lib:/home/jerome/ws_moveit2/install/moveit_task_constructor_visualization/lib:/home/jerome/ws_moveit2/install/moveit_task_constructor_demo/lib:/home/jerome/ws_moveit2/install/moveit_task_constructor_capabilities/lib:/home/jerome/ws_moveit2/install/moveit_task_constructor_core/lib:/home/jerome/ws_moveit2/install/moveit_ros_control_interface/lib:/home/jerome/ws_moveit2/install/moveit_simple_controller_manager/lib:/home/jerome/ws_moveit2/install/moveit_setup_assistant/lib:/home/jerome/ws_moveit2/install/moveit_setup_srdf_plugins/lib:/home/jerome/ws_moveit2/install/moveit_setup_core_plugins/lib:/home/jerome/ws_moveit2/install/moveit_setup_controllers/lib:/home/jerome/ws_moveit2/install/moveit_setup_app_plugins/lib:/home/jerome/ws_moveit2/install/moveit_setup_framework/lib:/home/jerome/ws_moveit2/install/moveit_servo/lib:/home/jerome/ws_moveit2/install/moveit_ros_visualization/lib:/home/jerome/ws_moveit2/install/moveit_hybrid_planning/lib:/home/jerome/ws_moveit2/install/moveit_ros_planning_interface/lib:/home/jerome/ws_moveit2/install/moveit_ros_benchmarks/lib:/home/jerome/ws_moveit2/install/moveit_ros_warehouse/lib:/home/jerome/ws_moveit2/install/moveit_ros_robot_interaction/lib:/home/jerome/ws_moveit2/install/moveit_ros_perception/lib:/home/jerome/ws_moveit2/install/moveit_ros_move_group/lib:/home/jerome/ws_moveit2/install/moveit_planners_ompl/lib:/home/jerome/ws_moveit2/install/moveit_ros_planning/lib:/home/jerome/ws_moveit2/install/moveit_ros_occupancy_map_monitor/lib:/home/jerome/ws_moveit2/install/moveit_resources_prbt_ikfast_manipulator_plugin/lib:/home/jerome/ws_moveit2/install/moveit_planners_chomp/lib:/home/jerome/ws_moveit2/install/moveit_kinematics/lib:/home/jerome/ws_moveit2/install/moveit_chomp_optimizer_adapter/lib:/home/jerome/ws_moveit2/install/chomp_motion_planner/lib:/home/jerome/ws_moveit2/install/moveit_core/lib:/home/jerome/ws_moveit2/install/srdfdom/lib:/home/jerome/ws_moveit2/install/rviz_marker_tools/lib:/home/jerome/ws_moveit2/install/rosparam_shortcuts/lib:/home/jerome/ws_moveit2/install/moveit_task_constructor_msgs/lib:/opt/ros/humble/opt/rviz_ogre_vendor/lib:/opt/ros/humble/lib/x86_64-linux-gnu:/opt/ros/humble/lib:/usr/lib/x86_64-linux-gnu/gazebo-11/plugins /usr/bin/cmake --install /home/jerome/arm_new/build/ros2_linkattacher
