[35m[1mConsolidate compiler generated dependencies of target gripper_monitor[0m
[35m[1mConsolidate compiler generated dependencies of target mtc_tutorial[0m
[35m[1mConsolidate compiler generated dependencies of target pick_and_place[0m
[ 33%] Built target gripper_monitor
[ 66%] Built target mtc_tutorial
[100%] Built target pick_and_place
-- Install configuration: ""
-- Up-to-date: /home/jerome/arm_new/install/pick_and_place/lib/pick_and_place/mtc_tutorial
-- Up-to-date: /home/jerome/arm_new/install/pick_and_place/lib/pick_and_place/gripper_monitor
-- Up-to-date: /home/jerome/arm_new/install/pick_and_place/share/pick_and_place//launch
-- Up-to-date: /home/jerome/arm_new/install/pick_and_place/share/pick_and_place//launch/pick_new.launch.py
-- Up-to-date: /home/jerome/arm_new/install/pick_and_place/share/pick_and_place//launch/pick_and_place.launch.py
-- Up-to-date: /home/jerome/arm_new/install/pick_and_place/lib/pick_and_place/pick_and_place
-- Up-to-date: /home/jerome/arm_new/install/pick_and_place/share/ament_index/resource_index/package_run_dependencies/pick_and_place
-- Up-to-date: /home/jerome/arm_new/install/pick_and_place/share/ament_index/resource_index/parent_prefix_path/pick_and_place
-- Up-to-date: /home/jerome/arm_new/install/pick_and_place/share/pick_and_place/environment/ament_prefix_path.sh
-- Up-to-date: /home/jerome/arm_new/install/pick_and_place/share/pick_and_place/environment/ament_prefix_path.dsv
-- Up-to-date: /home/jerome/arm_new/install/pick_and_place/share/pick_and_place/environment/path.sh
-- Up-to-date: /home/jerome/arm_new/install/pick_and_place/share/pick_and_place/environment/path.dsv
-- Up-to-date: /home/jerome/arm_new/install/pick_and_place/share/pick_and_place/local_setup.bash
-- Up-to-date: /home/jerome/arm_new/install/pick_and_place/share/pick_and_place/local_setup.sh
-- Up-to-date: /home/jerome/arm_new/install/pick_and_place/share/pick_and_place/local_setup.zsh
-- Up-to-date: /home/jerome/arm_new/install/pick_and_place/share/pick_and_place/local_setup.dsv
-- Installing: /home/jerome/arm_new/install/pick_and_place/share/pick_and_place/package.dsv
-- Up-to-date: /home/jerome/arm_new/install/pick_and_place/share/ament_index/resource_index/packages/pick_and_place
-- Up-to-date: /home/jerome/arm_new/install/pick_and_place/share/pick_and_place/cmake/pick_and_placeConfig.cmake
-- Up-to-date: /home/jerome/arm_new/install/pick_and_place/share/pick_and_place/cmake/pick_and_placeConfig-version.cmake
-- Up-to-date: /home/jerome/arm_new/install/pick_and_place/share/pick_and_place/package.xml
