[0.011s] Invoking command in '/home/jerome/arm_new/build/arm_urdf': CMAKE_PREFIX_PATH=${CMAKE_PREFIX_PATH}:/home/jerome/ws_moveit2/install/moveit_configs_utils:/home/jerome/ws_moveit2/install/launch_param_builder:/opt/ros/humble /usr/bin/cmake /home/jerome/arm_new/src/arm_urdf -DCMAKE_INSTALL_PREFIX=/home/jerome/arm_new/install/arm_urdf
[0.192s] -- The C compiler identification is GNU 11.4.0
[0.307s] -- The CXX compiler identification is GNU 11.4.0
[0.315s] -- Detecting C compiler ABI info
[0.396s] -- Detecting C compiler ABI info - done
[0.401s] -- Check for working C compiler: /usr/bin/cc - skipped
[0.407s] -- Detecting C compile features
[0.408s] -- Detecting C compile features - done
[0.411s] -- Detecting CXX compiler ABI info
[0.496s] -- Detecting CXX compiler ABI info - done
[0.501s] -- Check for working CXX compiler: /usr/bin/c++ - skipped
[0.501s] -- Detecting CXX compile features
[0.501s] -- Detecting CXX compile features - done
[0.513s] -- Found ament_cmake: 1.3.11 (/opt/ros/humble/share/ament_cmake/cmake)
[0.658s] -- Found Python3: /usr/bin/python3 (found version "3.10.12") found components: Interpreter 
[0.774s] -- Found gazebo_ros: 3.9.0 (/opt/ros/humble/share/gazebo_ros/cmake)
[0.840s] -- Found rosidl_generator_c: 3.1.6 (/opt/ros/humble/share/rosidl_generator_c/cmake)
[0.849s] -- Found rosidl_adapter: 3.1.6 (/opt/ros/humble/share/rosidl_adapter/cmake)
[0.860s] -- Found rosidl_generator_cpp: 3.1.6 (/opt/ros/humble/share/rosidl_generator_cpp/cmake)
[0.876s] -- Using all available rosidl_typesupport_c: rosidl_typesupport_fastrtps_c;rosidl_typesupport_introspection_c
[0.897s] -- Using all available rosidl_typesupport_cpp: rosidl_typesupport_fastrtps_cpp;rosidl_typesupport_introspection_cpp
[0.960s] -- Found rmw_implementation_cmake: 6.1.2 (/opt/ros/humble/share/rmw_implementation_cmake/cmake)
[0.967s] -- Found rmw_cyclonedds_cpp: 1.3.4 (/opt/ros/humble/share/rmw_cyclonedds_cpp/cmake)
[1.003s] -- Using RMW implementation 'rmw_cyclonedds_cpp' as default
[1.016s] -- Looking for pthread.h
[1.092s] -- Looking for pthread.h - found
[1.092s] -- Performing Test CMAKE_HAVE_LIBC_PTHREAD
[1.156s] -- Performing Test CMAKE_HAVE_LIBC_PTHREAD - Success
[1.157s] -- Found Threads: TRUE  
[1.215s] -- Found PkgConfig: /usr/bin/pkg-config (found version "0.29.2") 
[1.216s] -- Checking for module 'bullet>=2.82'
[1.233s] --   Found bullet, version 3.05
[1.361s] -- Found fcl: /usr/include (found suitable version "0.7.0", minimum required is "0.5.0") 
[1.427s] -- Found assimp: /usr/include (found version "5.2.0") 
[1.451s] -- Found DART: /usr/include (Required is at least version "6.6") found components: dart 
[1.483s] -- Found Boost: /usr/lib/x86_64-linux-gnu/cmake/Boost-1.74.0/BoostConfig.cmake (found suitable version "1.74.0", minimum required is "1.40.0") found components: thread system filesystem program_options regex iostreams date_time 
[1.506s] -- Found Protobuf: /usr/lib/x86_64-linux-gnu/libprotobuf.so (found version "3.12.4") 
[1.514s] -- Looking for ignition-math6 -- found version 6.15.1
[1.526s] -- Searching for dependencies of ignition-math6
[1.528s] -- Looking for OGRE...
[1.528s] -- OGRE_PREFIX_WATCH changed.
[1.534s] -- Checking for module 'OGRE'
[1.557s] --   Found OGRE, version 1.9.0
[1.610s] -- Found Ogre Ghadamon (1.9.0)
[1.621s] -- Found OGRE: optimized;/usr/lib/x86_64-linux-gnu/libOgreMain.so;debug;/usr/lib/x86_64-linux-gnu/libOgreMain.so
[1.629s] -- Looking for OGRE_Paging...
[1.635s] -- Found OGRE_Paging: optimized;/usr/lib/x86_64-linux-gnu/libOgrePaging.so;debug;/usr/lib/x86_64-linux-gnu/libOgrePaging.so
[1.635s] -- Looking for OGRE_Terrain...
[1.641s] -- Found OGRE_Terrain: optimized;/usr/lib/x86_64-linux-gnu/libOgreTerrain.so;debug;/usr/lib/x86_64-linux-gnu/libOgreTerrain.so
[1.641s] -- Looking for OGRE_Property...
[1.647s] -- Found OGRE_Property: optimized;/usr/lib/x86_64-linux-gnu/libOgreProperty.so;debug;/usr/lib/x86_64-linux-gnu/libOgreProperty.so
[1.647s] -- Looking for OGRE_RTShaderSystem...
[1.653s] -- Found OGRE_RTShaderSystem: optimized;/usr/lib/x86_64-linux-gnu/libOgreRTShaderSystem.so;debug;/usr/lib/x86_64-linux-gnu/libOgreRTShaderSystem.so
[1.653s] -- Looking for OGRE_Volume...
[1.659s] -- Found OGRE_Volume: optimized;/usr/lib/x86_64-linux-gnu/libOgreVolume.so;debug;/usr/lib/x86_64-linux-gnu/libOgreVolume.so
[1.659s] -- Looking for OGRE_Overlay...
[1.665s] -- Found OGRE_Overlay: optimized;/usr/lib/x86_64-linux-gnu/libOgreOverlay.so;debug;/usr/lib/x86_64-linux-gnu/libOgreOverlay.so
[1.805s] -- Looking for ignition-math6 -- found version 6.15.1
[1.808s] -- Looking for ignition-transport8 -- found version 8.2.1
[1.809s] -- Searching for dependencies of ignition-transport8
[1.824s] -- Found Protobuf: /usr/lib/x86_64-linux-gnu/libprotobuf.so (found suitable version "3.12.4", minimum required is "3") 
[1.834s] -- Config-file not installed for ZeroMQ -- checking for pkg-config
[1.838s] -- Checking for module 'libzmq >= 4'
[1.857s] --   Found libzmq , version 4.3.4
[1.918s] -- Found ZeroMQ: TRUE (Required is at least version "4") 
[1.928s] -- Checking for module 'uuid'
[1.944s] --   Found uuid, version 2.37.2
[1.980s] -- Found UUID: TRUE  
[1.985s] -- Looking for ignition-msgs5 -- found version 5.8.1
[1.986s] -- Searching for dependencies of ignition-msgs5
[2.000s] -- Looking for ignition-math6 -- found version 6.15.1
[2.006s] -- Checking for module 'tinyxml2'
[2.022s] --   Found tinyxml2, version 9.0.0
[2.066s] -- Looking for ignition-msgs5 -- found version 5.8.1
[2.071s] -- Looking for ignition-common3 -- found version 3.14.0
[2.072s] -- Searching for dependencies of ignition-common3
[2.073s] -- Looking for dlfcn.h - found
[2.074s] -- Looking for libdl - found
[2.075s] -- Found DL: TRUE  
[2.088s] -- Found tinyobjloader: /usr/lib/x86_64-linux-gnu/cmake/tinyobjloader/tinyobjloader-config.cmake (found version "2.0.0") 
[2.088s] -- Searching for <ignition-common3> component [graphics]
[2.092s] -- Looking for ignition-common3-graphics -- found version 3.14.0
[2.092s] -- Searching for dependencies of ignition-common3-graphics
[2.093s] -- Looking for ignition-math6 -- found version 6.15.1
[2.097s] -- Looking for ignition-fuel_tools4 -- found version 4.4.0
[2.098s] -- Searching for dependencies of ignition-fuel_tools4
[2.177s] -- Found CURL: /usr/lib/x86_64-linux-gnu/libcurl.so (found version "7.81.0")  
[2.196s] -- Checking for module 'jsoncpp'
[2.214s] --   Found jsoncpp, version 1.9.5
[2.255s] -- Found JSONCPP: TRUE  
[2.262s] -- Checking for module 'libzip'
[2.278s] --   Found libzip, version 1.7.3
[2.314s] -- Found ZIP: TRUE  
[2.315s] -- Looking for ignition-common3 -- found version 3.14.0
[2.315s] -- Looking for ignition-math6 -- found version 6.15.1
[2.315s] -- Looking for ignition-msgs5 -- found version 5.8.1
[2.320s] -- Gazebo version: 11.10
[2.320s] -- Checking for module 'tbb'
[2.336s] --   Found tbb, version 2021.5.0
[2.374s] -- Found urdf: 2.6.1 (/opt/ros/humble/share/urdf/cmake)
[2.417s] -- Found ament_lint_auto: 0.12.12 (/opt/ros/humble/share/ament_lint_auto/cmake)
[2.463s] -- Configuring done
[2.466s] -- Generating done
[2.468s] -- Build files have been written to: /home/jerome/arm_new/build/arm_urdf
[2.476s] Invoked command in '/home/jerome/arm_new/build/arm_urdf' returned '0': CMAKE_PREFIX_PATH=${CMAKE_PREFIX_PATH}:/home/jerome/ws_moveit2/install/moveit_configs_utils:/home/jerome/ws_moveit2/install/launch_param_builder:/opt/ros/humble /usr/bin/cmake /home/jerome/arm_new/src/arm_urdf -DCMAKE_INSTALL_PREFIX=/home/jerome/arm_new/install/arm_urdf
[2.477s] Invoking command in '/home/jerome/arm_new/build/arm_urdf': CMAKE_PREFIX_PATH=${CMAKE_PREFIX_PATH}:/home/jerome/ws_moveit2/install/moveit_configs_utils:/home/jerome/ws_moveit2/install/launch_param_builder:/opt/ros/humble /usr/bin/cmake --build /home/jerome/arm_new/build/arm_urdf -- -j16 -l16
[2.516s] Invoked command in '/home/jerome/arm_new/build/arm_urdf' returned '0': CMAKE_PREFIX_PATH=${CMAKE_PREFIX_PATH}:/home/jerome/ws_moveit2/install/moveit_configs_utils:/home/jerome/ws_moveit2/install/launch_param_builder:/opt/ros/humble /usr/bin/cmake --build /home/jerome/arm_new/build/arm_urdf -- -j16 -l16
[2.523s] Invoking command in '/home/jerome/arm_new/build/arm_urdf': CMAKE_PREFIX_PATH=${CMAKE_PREFIX_PATH}:/home/jerome/ws_moveit2/install/moveit_configs_utils:/home/jerome/ws_moveit2/install/launch_param_builder:/opt/ros/humble /usr/bin/cmake --install /home/jerome/arm_new/build/arm_urdf
[2.530s] -- Install configuration: ""
[2.531s] -- Installing: /home/jerome/arm_new/install/arm_urdf/share/arm_urdf//launch
[2.531s] -- Installing: /home/jerome/arm_new/install/arm_urdf/share/arm_urdf//launch/pnp_rviz.launch.py
[2.531s] -- Installing: /home/jerome/arm_new/install/arm_urdf/share/arm_urdf//launch/spawner.launch.py
[2.531s] -- Installing: /home/jerome/arm_new/install/arm_urdf/share/arm_urdf//launch/pick_and_place.launch.py
[2.531s] -- Installing: /home/jerome/arm_new/install/arm_urdf/share/arm_urdf//meshes
[2.531s] -- Installing: /home/jerome/arm_new/install/arm_urdf/share/arm_urdf//meshes/AX_12A_01.stl
[2.532s] -- Installing: /home/jerome/arm_new/install/arm_urdf/share/arm_urdf//meshes/link4.stl
[2.532s] -- Installing: /home/jerome/arm_new/install/arm_urdf/share/arm_urdf//meshes/Soft_finger_2.stl
[2.532s] -- Installing: /home/jerome/arm_new/install/arm_urdf/share/arm_urdf//meshes/AX_12A_03.stl
[2.533s] -- Installing: /home/jerome/arm_new/install/arm_urdf/share/arm_urdf//meshes/link5.stl
[2.533s] -- Installing: /home/jerome/arm_new/install/arm_urdf/share/arm_urdf//meshes/base_link.stl
[2.533s] -- Installing: /home/jerome/arm_new/install/arm_urdf/share/arm_urdf//meshes/link1.stl
[2.534s] -- Installing: /home/jerome/arm_new/install/arm_urdf/share/arm_urdf//meshes/link2.stl
[2.534s] -- Installing: /home/jerome/arm_new/install/arm_urdf/share/arm_urdf//meshes/Gear_Flange_Driven.stl
[2.534s] -- Installing: /home/jerome/arm_new/install/arm_urdf/share/arm_urdf//meshes/Soft_finger_1.stl
[2.535s] -- Installing: /home/jerome/arm_new/install/arm_urdf/share/arm_urdf//meshes/link6.stl
[2.536s] -- Installing: /home/jerome/arm_new/install/arm_urdf/share/arm_urdf//meshes/Gear_Flange_Motor.stl
[2.537s] -- Installing: /home/jerome/arm_new/install/arm_urdf/share/arm_urdf//meshes/link3.stl
[2.537s] -- Installing: /home/jerome/arm_new/install/arm_urdf/share/arm_urdf//meshes/AX_12A_04.stl
[2.538s] -- Installing: /home/jerome/arm_new/install/arm_urdf/share/arm_urdf//meshes/AX_12A_02.stl
[2.539s] -- Installing: /home/jerome/arm_new/install/arm_urdf/share/arm_urdf//urdf
[2.539s] -- Installing: /home/jerome/arm_new/install/arm_urdf/share/arm_urdf//urdf/(Unsaved).urdf
[2.539s] -- Installing: /home/jerome/arm_new/install/arm_urdf/share/arm_urdf//urdf/gen3_lite_gen3_lite_2f.xacro
[2.539s] -- Installing: /home/jerome/arm_new/install/arm_urdf/share/arm_urdf//urdf/robot_model_6_dof.xacro
[2.540s] -- Installing: /home/jerome/arm_new/install/arm_urdf/share/arm_urdf//urdf/arm_urdf.xacro
[2.540s] -- Installing: /home/jerome/arm_new/install/arm_urdf/share/arm_urdf//urdf/arm_urdf.urdf
[2.540s] -- Installing: /home/jerome/arm_new/install/arm_urdf/share/ament_index/resource_index/package_run_dependencies/arm_urdf
[2.540s] -- Installing: /home/jerome/arm_new/install/arm_urdf/share/ament_index/resource_index/parent_prefix_path/arm_urdf
[2.540s] -- Installing: /home/jerome/arm_new/install/arm_urdf/share/arm_urdf/environment/ament_prefix_path.sh
[2.541s] -- Installing: /home/jerome/arm_new/install/arm_urdf/share/arm_urdf/environment/ament_prefix_path.dsv
[2.541s] -- Installing: /home/jerome/arm_new/install/arm_urdf/share/arm_urdf/environment/path.sh
[2.541s] -- Installing: /home/jerome/arm_new/install/arm_urdf/share/arm_urdf/environment/path.dsv
[2.541s] -- Installing: /home/jerome/arm_new/install/arm_urdf/share/arm_urdf/local_setup.bash
[2.541s] -- Installing: /home/jerome/arm_new/install/arm_urdf/share/arm_urdf/local_setup.sh
[2.541s] -- Installing: /home/jerome/arm_new/install/arm_urdf/share/arm_urdf/local_setup.zsh
[2.541s] -- Installing: /home/jerome/arm_new/install/arm_urdf/share/arm_urdf/local_setup.dsv
[2.541s] -- Installing: /home/jerome/arm_new/install/arm_urdf/share/arm_urdf/package.dsv
[2.541s] -- Installing: /home/jerome/arm_new/install/arm_urdf/share/ament_index/resource_index/packages/arm_urdf
[2.541s] -- Installing: /home/jerome/arm_new/install/arm_urdf/share/arm_urdf/cmake/arm_urdfConfig.cmake
[2.541s] -- Installing: /home/jerome/arm_new/install/arm_urdf/share/arm_urdf/cmake/arm_urdfConfig-version.cmake
[2.541s] -- Installing: /home/jerome/arm_new/install/arm_urdf/share/arm_urdf/package.xml
[2.543s] Invoked command in '/home/jerome/arm_new/build/arm_urdf' returned '0': CMAKE_PREFIX_PATH=${CMAKE_PREFIX_PATH}:/home/jerome/ws_moveit2/install/moveit_configs_utils:/home/jerome/ws_moveit2/install/launch_param_builder:/opt/ros/humble /usr/bin/cmake --install /home/jerome/arm_new/build/arm_urdf
