[0.012s] Invoking command in '/home/jerome/arm_new/build/pick_and_place': CMAKE_PREFIX_PATH=${CMAKE_PREFIX_PATH}:/home/jerome/ws_moveit2/install/moveit_configs_utils:/home/jerome/ws_moveit2/install/launch_param_builder:/opt/ros/humble /usr/bin/cmake --build /home/jerome/arm_new/build/pick_and_place -- -j16 -l16
[0.043s] -- Found ament_cmake: 1.3.11 (/opt/ros/humble/share/ament_cmake/cmake)
[0.162s] -- Found moveit_ros_planning_interface: 2.5.9 (/home/jerome/ws_moveit2/install/moveit_ros_planning_interface/share/moveit_ros_planning_interface/cmake)
[0.180s] -- Found Boost: /usr/lib/x86_64-linux-gnu/cmake/Boost-1.74.0/BoostConfig.cmake (found version "1.74.0") found components: date_time filesystem program_options system thread 
[0.220s] -- Found rosidl_generator_c: 3.1.6 (/opt/ros/humble/share/rosidl_generator_c/cmake)
[0.223s] -- Found rosidl_adapter: 3.1.6 (/opt/ros/humble/share/rosidl_adapter/cmake)
[0.229s] -- Found rosidl_generator_cpp: 3.1.6 (/opt/ros/humble/share/rosidl_generator_cpp/cmake)
[0.243s] -- Using all available rosidl_typesupport_c: rosidl_typesupport_fastrtps_c;rosidl_typesupport_introspection_c
[0.259s] -- Using all available rosidl_typesupport_cpp: rosidl_typesupport_fastrtps_cpp;rosidl_typesupport_introspection_cpp
[0.297s] [31mCMake Error at /home/jerome/ws_moveit2/install/moveit_ros_planning_interface/share/moveit_ros_planning_interface/cmake/ament_cmake_export_dependencies-extras.cmake:21 (find_package):
[0.297s]   By not providing "Findmoveit_msgs.cmake" in CMAKE_MODULE_PATH this project
[0.297s]   has asked CMake to find a package configuration file provided by
[0.297s]   "moveit_msgs", but CMake did not find one.
[0.297s] 
[0.297s]   Could not find a package configuration file provided by "moveit_msgs" with
[0.297s]   any of the following names:
[0.297s] 
[0.297s]     moveit_msgsConfig.cmake
[0.297s]     moveit_msgs-config.cmake
[0.297s] 
[0.297s]   Add the installation prefix of "moveit_msgs" to CMAKE_PREFIX_PATH or set
[0.297s]   "moveit_msgs_DIR" to a directory containing one of the above files.  If
[0.297s]   "moveit_msgs" provides a separate development package or SDK, be sure it
[0.297s]   has been installed.
[0.297s] Call Stack (most recent call first):
[0.297s]   /home/jerome/ws_moveit2/install/moveit_ros_planning_interface/share/moveit_ros_planning_interface/cmake/moveit_ros_planning_interfaceConfig.cmake:41 (include)
[0.297s]   CMakeLists.txt:12 (find_package)
[0.297s] 
[0.297s] [0m
[0.297s] -- Configuring incomplete, errors occurred!
[0.297s] See also "/home/jerome/arm_new/build/pick_and_place/CMakeFiles/CMakeOutput.log".
[0.300s] gmake: *** [Makefile:308: cmake_check_build_system] Error 1
[0.301s] Invoked command in '/home/jerome/arm_new/build/pick_and_place' returned '2': CMAKE_PREFIX_PATH=${CMAKE_PREFIX_PATH}:/home/jerome/ws_moveit2/install/moveit_configs_utils:/home/jerome/ws_moveit2/install/launch_param_builder:/opt/ros/humble /usr/bin/cmake --build /home/jerome/arm_new/build/pick_and_place -- -j16 -l16
