-- Found ament_cmake: 1.3.12 (/opt/ros/humble/share/ament_cmake/cmake)
-- Override CMake install command with custom implementation using symlinks instead of copying resources
-- Found moveit_ros_planning_interface: 2.5.9 (/home/jerome/ws_moveit2/install/moveit_ros_planning_interface/share/moveit_ros_planning_interface/cmake)
-- Found Boost: /usr/lib/x86_64-linux-gnu/cmake/Boost-1.74.0/BoostConfig.cmake (found version "1.74.0") found components: date_time filesystem program_options system thread 
-- Found rosidl_generator_c: 3.1.7 (/opt/ros/humble/share/rosidl_generator_c/cmake)
-- Found rosidl_adapter: 3.1.7 (/opt/ros/humble/share/rosidl_adapter/cmake)
-- Found rosidl_generator_cpp: 3.1.7 (/opt/ros/humble/share/rosidl_generator_cpp/cmake)
-- Using all available rosidl_typesupport_c: rosidl_typesupport_fastrtps_c;rosidl_typesupport_introspection_c
-- Using all available rosidl_typesupport_cpp: rosidl_typesupport_fastrtps_cpp;rosidl_typesupport_introspection_cpp
-- Found Boost: /usr/lib/x86_64-linux-gnu/cmake/Boost-1.74.0/BoostConfig.cmake (found version "1.74.0") found components: chrono date_time filesystem iostreams program_options regex serialization system thread 
-- Found parameter_traits: 0.5.0 (/opt/ros/humble/share/parameter_traits/cmake)
-- Found rmw_implementation_cmake: 6.1.2 (/opt/ros/humble/share/rmw_implementation_cmake/cmake)
-- Found rmw_cyclonedds_cpp: 1.3.4 (/opt/ros/humble/share/rmw_cyclonedds_cpp/cmake)
-- Using RMW implementation 'rmw_cyclonedds_cpp' as default
-- Found rclcpp_lifecycle: 16.0.14 (/opt/ros/humble/share/rclcpp_lifecycle/cmake)
-- Found Boost: /usr/lib/x86_64-linux-gnu/cmake/Boost-1.74.0/BoostConfig.cmake (found version "1.74.0") found components: filesystem 
-- library: /usr/lib/x86_64-linux-gnu/libcurl.so
-- Ensuring Eigen3 include directory is part of orocos-kdl CMake target
-- Found Boost: /usr/lib/x86_64-linux-gnu/cmake/Boost-1.74.0/BoostConfig.cmake (found version "1.74.0") found components: system filesystem date_time program_options thread chrono 
-- Found Boost: /usr/lib/x86_64-linux-gnu/cmake/Boost-1.74.0/BoostConfig.cmake (found version "1.74.0") found components: thread system filesystem regex date_time program_options 
-- Found Boost: /usr/lib/x86_64-linux-gnu/cmake/Boost-1.74.0/BoostConfig.cmake (found version "1.74.0") found components: system filesystem date_time program_options thread 
-- Found moveit_task_constructor_core: 0.1.3 (/home/jerome/ws_moveit2/install/moveit_task_constructor_core/share/moveit_task_constructor_core/cmake)
-- Found ament_lint_auto: 0.12.14 (/opt/ros/humble/share/ament_lint_auto/cmake)
-- Added test 'cppcheck' to perform static code analysis on C / C++ code
-- Configured cppcheck include dirs: $<BUILD_INTERFACE:/home/jerome/arm_new/src/pick_and_place/include>
-- Configured cppcheck exclude dirs and/or files: 
-- Added test 'flake8' to check Python code syntax and style conventions
-- Added test 'lint_cmake' to check CMake code style
-- Added test 'pep257' to check Python code against some of the docstring style conventions in PEP 257
-- Added test 'uncrustify' to check C / C++ code style
-- Configured uncrustify additional arguments: 
-- Added test 'xmllint' to check XML markup files
-- Configuring done
-- Generating done
-- Build files have been written to: /home/jerome/arm_new/build/pick_and_place
[35m[1mConsolidate compiler generated dependencies of target pick_and_place[0m
[35m[1mConsolidate compiler generated dependencies of target mtc_tutorial[0m
[ 25%] [32mBuilding CXX object CMakeFiles/mtc_tutorial.dir/src/mtc.cpp.o[0m
[ 50%] [32mBuilding CXX object CMakeFiles/pick_and_place.dir/src/pick_and_place.cpp.o[0m
[ 75%] [32m[1mLinking CXX executable mtc_tutorial[0m
[ 75%] Built target mtc_tutorial
[100%] [32m[1mLinking CXX executable pick_and_place[0m
[100%] Built target pick_and_place
-- Install configuration: ""
-- Execute custom install script
-- Up-to-date symlink: /home/jerome/arm_new/install/pick_and_place/lib/pick_and_place/mtc_tutorial
-- Up-to-date symlink: /home/jerome/arm_new/install/pick_and_place/share/pick_and_place//launch/pick_and_place.launch.py
-- Up-to-date symlink: /home/jerome/arm_new/install/pick_and_place/share/pick_and_place//launch/pick_new.launch.py
-- Up-to-date symlink: /home/jerome/arm_new/install/pick_and_place/lib/pick_and_place/pick_and_place
-- Up-to-date symlink: /home/jerome/arm_new/install/pick_and_place/share/ament_index/resource_index/package_run_dependencies/pick_and_place
-- Up-to-date symlink: /home/jerome/arm_new/install/pick_and_place/share/ament_index/resource_index/parent_prefix_path/pick_and_place
-- Up-to-date symlink: /home/jerome/arm_new/install/pick_and_place/share/pick_and_place/environment/ament_prefix_path.sh
-- Up-to-date symlink: /home/jerome/arm_new/install/pick_and_place/share/pick_and_place/environment/ament_prefix_path.dsv
-- Up-to-date symlink: /home/jerome/arm_new/install/pick_and_place/share/pick_and_place/environment/path.sh
-- Up-to-date symlink: /home/jerome/arm_new/install/pick_and_place/share/pick_and_place/environment/path.dsv
-- Up-to-date symlink: /home/jerome/arm_new/install/pick_and_place/share/pick_and_place/local_setup.bash
-- Up-to-date symlink: /home/jerome/arm_new/install/pick_and_place/share/pick_and_place/local_setup.sh
-- Up-to-date symlink: /home/jerome/arm_new/install/pick_and_place/share/pick_and_place/local_setup.zsh
-- Up-to-date symlink: /home/jerome/arm_new/install/pick_and_place/share/pick_and_place/local_setup.dsv
-- Symlinking: /home/jerome/arm_new/install/pick_and_place/share/pick_and_place/package.dsv
-- Up-to-date symlink: /home/jerome/arm_new/install/pick_and_place/share/ament_index/resource_index/packages/pick_and_place
-- Up-to-date symlink: /home/jerome/arm_new/install/pick_and_place/share/pick_and_place/cmake/pick_and_placeConfig.cmake
-- Up-to-date symlink: /home/jerome/arm_new/install/pick_and_place/share/pick_and_place/cmake/pick_and_placeConfig-version.cmake
-- Up-to-date symlink: /home/jerome/arm_new/install/pick_and_place/share/pick_and_place/package.xml
