[0.009s] Invoking command in '/home/jerome/arm_new/build/pick_and_place': CMAKE_PREFIX_PATH=${CMAKE_PREFIX_PATH}:/home/jerome/ws_moveit2/install/moveit_configs_utils:/home/jerome/ws_moveit2/install/launch_param_builder:/opt/ros/humble /usr/bin/cmake --build /home/jerome/arm_new/build/pick_and_place -- -j16 -l16
[0.055s] [35m[1mConsolidate compiler generated dependencies of target pick_and_place[0m
[0.056s] [35m[1mConsolidate compiler generated dependencies of target mtc_tutorial[0m
[0.074s] [ 50%] Built target pick_and_place
[0.076s] [100%] Built target mtc_tutorial
[0.085s] Invoked command in '/home/jerome/arm_new/build/pick_and_place' returned '0': CMAKE_PREFIX_PATH=${CMAKE_PREFIX_PATH}:/home/jerome/ws_moveit2/install/moveit_configs_utils:/home/jerome/ws_moveit2/install/launch_param_builder:/opt/ros/humble /usr/bin/cmake --build /home/jerome/arm_new/build/pick_and_place -- -j16 -l16
[0.086s] Invoking command in '/home/jerome/arm_new/build/pick_and_place': CMAKE_PREFIX_PATH=${CMAKE_PREFIX_PATH}:/home/jerome/ws_moveit2/install/moveit_configs_utils:/home/jerome/ws_moveit2/install/launch_param_builder:/opt/ros/humble /usr/bin/cmake --install /home/jerome/arm_new/build/pick_and_place
[0.092s] -- Install configuration: ""
[0.092s] -- Execute custom install script
[0.092s] -- Up-to-date symlink: /home/jerome/arm_new/install/pick_and_place/lib/pick_and_place/mtc_tutorial
[0.092s] -- Up-to-date symlink: /home/jerome/arm_new/install/pick_and_place/share/pick_and_place//launch/pick_and_place.launch.py
[0.092s] -- Up-to-date symlink: /home/jerome/arm_new/install/pick_and_place/share/pick_and_place//launch/pick_new.launch.py
[0.093s] -- Up-to-date symlink: /home/jerome/arm_new/install/pick_and_place/lib/pick_and_place/pick_and_place
[0.093s] -- Up-to-date symlink: /home/jerome/arm_new/install/pick_and_place/share/ament_index/resource_index/package_run_dependencies/pick_and_place
[0.093s] -- Up-to-date symlink: /home/jerome/arm_new/install/pick_and_place/share/ament_index/resource_index/parent_prefix_path/pick_and_place
[0.093s] -- Up-to-date symlink: /home/jerome/arm_new/install/pick_and_place/share/pick_and_place/environment/ament_prefix_path.sh
[0.093s] -- Up-to-date symlink: /home/jerome/arm_new/install/pick_and_place/share/pick_and_place/environment/ament_prefix_path.dsv
[0.093s] -- Up-to-date symlink: /home/jerome/arm_new/install/pick_and_place/share/pick_and_place/environment/path.sh
[0.093s] -- Up-to-date symlink: /home/jerome/arm_new/install/pick_and_place/share/pick_and_place/environment/path.dsv
[0.093s] -- Up-to-date symlink: /home/jerome/arm_new/install/pick_and_place/share/pick_and_place/local_setup.bash
[0.093s] -- Up-to-date symlink: /home/jerome/arm_new/install/pick_and_place/share/pick_and_place/local_setup.sh
[0.094s] -- Up-to-date symlink: /home/jerome/arm_new/install/pick_and_place/share/pick_and_place/local_setup.zsh
[0.094s] -- Up-to-date symlink: /home/jerome/arm_new/install/pick_and_place/share/pick_and_place/local_setup.dsv
[0.094s] -- Symlinking: /home/jerome/arm_new/install/pick_and_place/share/pick_and_place/package.dsv
[0.101s] -- Up-to-date symlink: /home/jerome/arm_new/install/pick_and_place/share/ament_index/resource_index/packages/pick_and_place
[0.101s] -- Up-to-date symlink: /home/jerome/arm_new/install/pick_and_place/share/pick_and_place/cmake/pick_and_placeConfig.cmake
[0.101s] -- Up-to-date symlink: /home/jerome/arm_new/install/pick_and_place/share/pick_and_place/cmake/pick_and_placeConfig-version.cmake
[0.101s] -- Up-to-date symlink: /home/jerome/arm_new/install/pick_and_place/share/pick_and_place/package.xml
[0.105s] Invoked command in '/home/jerome/arm_new/build/pick_and_place' returned '0': CMAKE_PREFIX_PATH=${CMAKE_PREFIX_PATH}:/home/jerome/ws_moveit2/install/moveit_configs_utils:/home/jerome/ws_moveit2/install/launch_param_builder:/opt/ros/humble /usr/bin/cmake --install /home/jerome/arm_new/build/pick_and_place
