[0.076s] DEBUG:colcon:Command line arguments: ['/usr/bin/colcon', 'build']
[0.076s] DEBUG:colcon:Parsed command line arguments: Namespace(log_base=None, log_level=None, verb_name='build', build_base='build', install_base='install', merge_install=False, symlink_install=False, test_result_base=None, continue_on_error=False, executor='parallel', parallel_workers=16, event_handlers=None, ignore_user_meta=False, metas=['./colcon.meta'], base_paths=['.'], packages_ignore=None, packages_ignore_regex=None, paths=None, packages_up_to=None, packages_up_to_regex=None, packages_above=None, packages_above_and_dependencies=None, packages_above_depth=None, packages_select_by_dep=None, packages_skip_by_dep=None, packages_skip_up_to=None, packages_select_build_failed=False, packages_skip_build_finished=False, packages_select_test_failures=False, packages_skip_test_passed=False, packages_select=None, packages_skip=None, packages_select_regex=None, packages_skip_regex=None, packages_start=None, packages_end=None, allow_overriding=[], cmake_args=None, cmake_target=None, cmake_target_skip_unavailable=False, cmake_clean_cache=False, cmake_clean_first=False, cmake_force_configure=False, ament_cmake_args=None, catkin_cmake_args=None, catkin_skip_building_tests=False, mixin_files=None, mixin=None, verb_parser=<colcon_mixin.mixin.mixin_argument.MixinArgumentDecorator object at 0x7184b8757a00>, verb_extension=<colcon_core.verb.build.BuildVerb object at 0x7184b88a48e0>, main=<bound method BuildVerb.main of <colcon_core.verb.build.BuildVerb object at 0x7184b88a48e0>>, mixin_verb=('build',))
[0.182s] Level 1:colcon.colcon_core.package_discovery:discover_packages(colcon_meta) check parameters
[0.182s] Level 1:colcon.colcon_core.package_discovery:discover_packages(recursive) check parameters
[0.182s] Level 1:colcon.colcon_core.package_discovery:discover_packages(ignore) check parameters
[0.182s] Level 1:colcon.colcon_core.package_discovery:discover_packages(path) check parameters
[0.182s] Level 1:colcon.colcon_core.package_discovery:discover_packages(colcon_meta) discover
[0.182s] Level 1:colcon.colcon_core.package_discovery:discover_packages(recursive) discover
[0.182s] INFO:colcon.colcon_core.package_discovery:Crawling recursively for packages in '/home/jerome/arm_new'
[0.182s] Level 1:colcon.colcon_core.package_identification:_identify(.) by extensions ['ignore', 'ignore_ament_install']
[0.182s] Level 1:colcon.colcon_core.package_identification:_identify(.) by extension 'ignore'
[0.182s] Level 1:colcon.colcon_core.package_identification:_identify(.) by extension 'ignore_ament_install'
[0.183s] Level 1:colcon.colcon_core.package_identification:_identify(.) by extensions ['colcon_pkg']
[0.183s] Level 1:colcon.colcon_core.package_identification:_identify(.) by extension 'colcon_pkg'
[0.183s] Level 1:colcon.colcon_core.package_identification:_identify(.) by extensions ['colcon_meta']
[0.183s] Level 1:colcon.colcon_core.package_identification:_identify(.) by extension 'colcon_meta'
[0.183s] Level 1:colcon.colcon_core.package_identification:_identify(.) by extensions ['ros']
[0.183s] Level 1:colcon.colcon_core.package_identification:_identify(.) by extension 'ros'
[0.194s] Level 1:colcon.colcon_core.package_identification:_identify(.) by extensions ['cmake', 'python']
[0.194s] Level 1:colcon.colcon_core.package_identification:_identify(.) by extension 'cmake'
[0.194s] Level 1:colcon.colcon_core.package_identification:_identify(.) by extension 'python'
[0.194s] Level 1:colcon.colcon_core.package_identification:_identify(.) by extensions ['python_setup_py']
[0.194s] Level 1:colcon.colcon_core.package_identification:_identify(.) by extension 'python_setup_py'
[0.194s] Level 1:colcon.colcon_core.package_identification:_identify(build) by extensions ['ignore', 'ignore_ament_install']
[0.195s] Level 1:colcon.colcon_core.package_identification:_identify(build) by extension 'ignore'
[0.195s] Level 1:colcon.colcon_core.package_identification:_identify(build) ignored
[0.195s] Level 1:colcon.colcon_core.package_identification:_identify(install) by extensions ['ignore', 'ignore_ament_install']
[0.195s] Level 1:colcon.colcon_core.package_identification:_identify(install) by extension 'ignore'
[0.195s] Level 1:colcon.colcon_core.package_identification:_identify(install) ignored
[0.195s] Level 1:colcon.colcon_core.package_identification:_identify(log) by extensions ['ignore', 'ignore_ament_install']
[0.195s] Level 1:colcon.colcon_core.package_identification:_identify(log) by extension 'ignore'
[0.195s] Level 1:colcon.colcon_core.package_identification:_identify(log) ignored
[0.195s] Level 1:colcon.colcon_core.package_identification:_identify(src) by extensions ['ignore', 'ignore_ament_install']
[0.195s] Level 1:colcon.colcon_core.package_identification:_identify(src) by extension 'ignore'
[0.195s] Level 1:colcon.colcon_core.package_identification:_identify(src) by extension 'ignore_ament_install'
[0.195s] Level 1:colcon.colcon_core.package_identification:_identify(src) by extensions ['colcon_pkg']
[0.195s] Level 1:colcon.colcon_core.package_identification:_identify(src) by extension 'colcon_pkg'
[0.195s] Level 1:colcon.colcon_core.package_identification:_identify(src) by extensions ['colcon_meta']
[0.195s] Level 1:colcon.colcon_core.package_identification:_identify(src) by extension 'colcon_meta'
[0.195s] Level 1:colcon.colcon_core.package_identification:_identify(src) by extensions ['ros']
[0.195s] Level 1:colcon.colcon_core.package_identification:_identify(src) by extension 'ros'
[0.195s] Level 1:colcon.colcon_core.package_identification:_identify(src) by extensions ['cmake', 'python']
[0.195s] Level 1:colcon.colcon_core.package_identification:_identify(src) by extension 'cmake'
[0.195s] Level 1:colcon.colcon_core.package_identification:_identify(src) by extension 'python'
[0.195s] Level 1:colcon.colcon_core.package_identification:_identify(src) by extensions ['python_setup_py']
[0.195s] Level 1:colcon.colcon_core.package_identification:_identify(src) by extension 'python_setup_py'
[0.195s] Level 1:colcon.colcon_core.package_identification:_identify(src/arm_urdf) by extensions ['ignore', 'ignore_ament_install']
[0.195s] Level 1:colcon.colcon_core.package_identification:_identify(src/arm_urdf) by extension 'ignore'
[0.195s] Level 1:colcon.colcon_core.package_identification:_identify(src/arm_urdf) by extension 'ignore_ament_install'
[0.195s] Level 1:colcon.colcon_core.package_identification:_identify(src/arm_urdf) by extensions ['colcon_pkg']
[0.195s] Level 1:colcon.colcon_core.package_identification:_identify(src/arm_urdf) by extension 'colcon_pkg'
[0.195s] Level 1:colcon.colcon_core.package_identification:_identify(src/arm_urdf) by extensions ['colcon_meta']
[0.195s] Level 1:colcon.colcon_core.package_identification:_identify(src/arm_urdf) by extension 'colcon_meta'
[0.195s] Level 1:colcon.colcon_core.package_identification:_identify(src/arm_urdf) by extensions ['ros']
[0.195s] Level 1:colcon.colcon_core.package_identification:_identify(src/arm_urdf) by extension 'ros'
[0.197s] DEBUG:colcon.colcon_core.package_identification:Package 'src/arm_urdf' with type 'ros.ament_cmake' and name 'arm_urdf'
[0.197s] Level 1:colcon.colcon_core.package_identification:_identify(src/arm_urdf_moveit_config) by extensions ['ignore', 'ignore_ament_install']
[0.198s] Level 1:colcon.colcon_core.package_identification:_identify(src/arm_urdf_moveit_config) by extension 'ignore'
[0.198s] Level 1:colcon.colcon_core.package_identification:_identify(src/arm_urdf_moveit_config) by extension 'ignore_ament_install'
[0.198s] Level 1:colcon.colcon_core.package_identification:_identify(src/arm_urdf_moveit_config) by extensions ['colcon_pkg']
[0.198s] Level 1:colcon.colcon_core.package_identification:_identify(src/arm_urdf_moveit_config) by extension 'colcon_pkg'
[0.198s] Level 1:colcon.colcon_core.package_identification:_identify(src/arm_urdf_moveit_config) by extensions ['colcon_meta']
[0.198s] Level 1:colcon.colcon_core.package_identification:_identify(src/arm_urdf_moveit_config) by extension 'colcon_meta'
[0.198s] Level 1:colcon.colcon_core.package_identification:_identify(src/arm_urdf_moveit_config) by extensions ['ros']
[0.198s] Level 1:colcon.colcon_core.package_identification:_identify(src/arm_urdf_moveit_config) by extension 'ros'
[0.198s] DEBUG:colcon.colcon_core.package_identification:Package 'src/arm_urdf_moveit_config' with type 'ros.ament_cmake' and name 'arm_urdf_moveit_config'
[0.198s] Level 1:colcon.colcon_core.package_identification:_identify(src/linkattacher_msgs) by extensions ['ignore', 'ignore_ament_install']
[0.198s] Level 1:colcon.colcon_core.package_identification:_identify(src/linkattacher_msgs) by extension 'ignore'
[0.198s] Level 1:colcon.colcon_core.package_identification:_identify(src/linkattacher_msgs) by extension 'ignore_ament_install'
[0.198s] Level 1:colcon.colcon_core.package_identification:_identify(src/linkattacher_msgs) by extensions ['colcon_pkg']
[0.198s] Level 1:colcon.colcon_core.package_identification:_identify(src/linkattacher_msgs) by extension 'colcon_pkg'
[0.198s] Level 1:colcon.colcon_core.package_identification:_identify(src/linkattacher_msgs) by extensions ['colcon_meta']
[0.198s] Level 1:colcon.colcon_core.package_identification:_identify(src/linkattacher_msgs) by extension 'colcon_meta'
[0.198s] Level 1:colcon.colcon_core.package_identification:_identify(src/linkattacher_msgs) by extensions ['ros']
[0.198s] Level 1:colcon.colcon_core.package_identification:_identify(src/linkattacher_msgs) by extension 'ros'
[0.199s] DEBUG:colcon.colcon_core.package_identification:Package 'src/linkattacher_msgs' with type 'ros.ament_cmake' and name 'linkattacher_msgs'
[0.199s] Level 1:colcon.colcon_core.package_identification:_identify(src/pick_and_place) by extensions ['ignore', 'ignore_ament_install']
[0.199s] Level 1:colcon.colcon_core.package_identification:_identify(src/pick_and_place) by extension 'ignore'
[0.199s] Level 1:colcon.colcon_core.package_identification:_identify(src/pick_and_place) by extension 'ignore_ament_install'
[0.199s] Level 1:colcon.colcon_core.package_identification:_identify(src/pick_and_place) by extensions ['colcon_pkg']
[0.199s] Level 1:colcon.colcon_core.package_identification:_identify(src/pick_and_place) by extension 'colcon_pkg'
[0.199s] Level 1:colcon.colcon_core.package_identification:_identify(src/pick_and_place) by extensions ['colcon_meta']
[0.199s] Level 1:colcon.colcon_core.package_identification:_identify(src/pick_and_place) by extension 'colcon_meta'
[0.199s] Level 1:colcon.colcon_core.package_identification:_identify(src/pick_and_place) by extensions ['ros']
[0.199s] Level 1:colcon.colcon_core.package_identification:_identify(src/pick_and_place) by extension 'ros'
[0.200s] DEBUG:colcon.colcon_core.package_identification:Package 'src/pick_and_place' with type 'ros.ament_cmake' and name 'pick_and_place'
[0.200s] Level 1:colcon.colcon_core.package_identification:_identify(src/ros2_LinkAttacher) by extensions ['ignore', 'ignore_ament_install']
[0.200s] Level 1:colcon.colcon_core.package_identification:_identify(src/ros2_LinkAttacher) by extension 'ignore'
[0.200s] Level 1:colcon.colcon_core.package_identification:_identify(src/ros2_LinkAttacher) by extension 'ignore_ament_install'
[0.200s] Level 1:colcon.colcon_core.package_identification:_identify(src/ros2_LinkAttacher) by extensions ['colcon_pkg']
[0.200s] Level 1:colcon.colcon_core.package_identification:_identify(src/ros2_LinkAttacher) by extension 'colcon_pkg'
[0.200s] Level 1:colcon.colcon_core.package_identification:_identify(src/ros2_LinkAttacher) by extensions ['colcon_meta']
[0.200s] Level 1:colcon.colcon_core.package_identification:_identify(src/ros2_LinkAttacher) by extension 'colcon_meta'
[0.200s] Level 1:colcon.colcon_core.package_identification:_identify(src/ros2_LinkAttacher) by extensions ['ros']
[0.200s] Level 1:colcon.colcon_core.package_identification:_identify(src/ros2_LinkAttacher) by extension 'ros'
[0.200s] DEBUG:colcon.colcon_core.package_identification:Package 'src/ros2_LinkAttacher' with type 'ros.ament_cmake' and name 'ros2_linkattacher'
[0.200s] Level 1:colcon.colcon_core.package_discovery:discover_packages(recursive) using defaults
[0.200s] Level 1:colcon.colcon_core.package_discovery:discover_packages(ignore) discover
[0.200s] Level 1:colcon.colcon_core.package_discovery:discover_packages(ignore) using defaults
[0.201s] Level 1:colcon.colcon_core.package_discovery:discover_packages(path) discover
[0.201s] Level 1:colcon.colcon_core.package_discovery:discover_packages(path) using defaults
[0.214s] Level 1:colcon.colcon_core.package_discovery:discover_packages(prefix_path) check parameters
[0.214s] Level 1:colcon.colcon_core.package_discovery:discover_packages(prefix_path) discover
[0.216s] DEBUG:colcon.colcon_installed_package_information.package_discovery:Found 5 installed packages in /home/jerome/arm_new/install
[0.217s] DEBUG:colcon.colcon_installed_package_information.package_discovery:Found 55 installed packages in /home/jerome/ws_moveit2/install
[0.218s] DEBUG:colcon.colcon_installed_package_information.package_discovery:Found 385 installed packages in /opt/ros/humble
[0.219s] Level 1:colcon.colcon_core.package_discovery:discover_packages(prefix_path) using defaults
[0.248s] Level 5:colcon.colcon_core.verb:set package 'arm_urdf' build argument 'cmake_args' from command line to 'None'
[0.248s] Level 5:colcon.colcon_core.verb:set package 'arm_urdf' build argument 'cmake_target' from command line to 'None'
[0.248s] Level 5:colcon.colcon_core.verb:set package 'arm_urdf' build argument 'cmake_target_skip_unavailable' from command line to 'False'
[0.248s] Level 5:colcon.colcon_core.verb:set package 'arm_urdf' build argument 'cmake_clean_cache' from command line to 'False'
[0.248s] Level 5:colcon.colcon_core.verb:set package 'arm_urdf' build argument 'cmake_clean_first' from command line to 'False'
[0.248s] Level 5:colcon.colcon_core.verb:set package 'arm_urdf' build argument 'cmake_force_configure' from command line to 'False'
[0.248s] Level 5:colcon.colcon_core.verb:set package 'arm_urdf' build argument 'ament_cmake_args' from command line to 'None'
[0.248s] Level 5:colcon.colcon_core.verb:set package 'arm_urdf' build argument 'catkin_cmake_args' from command line to 'None'
[0.248s] Level 5:colcon.colcon_core.verb:set package 'arm_urdf' build argument 'catkin_skip_building_tests' from command line to 'False'
[0.248s] DEBUG:colcon.colcon_core.verb:Building package 'arm_urdf' with the following arguments: {'ament_cmake_args': None, 'build_base': '/home/jerome/arm_new/build/arm_urdf', 'catkin_cmake_args': None, 'catkin_skip_building_tests': False, 'cmake_args': None, 'cmake_clean_cache': False, 'cmake_clean_first': False, 'cmake_force_configure': False, 'cmake_target': None, 'cmake_target_skip_unavailable': False, 'install_base': '/home/jerome/arm_new/install/arm_urdf', 'merge_install': False, 'path': '/home/jerome/arm_new/src/arm_urdf', 'symlink_install': False, 'test_result_base': None}
[0.248s] Level 5:colcon.colcon_core.verb:set package 'linkattacher_msgs' build argument 'cmake_args' from command line to 'None'
[0.248s] Level 5:colcon.colcon_core.verb:set package 'linkattacher_msgs' build argument 'cmake_target' from command line to 'None'
[0.248s] Level 5:colcon.colcon_core.verb:set package 'linkattacher_msgs' build argument 'cmake_target_skip_unavailable' from command line to 'False'
[0.248s] Level 5:colcon.colcon_core.verb:set package 'linkattacher_msgs' build argument 'cmake_clean_cache' from command line to 'False'
[0.248s] Level 5:colcon.colcon_core.verb:set package 'linkattacher_msgs' build argument 'cmake_clean_first' from command line to 'False'
[0.248s] Level 5:colcon.colcon_core.verb:set package 'linkattacher_msgs' build argument 'cmake_force_configure' from command line to 'False'
[0.248s] Level 5:colcon.colcon_core.verb:set package 'linkattacher_msgs' build argument 'ament_cmake_args' from command line to 'None'
[0.249s] Level 5:colcon.colcon_core.verb:set package 'linkattacher_msgs' build argument 'catkin_cmake_args' from command line to 'None'
[0.249s] Level 5:colcon.colcon_core.verb:set package 'linkattacher_msgs' build argument 'catkin_skip_building_tests' from command line to 'False'
[0.249s] DEBUG:colcon.colcon_core.verb:Building package 'linkattacher_msgs' with the following arguments: {'ament_cmake_args': None, 'build_base': '/home/jerome/arm_new/build/linkattacher_msgs', 'catkin_cmake_args': None, 'catkin_skip_building_tests': False, 'cmake_args': None, 'cmake_clean_cache': False, 'cmake_clean_first': False, 'cmake_force_configure': False, 'cmake_target': None, 'cmake_target_skip_unavailable': False, 'install_base': '/home/jerome/arm_new/install/linkattacher_msgs', 'merge_install': False, 'path': '/home/jerome/arm_new/src/linkattacher_msgs', 'symlink_install': False, 'test_result_base': None}
[0.249s] Level 5:colcon.colcon_core.verb:set package 'pick_and_place' build argument 'cmake_args' from command line to 'None'
[0.249s] Level 5:colcon.colcon_core.verb:set package 'pick_and_place' build argument 'cmake_target' from command line to 'None'
[0.249s] Level 5:colcon.colcon_core.verb:set package 'pick_and_place' build argument 'cmake_target_skip_unavailable' from command line to 'False'
[0.249s] Level 5:colcon.colcon_core.verb:set package 'pick_and_place' build argument 'cmake_clean_cache' from command line to 'False'
[0.249s] Level 5:colcon.colcon_core.verb:set package 'pick_and_place' build argument 'cmake_clean_first' from command line to 'False'
[0.249s] Level 5:colcon.colcon_core.verb:set package 'pick_and_place' build argument 'cmake_force_configure' from command line to 'False'
[0.249s] Level 5:colcon.colcon_core.verb:set package 'pick_and_place' build argument 'ament_cmake_args' from command line to 'None'
[0.249s] Level 5:colcon.colcon_core.verb:set package 'pick_and_place' build argument 'catkin_cmake_args' from command line to 'None'
[0.249s] Level 5:colcon.colcon_core.verb:set package 'pick_and_place' build argument 'catkin_skip_building_tests' from command line to 'False'
[0.249s] DEBUG:colcon.colcon_core.verb:Building package 'pick_and_place' with the following arguments: {'ament_cmake_args': None, 'build_base': '/home/jerome/arm_new/build/pick_and_place', 'catkin_cmake_args': None, 'catkin_skip_building_tests': False, 'cmake_args': None, 'cmake_clean_cache': False, 'cmake_clean_first': False, 'cmake_force_configure': False, 'cmake_target': None, 'cmake_target_skip_unavailable': False, 'install_base': '/home/jerome/arm_new/install/pick_and_place', 'merge_install': False, 'path': '/home/jerome/arm_new/src/pick_and_place', 'symlink_install': False, 'test_result_base': None}
[0.249s] Level 5:colcon.colcon_core.verb:set package 'arm_urdf_moveit_config' build argument 'cmake_args' from command line to 'None'
[0.249s] Level 5:colcon.colcon_core.verb:set package 'arm_urdf_moveit_config' build argument 'cmake_target' from command line to 'None'
[0.249s] Level 5:colcon.colcon_core.verb:set package 'arm_urdf_moveit_config' build argument 'cmake_target_skip_unavailable' from command line to 'False'
[0.249s] Level 5:colcon.colcon_core.verb:set package 'arm_urdf_moveit_config' build argument 'cmake_clean_cache' from command line to 'False'
[0.249s] Level 5:colcon.colcon_core.verb:set package 'arm_urdf_moveit_config' build argument 'cmake_clean_first' from command line to 'False'
[0.249s] Level 5:colcon.colcon_core.verb:set package 'arm_urdf_moveit_config' build argument 'cmake_force_configure' from command line to 'False'
[0.249s] Level 5:colcon.colcon_core.verb:set package 'arm_urdf_moveit_config' build argument 'ament_cmake_args' from command line to 'None'
[0.249s] Level 5:colcon.colcon_core.verb:set package 'arm_urdf_moveit_config' build argument 'catkin_cmake_args' from command line to 'None'
[0.249s] Level 5:colcon.colcon_core.verb:set package 'arm_urdf_moveit_config' build argument 'catkin_skip_building_tests' from command line to 'False'
[0.249s] DEBUG:colcon.colcon_core.verb:Building package 'arm_urdf_moveit_config' with the following arguments: {'ament_cmake_args': None, 'build_base': '/home/jerome/arm_new/build/arm_urdf_moveit_config', 'catkin_cmake_args': None, 'catkin_skip_building_tests': False, 'cmake_args': None, 'cmake_clean_cache': False, 'cmake_clean_first': False, 'cmake_force_configure': False, 'cmake_target': None, 'cmake_target_skip_unavailable': False, 'install_base': '/home/jerome/arm_new/install/arm_urdf_moveit_config', 'merge_install': False, 'path': '/home/jerome/arm_new/src/arm_urdf_moveit_config', 'symlink_install': False, 'test_result_base': None}
[0.249s] Level 5:colcon.colcon_core.verb:set package 'ros2_linkattacher' build argument 'cmake_args' from command line to 'None'
[0.249s] Level 5:colcon.colcon_core.verb:set package 'ros2_linkattacher' build argument 'cmake_target' from command line to 'None'
[0.249s] Level 5:colcon.colcon_core.verb:set package 'ros2_linkattacher' build argument 'cmake_target_skip_unavailable' from command line to 'False'
[0.249s] Level 5:colcon.colcon_core.verb:set package 'ros2_linkattacher' build argument 'cmake_clean_cache' from command line to 'False'
[0.249s] Level 5:colcon.colcon_core.verb:set package 'ros2_linkattacher' build argument 'cmake_clean_first' from command line to 'False'
[0.249s] Level 5:colcon.colcon_core.verb:set package 'ros2_linkattacher' build argument 'cmake_force_configure' from command line to 'False'
[0.249s] Level 5:colcon.colcon_core.verb:set package 'ros2_linkattacher' build argument 'ament_cmake_args' from command line to 'None'
[0.249s] Level 5:colcon.colcon_core.verb:set package 'ros2_linkattacher' build argument 'catkin_cmake_args' from command line to 'None'
[0.249s] Level 5:colcon.colcon_core.verb:set package 'ros2_linkattacher' build argument 'catkin_skip_building_tests' from command line to 'False'
[0.249s] DEBUG:colcon.colcon_core.verb:Building package 'ros2_linkattacher' with the following arguments: {'ament_cmake_args': None, 'build_base': '/home/jerome/arm_new/build/ros2_linkattacher', 'catkin_cmake_args': None, 'catkin_skip_building_tests': False, 'cmake_args': None, 'cmake_clean_cache': False, 'cmake_clean_first': False, 'cmake_force_configure': False, 'cmake_target': None, 'cmake_target_skip_unavailable': False, 'install_base': '/home/jerome/arm_new/install/ros2_linkattacher', 'merge_install': False, 'path': '/home/jerome/arm_new/src/ros2_LinkAttacher', 'symlink_install': False, 'test_result_base': None}
[0.250s] INFO:colcon.colcon_core.executor:Executing jobs using 'parallel' executor
[0.251s] DEBUG:colcon.colcon_parallel_executor.executor.parallel:run_until_complete
[0.251s] INFO:colcon.colcon_ros.task.ament_cmake.build:Building ROS package in '/home/jerome/arm_new/src/arm_urdf' with build type 'ament_cmake'
[0.251s] INFO:colcon.colcon_cmake.task.cmake.build:Building CMake package in '/home/jerome/arm_new/src/arm_urdf'
[0.252s] INFO:colcon.colcon_core.plugin_system:Skipping extension 'colcon_core.shell.bat': Not used on non-Windows systems
[0.252s] INFO:colcon.colcon_core.shell:Skip shell extension 'powershell' for command environment: Not usable outside of PowerShell
[0.252s] DEBUG:colcon.colcon_core.shell:Skip shell extension 'dsv' for command environment
[0.256s] INFO:colcon.colcon_ros.task.ament_cmake.build:Building ROS package in '/home/jerome/arm_new/src/linkattacher_msgs' with build type 'ament_cmake'
[0.256s] INFO:colcon.colcon_cmake.task.cmake.build:Building CMake package in '/home/jerome/arm_new/src/linkattacher_msgs'
[0.256s] INFO:colcon.colcon_core.shell:Skip shell extension 'powershell' for command environment: Not usable outside of PowerShell
[0.256s] DEBUG:colcon.colcon_core.shell:Skip shell extension 'dsv' for command environment
[0.260s] INFO:colcon.colcon_ros.task.ament_cmake.build:Building ROS package in '/home/jerome/arm_new/src/pick_and_place' with build type 'ament_cmake'
[0.260s] INFO:colcon.colcon_cmake.task.cmake.build:Building CMake package in '/home/jerome/arm_new/src/pick_and_place'
[0.260s] INFO:colcon.colcon_core.shell:Skip shell extension 'powershell' for command environment: Not usable outside of PowerShell
[0.260s] DEBUG:colcon.colcon_core.shell:Skip shell extension 'dsv' for command environment
[0.267s] DEBUG:colcon.colcon_core.event_handler.log_command:Invoking command in '/home/jerome/arm_new/build/arm_urdf': CMAKE_PREFIX_PATH=${CMAKE_PREFIX_PATH}:/home/jerome/ws_moveit2/install/moveit_configs_utils:/home/jerome/ws_moveit2/install/launch_param_builder:/opt/ros/humble /usr/bin/cmake --build /home/jerome/arm_new/build/arm_urdf -- -j16 -l16
[0.268s] DEBUG:colcon.colcon_core.event_handler.log_command:Invoking command in '/home/jerome/arm_new/build/linkattacher_msgs': CMAKE_PREFIX_PATH=${CMAKE_PREFIX_PATH}:/home/jerome/ws_moveit2/install/moveit_configs_utils:/home/jerome/ws_moveit2/install/launch_param_builder:/opt/ros/humble /usr/bin/cmake --build /home/jerome/arm_new/build/linkattacher_msgs -- -j16 -l16
[0.284s] DEBUG:colcon.colcon_core.event_handler.log_command:Invoking command in '/home/jerome/arm_new/build/pick_and_place': CMAKE_PREFIX_PATH=${CMAKE_PREFIX_PATH}:/home/jerome/ws_moveit2/install/moveit_configs_utils:/home/jerome/ws_moveit2/install/launch_param_builder:/opt/ros/humble /usr/bin/cmake --build /home/jerome/arm_new/build/pick_and_place -- -j16 -l16
[0.321s] DEBUG:colcon.colcon_core.event_handler.log_command:Invoked command in '/home/jerome/arm_new/build/arm_urdf' returned '0': CMAKE_PREFIX_PATH=${CMAKE_PREFIX_PATH}:/home/jerome/ws_moveit2/install/moveit_configs_utils:/home/jerome/ws_moveit2/install/launch_param_builder:/opt/ros/humble /usr/bin/cmake --build /home/jerome/arm_new/build/arm_urdf -- -j16 -l16
[0.343s] DEBUG:colcon.colcon_core.event_handler.log_command:Invoking command in '/home/jerome/arm_new/build/arm_urdf': CMAKE_PREFIX_PATH=${CMAKE_PREFIX_PATH}:/home/jerome/ws_moveit2/install/moveit_configs_utils:/home/jerome/ws_moveit2/install/launch_param_builder:/opt/ros/humble /usr/bin/cmake --install /home/jerome/arm_new/build/arm_urdf
[0.362s] Level 1:colcon.colcon_core.environment:create_environment_scripts_only(arm_urdf)
[0.363s] DEBUG:colcon.colcon_core.event_handler.log_command:Invoked command in '/home/jerome/arm_new/build/arm_urdf' returned '0': CMAKE_PREFIX_PATH=${CMAKE_PREFIX_PATH}:/home/jerome/ws_moveit2/install/moveit_configs_utils:/home/jerome/ws_moveit2/install/launch_param_builder:/opt/ros/humble /usr/bin/cmake --install /home/jerome/arm_new/build/arm_urdf
[0.366s] Level 1:colcon.colcon_core.environment:checking '/home/jerome/arm_new/install/arm_urdf' for CMake module files
[0.366s] Level 1:colcon.colcon_core.environment:checking '/home/jerome/arm_new/install/arm_urdf' for CMake config files
[0.366s] Level 1:colcon.colcon_core.shell:create_environment_hook('arm_urdf', 'cmake_prefix_path')
[0.367s] INFO:colcon.colcon_core.shell:Creating environment hook '/home/jerome/arm_new/install/arm_urdf/share/arm_urdf/hook/cmake_prefix_path.ps1'
[0.367s] INFO:colcon.colcon_core.shell:Creating environment descriptor '/home/jerome/arm_new/install/arm_urdf/share/arm_urdf/hook/cmake_prefix_path.dsv'
[0.368s] INFO:colcon.colcon_core.shell:Creating environment hook '/home/jerome/arm_new/install/arm_urdf/share/arm_urdf/hook/cmake_prefix_path.sh'
[0.368s] Level 1:colcon.colcon_core.environment:checking '/home/jerome/arm_new/install/arm_urdf/bin'
[0.368s] Level 1:colcon.colcon_core.environment:checking '/home/jerome/arm_new/install/arm_urdf/lib/pkgconfig/arm_urdf.pc'
[0.369s] Level 1:colcon.colcon_core.environment:checking '/home/jerome/arm_new/install/arm_urdf/lib/python3.10/site-packages'
[0.369s] Level 1:colcon.colcon_core.environment:checking '/home/jerome/arm_new/install/arm_urdf/bin'
[0.369s] INFO:colcon.colcon_core.shell:Creating package script '/home/jerome/arm_new/install/arm_urdf/share/arm_urdf/package.ps1'
[0.370s] INFO:colcon.colcon_core.shell:Creating package descriptor '/home/jerome/arm_new/install/arm_urdf/share/arm_urdf/package.dsv'
[0.371s] INFO:colcon.colcon_core.shell:Creating package script '/home/jerome/arm_new/install/arm_urdf/share/arm_urdf/package.sh'
[0.371s] INFO:colcon.colcon_core.shell:Creating package script '/home/jerome/arm_new/install/arm_urdf/share/arm_urdf/package.bash'
[0.372s] INFO:colcon.colcon_core.shell:Creating package script '/home/jerome/arm_new/install/arm_urdf/share/arm_urdf/package.zsh'
[0.373s] Level 1:colcon.colcon_core.environment:create_file_with_runtime_dependencies(/home/jerome/arm_new/install/arm_urdf/share/colcon-core/packages/arm_urdf)
[0.374s] Level 1:colcon.colcon_core.environment:create_environment_scripts_only(arm_urdf)
[0.374s] Level 1:colcon.colcon_core.environment:checking '/home/jerome/arm_new/install/arm_urdf' for CMake module files
[0.374s] Level 1:colcon.colcon_core.environment:checking '/home/jerome/arm_new/install/arm_urdf' for CMake config files
[0.374s] Level 1:colcon.colcon_core.shell:create_environment_hook('arm_urdf', 'cmake_prefix_path')
[0.375s] INFO:colcon.colcon_core.shell:Creating environment hook '/home/jerome/arm_new/install/arm_urdf/share/arm_urdf/hook/cmake_prefix_path.ps1'
[0.375s] INFO:colcon.colcon_core.shell:Creating environment descriptor '/home/jerome/arm_new/install/arm_urdf/share/arm_urdf/hook/cmake_prefix_path.dsv'
[0.375s] INFO:colcon.colcon_core.shell:Creating environment hook '/home/jerome/arm_new/install/arm_urdf/share/arm_urdf/hook/cmake_prefix_path.sh'
[0.375s] Level 1:colcon.colcon_core.environment:checking '/home/jerome/arm_new/install/arm_urdf/bin'
[0.375s] Level 1:colcon.colcon_core.environment:checking '/home/jerome/arm_new/install/arm_urdf/lib/pkgconfig/arm_urdf.pc'
[0.375s] Level 1:colcon.colcon_core.environment:checking '/home/jerome/arm_new/install/arm_urdf/lib/python3.10/site-packages'
[0.376s] Level 1:colcon.colcon_core.environment:checking '/home/jerome/arm_new/install/arm_urdf/bin'
[0.376s] INFO:colcon.colcon_core.shell:Creating package script '/home/jerome/arm_new/install/arm_urdf/share/arm_urdf/package.ps1'
[0.376s] INFO:colcon.colcon_core.shell:Creating package descriptor '/home/jerome/arm_new/install/arm_urdf/share/arm_urdf/package.dsv'
[0.376s] INFO:colcon.colcon_core.shell:Creating package script '/home/jerome/arm_new/install/arm_urdf/share/arm_urdf/package.sh'
[0.377s] INFO:colcon.colcon_core.shell:Creating package script '/home/jerome/arm_new/install/arm_urdf/share/arm_urdf/package.bash'
[0.377s] INFO:colcon.colcon_core.shell:Creating package script '/home/jerome/arm_new/install/arm_urdf/share/arm_urdf/package.zsh'
[0.377s] Level 1:colcon.colcon_core.environment:create_file_with_runtime_dependencies(/home/jerome/arm_new/install/arm_urdf/share/colcon-core/packages/arm_urdf)
[0.377s] INFO:colcon.colcon_ros.task.ament_cmake.build:Building ROS package in '/home/jerome/arm_new/src/arm_urdf_moveit_config' with build type 'ament_cmake'
[0.377s] INFO:colcon.colcon_cmake.task.cmake.build:Building CMake package in '/home/jerome/arm_new/src/arm_urdf_moveit_config'
[0.377s] INFO:colcon.colcon_core.shell:Skip shell extension 'powershell' for command environment: Not usable outside of PowerShell
[0.377s] DEBUG:colcon.colcon_core.shell:Skip shell extension 'dsv' for command environment
[0.383s] DEBUG:colcon.colcon_core.event_handler.log_command:Invoked command in '/home/jerome/arm_new/build/pick_and_place' returned '0': CMAKE_PREFIX_PATH=${CMAKE_PREFIX_PATH}:/home/jerome/ws_moveit2/install/moveit_configs_utils:/home/jerome/ws_moveit2/install/launch_param_builder:/opt/ros/humble /usr/bin/cmake --build /home/jerome/arm_new/build/pick_and_place -- -j16 -l16
[0.384s] DEBUG:colcon.colcon_core.event_handler.log_command:Invoking command in '/home/jerome/arm_new/build/pick_and_place': CMAKE_PREFIX_PATH=${CMAKE_PREFIX_PATH}:/home/jerome/ws_moveit2/install/moveit_configs_utils:/home/jerome/ws_moveit2/install/launch_param_builder:/opt/ros/humble /usr/bin/cmake --install /home/jerome/arm_new/build/pick_and_place
[0.387s] DEBUG:colcon.colcon_core.event_handler.log_command:Invoking command in '/home/jerome/arm_new/build/arm_urdf_moveit_config': CMAKE_PREFIX_PATH=/home/jerome/arm_new/install/arm_urdf:/home/jerome/arm_new/install/ros2_linkattacher:/home/jerome/arm_new/install/pick_and_place:/home/jerome/arm_new/install/linkattacher_msgs:/home/jerome/arm_new/install/arm_urdf_moveit_config:/home/jerome/ws_moveit2/install/pilz_industrial_motion_planner_testutils:/home/jerome/ws_moveit2/install/moveit_runtime:/home/jerome/ws_moveit2/install/moveit2_tutorials:/home/jerome/ws_moveit2/install/moveit:/home/jerome/ws_moveit2/install/moveit_planners:/home/jerome/ws_moveit2/install/pilz_industrial_motion_planner:/home/jerome/ws_moveit2/install/moveit_visual_tools:/home/jerome/ws_moveit2/install/moveit_task_constructor_visualization:/home/jerome/ws_moveit2/install/moveit_task_constructor_demo:/home/jerome/ws_moveit2/install/moveit_task_constructor_capabilities:/home/jerome/ws_moveit2/install/moveit_task_constructor_core:/home/jerome/ws_moveit2/install/moveit_ros_control_interface:/home/jerome/ws_moveit2/install/moveit_plugins:/home/jerome/ws_moveit2/install/moveit_simple_controller_manager:/home/jerome/ws_moveit2/install/moveit_setup_assistant:/home/jerome/ws_moveit2/install/moveit_setup_srdf_plugins:/home/jerome/ws_moveit2/install/moveit_setup_core_plugins:/home/jerome/ws_moveit2/install/moveit_setup_controllers:/home/jerome/ws_moveit2/install/moveit_setup_app_plugins:/home/jerome/ws_moveit2/install/moveit_setup_framework:/home/jerome/ws_moveit2/install/moveit_servo:/home/jerome/ws_moveit2/install/moveit_ros:/home/jerome/ws_moveit2/install/moveit_ros_visualization:/home/jerome/ws_moveit2/install/moveit_hybrid_planning:/home/jerome/ws_moveit2/install/moveit_ros_planning_interface:/home/jerome/ws_moveit2/install/moveit_ros_benchmarks:/home/jerome/ws_moveit2/install/moveit_ros_warehouse:/home/jerome/ws_moveit2/install/moveit_ros_robot_interaction:/home/jerome/ws_moveit2/install/moveit_ros_perception:/home/jerome/ws_moveit2/install/moveit_resources_prbt_pg70_support:/home/jerome/ws_moveit2/install/moveit_resources_prbt_moveit_config:/home/jerome/ws_moveit2/install/moveit_ros_move_group:/home/jerome/ws_moveit2/install/moveit_planners_ompl:/home/jerome/ws_moveit2/install/moveit_ros_planning:/home/jerome/ws_moveit2/install/moveit_ros_occupancy_map_monitor:/home/jerome/ws_moveit2/install/moveit_resources_prbt_ikfast_manipulator_plugin:/home/jerome/ws_moveit2/install/moveit_planners_chomp:/home/jerome/ws_moveit2/install/moveit_kinematics:/home/jerome/ws_moveit2/install/moveit_chomp_optimizer_adapter:/home/jerome/ws_moveit2/install/chomp_motion_planner:/home/jerome/ws_moveit2/install/moveit_core:/home/jerome/ws_moveit2/install/srdfdom:/home/jerome/ws_moveit2/install/rviz_marker_tools:/home/jerome/ws_moveit2/install/rosparam_shortcuts:/home/jerome/ws_moveit2/install/moveit_task_constructor_msgs:/home/jerome/ws_moveit2/install/moveit_resources_prbt_support:/home/jerome/ws_moveit2/install/moveit_resources:/home/jerome/ws_moveit2/install/moveit_resources_pr2_description:/home/jerome/ws_moveit2/install/moveit_resources_panda_moveit_config:/home/jerome/ws_moveit2/install/moveit_resources_panda_description:/home/jerome/ws_moveit2/install/moveit_resources_fanuc_moveit_config:/home/jerome/ws_moveit2/install/moveit_resources_fanuc_description:/home/jerome/ws_moveit2/install/moveit_common:/home/jerome/ws_moveit2/install/moveit_configs_utils:/home/jerome/ws_moveit2/install/launch_param_builder:/opt/ros/humble /usr/bin/cmake --build /home/jerome/arm_new/build/arm_urdf_moveit_config -- -j16 -l16
[0.398s] Level 1:colcon.colcon_core.environment:create_environment_scripts_only(pick_and_place)
[0.398s] DEBUG:colcon.colcon_core.event_handler.log_command:Invoked command in '/home/jerome/arm_new/build/pick_and_place' returned '0': CMAKE_PREFIX_PATH=${CMAKE_PREFIX_PATH}:/home/jerome/ws_moveit2/install/moveit_configs_utils:/home/jerome/ws_moveit2/install/launch_param_builder:/opt/ros/humble /usr/bin/cmake --install /home/jerome/arm_new/build/pick_and_place
[0.398s] Level 1:colcon.colcon_core.environment:checking '/home/jerome/arm_new/install/pick_and_place' for CMake module files
[0.399s] Level 1:colcon.colcon_core.environment:checking '/home/jerome/arm_new/install/pick_and_place' for CMake config files
[0.399s] Level 1:colcon.colcon_core.shell:create_environment_hook('pick_and_place', 'cmake_prefix_path')
[0.399s] INFO:colcon.colcon_core.shell:Creating environment hook '/home/jerome/arm_new/install/pick_and_place/share/pick_and_place/hook/cmake_prefix_path.ps1'
[0.399s] INFO:colcon.colcon_core.shell:Creating environment descriptor '/home/jerome/arm_new/install/pick_and_place/share/pick_and_place/hook/cmake_prefix_path.dsv'
[0.400s] INFO:colcon.colcon_core.shell:Creating environment hook '/home/jerome/arm_new/install/pick_and_place/share/pick_and_place/hook/cmake_prefix_path.sh'
[0.400s] Level 1:colcon.colcon_core.environment:checking '/home/jerome/arm_new/install/pick_and_place/lib'
[0.400s] Level 1:colcon.colcon_core.environment:checking '/home/jerome/arm_new/install/pick_and_place/bin'
[0.400s] Level 1:colcon.colcon_core.environment:checking '/home/jerome/arm_new/install/pick_and_place/lib/pkgconfig/pick_and_place.pc'
[0.400s] Level 1:colcon.colcon_core.environment:checking '/home/jerome/arm_new/install/pick_and_place/lib/python3.10/site-packages'
[0.400s] Level 1:colcon.colcon_core.environment:checking '/home/jerome/arm_new/install/pick_and_place/bin'
[0.401s] INFO:colcon.colcon_core.shell:Creating package script '/home/jerome/arm_new/install/pick_and_place/share/pick_and_place/package.ps1'
[0.401s] INFO:colcon.colcon_core.shell:Creating package descriptor '/home/jerome/arm_new/install/pick_and_place/share/pick_and_place/package.dsv'
[0.401s] INFO:colcon.colcon_core.shell:Creating package script '/home/jerome/arm_new/install/pick_and_place/share/pick_and_place/package.sh'
[0.401s] INFO:colcon.colcon_core.shell:Creating package script '/home/jerome/arm_new/install/pick_and_place/share/pick_and_place/package.bash'
[0.401s] INFO:colcon.colcon_core.shell:Creating package script '/home/jerome/arm_new/install/pick_and_place/share/pick_and_place/package.zsh'
[0.402s] Level 1:colcon.colcon_core.environment:create_file_with_runtime_dependencies(/home/jerome/arm_new/install/pick_and_place/share/colcon-core/packages/pick_and_place)
[0.402s] Level 1:colcon.colcon_core.environment:create_environment_scripts_only(pick_and_place)
[0.402s] Level 1:colcon.colcon_core.environment:checking '/home/jerome/arm_new/install/pick_and_place' for CMake module files
[0.402s] Level 1:colcon.colcon_core.environment:checking '/home/jerome/arm_new/install/pick_and_place' for CMake config files
[0.402s] Level 1:colcon.colcon_core.shell:create_environment_hook('pick_and_place', 'cmake_prefix_path')
[0.402s] INFO:colcon.colcon_core.shell:Creating environment hook '/home/jerome/arm_new/install/pick_and_place/share/pick_and_place/hook/cmake_prefix_path.ps1'
[0.403s] INFO:colcon.colcon_core.shell:Creating environment descriptor '/home/jerome/arm_new/install/pick_and_place/share/pick_and_place/hook/cmake_prefix_path.dsv'
[0.403s] INFO:colcon.colcon_core.shell:Creating environment hook '/home/jerome/arm_new/install/pick_and_place/share/pick_and_place/hook/cmake_prefix_path.sh'
[0.403s] Level 1:colcon.colcon_core.environment:checking '/home/jerome/arm_new/install/pick_and_place/lib'
[0.403s] Level 1:colcon.colcon_core.environment:checking '/home/jerome/arm_new/install/pick_and_place/bin'
[0.403s] Level 1:colcon.colcon_core.environment:checking '/home/jerome/arm_new/install/pick_and_place/lib/pkgconfig/pick_and_place.pc'
[0.403s] Level 1:colcon.colcon_core.environment:checking '/home/jerome/arm_new/install/pick_and_place/lib/python3.10/site-packages'
[0.403s] Level 1:colcon.colcon_core.environment:checking '/home/jerome/arm_new/install/pick_and_place/bin'
[0.404s] INFO:colcon.colcon_core.shell:Creating package script '/home/jerome/arm_new/install/pick_and_place/share/pick_and_place/package.ps1'
[0.404s] INFO:colcon.colcon_core.shell:Creating package descriptor '/home/jerome/arm_new/install/pick_and_place/share/pick_and_place/package.dsv'
[0.404s] INFO:colcon.colcon_core.shell:Creating package script '/home/jerome/arm_new/install/pick_and_place/share/pick_and_place/package.sh'
[0.404s] INFO:colcon.colcon_core.shell:Creating package script '/home/jerome/arm_new/install/pick_and_place/share/pick_and_place/package.bash'
[0.405s] INFO:colcon.colcon_core.shell:Creating package script '/home/jerome/arm_new/install/pick_and_place/share/pick_and_place/package.zsh'
[0.405s] Level 1:colcon.colcon_core.environment:create_file_with_runtime_dependencies(/home/jerome/arm_new/install/pick_and_place/share/colcon-core/packages/pick_and_place)
[0.420s] DEBUG:colcon.colcon_core.event_handler.log_command:Invoked command in '/home/jerome/arm_new/build/arm_urdf_moveit_config' returned '0': CMAKE_PREFIX_PATH=/home/jerome/arm_new/install/arm_urdf:/home/jerome/arm_new/install/ros2_linkattacher:/home/jerome/arm_new/install/pick_and_place:/home/jerome/arm_new/install/linkattacher_msgs:/home/jerome/arm_new/install/arm_urdf_moveit_config:/home/jerome/ws_moveit2/install/pilz_industrial_motion_planner_testutils:/home/jerome/ws_moveit2/install/moveit_runtime:/home/jerome/ws_moveit2/install/moveit2_tutorials:/home/jerome/ws_moveit2/install/moveit:/home/jerome/ws_moveit2/install/moveit_planners:/home/jerome/ws_moveit2/install/pilz_industrial_motion_planner:/home/jerome/ws_moveit2/install/moveit_visual_tools:/home/jerome/ws_moveit2/install/moveit_task_constructor_visualization:/home/jerome/ws_moveit2/install/moveit_task_constructor_demo:/home/jerome/ws_moveit2/install/moveit_task_constructor_capabilities:/home/jerome/ws_moveit2/install/moveit_task_constructor_core:/home/jerome/ws_moveit2/install/moveit_ros_control_interface:/home/jerome/ws_moveit2/install/moveit_plugins:/home/jerome/ws_moveit2/install/moveit_simple_controller_manager:/home/jerome/ws_moveit2/install/moveit_setup_assistant:/home/jerome/ws_moveit2/install/moveit_setup_srdf_plugins:/home/jerome/ws_moveit2/install/moveit_setup_core_plugins:/home/jerome/ws_moveit2/install/moveit_setup_controllers:/home/jerome/ws_moveit2/install/moveit_setup_app_plugins:/home/jerome/ws_moveit2/install/moveit_setup_framework:/home/jerome/ws_moveit2/install/moveit_servo:/home/jerome/ws_moveit2/install/moveit_ros:/home/jerome/ws_moveit2/install/moveit_ros_visualization:/home/jerome/ws_moveit2/install/moveit_hybrid_planning:/home/jerome/ws_moveit2/install/moveit_ros_planning_interface:/home/jerome/ws_moveit2/install/moveit_ros_benchmarks:/home/jerome/ws_moveit2/install/moveit_ros_warehouse:/home/jerome/ws_moveit2/install/moveit_ros_robot_interaction:/home/jerome/ws_moveit2/install/moveit_ros_perception:/home/jerome/ws_moveit2/install/moveit_resources_prbt_pg70_support:/home/jerome/ws_moveit2/install/moveit_resources_prbt_moveit_config:/home/jerome/ws_moveit2/install/moveit_ros_move_group:/home/jerome/ws_moveit2/install/moveit_planners_ompl:/home/jerome/ws_moveit2/install/moveit_ros_planning:/home/jerome/ws_moveit2/install/moveit_ros_occupancy_map_monitor:/home/jerome/ws_moveit2/install/moveit_resources_prbt_ikfast_manipulator_plugin:/home/jerome/ws_moveit2/install/moveit_planners_chomp:/home/jerome/ws_moveit2/install/moveit_kinematics:/home/jerome/ws_moveit2/install/moveit_chomp_optimizer_adapter:/home/jerome/ws_moveit2/install/chomp_motion_planner:/home/jerome/ws_moveit2/install/moveit_core:/home/jerome/ws_moveit2/install/srdfdom:/home/jerome/ws_moveit2/install/rviz_marker_tools:/home/jerome/ws_moveit2/install/rosparam_shortcuts:/home/jerome/ws_moveit2/install/moveit_task_constructor_msgs:/home/jerome/ws_moveit2/install/moveit_resources_prbt_support:/home/jerome/ws_moveit2/install/moveit_resources:/home/jerome/ws_moveit2/install/moveit_resources_pr2_description:/home/jerome/ws_moveit2/install/moveit_resources_panda_moveit_config:/home/jerome/ws_moveit2/install/moveit_resources_panda_description:/home/jerome/ws_moveit2/install/moveit_resources_fanuc_moveit_config:/home/jerome/ws_moveit2/install/moveit_resources_fanuc_description:/home/jerome/ws_moveit2/install/moveit_common:/home/jerome/ws_moveit2/install/moveit_configs_utils:/home/jerome/ws_moveit2/install/launch_param_builder:/opt/ros/humble /usr/bin/cmake --build /home/jerome/arm_new/build/arm_urdf_moveit_config -- -j16 -l16
[0.421s] DEBUG:colcon.colcon_core.event_handler.log_command:Invoking command in '/home/jerome/arm_new/build/arm_urdf_moveit_config': CMAKE_PREFIX_PATH=/home/jerome/arm_new/install/arm_urdf:/home/jerome/arm_new/install/ros2_linkattacher:/home/jerome/arm_new/install/pick_and_place:/home/jerome/arm_new/install/linkattacher_msgs:/home/jerome/arm_new/install/arm_urdf_moveit_config:/home/jerome/ws_moveit2/install/pilz_industrial_motion_planner_testutils:/home/jerome/ws_moveit2/install/moveit_runtime:/home/jerome/ws_moveit2/install/moveit2_tutorials:/home/jerome/ws_moveit2/install/moveit:/home/jerome/ws_moveit2/install/moveit_planners:/home/jerome/ws_moveit2/install/pilz_industrial_motion_planner:/home/jerome/ws_moveit2/install/moveit_visual_tools:/home/jerome/ws_moveit2/install/moveit_task_constructor_visualization:/home/jerome/ws_moveit2/install/moveit_task_constructor_demo:/home/jerome/ws_moveit2/install/moveit_task_constructor_capabilities:/home/jerome/ws_moveit2/install/moveit_task_constructor_core:/home/jerome/ws_moveit2/install/moveit_ros_control_interface:/home/jerome/ws_moveit2/install/moveit_plugins:/home/jerome/ws_moveit2/install/moveit_simple_controller_manager:/home/jerome/ws_moveit2/install/moveit_setup_assistant:/home/jerome/ws_moveit2/install/moveit_setup_srdf_plugins:/home/jerome/ws_moveit2/install/moveit_setup_core_plugins:/home/jerome/ws_moveit2/install/moveit_setup_controllers:/home/jerome/ws_moveit2/install/moveit_setup_app_plugins:/home/jerome/ws_moveit2/install/moveit_setup_framework:/home/jerome/ws_moveit2/install/moveit_servo:/home/jerome/ws_moveit2/install/moveit_ros:/home/jerome/ws_moveit2/install/moveit_ros_visualization:/home/jerome/ws_moveit2/install/moveit_hybrid_planning:/home/jerome/ws_moveit2/install/moveit_ros_planning_interface:/home/jerome/ws_moveit2/install/moveit_ros_benchmarks:/home/jerome/ws_moveit2/install/moveit_ros_warehouse:/home/jerome/ws_moveit2/install/moveit_ros_robot_interaction:/home/jerome/ws_moveit2/install/moveit_ros_perception:/home/jerome/ws_moveit2/install/moveit_resources_prbt_pg70_support:/home/jerome/ws_moveit2/install/moveit_resources_prbt_moveit_config:/home/jerome/ws_moveit2/install/moveit_ros_move_group:/home/jerome/ws_moveit2/install/moveit_planners_ompl:/home/jerome/ws_moveit2/install/moveit_ros_planning:/home/jerome/ws_moveit2/install/moveit_ros_occupancy_map_monitor:/home/jerome/ws_moveit2/install/moveit_resources_prbt_ikfast_manipulator_plugin:/home/jerome/ws_moveit2/install/moveit_planners_chomp:/home/jerome/ws_moveit2/install/moveit_kinematics:/home/jerome/ws_moveit2/install/moveit_chomp_optimizer_adapter:/home/jerome/ws_moveit2/install/chomp_motion_planner:/home/jerome/ws_moveit2/install/moveit_core:/home/jerome/ws_moveit2/install/srdfdom:/home/jerome/ws_moveit2/install/rviz_marker_tools:/home/jerome/ws_moveit2/install/rosparam_shortcuts:/home/jerome/ws_moveit2/install/moveit_task_constructor_msgs:/home/jerome/ws_moveit2/install/moveit_resources_prbt_support:/home/jerome/ws_moveit2/install/moveit_resources:/home/jerome/ws_moveit2/install/moveit_resources_pr2_description:/home/jerome/ws_moveit2/install/moveit_resources_panda_moveit_config:/home/jerome/ws_moveit2/install/moveit_resources_panda_description:/home/jerome/ws_moveit2/install/moveit_resources_fanuc_moveit_config:/home/jerome/ws_moveit2/install/moveit_resources_fanuc_description:/home/jerome/ws_moveit2/install/moveit_common:/home/jerome/ws_moveit2/install/moveit_configs_utils:/home/jerome/ws_moveit2/install/launch_param_builder:/opt/ros/humble /usr/bin/cmake --install /home/jerome/arm_new/build/arm_urdf_moveit_config
[0.430s] Level 1:colcon.colcon_core.environment:create_environment_scripts_only(arm_urdf_moveit_config)
[0.430s] Level 1:colcon.colcon_core.environment:checking '/home/jerome/arm_new/install/arm_urdf_moveit_config' for CMake module files
[0.431s] DEBUG:colcon.colcon_core.event_handler.log_command:Invoked command in '/home/jerome/arm_new/build/arm_urdf_moveit_config' returned '0': CMAKE_PREFIX_PATH=/home/jerome/arm_new/install/arm_urdf:/home/jerome/arm_new/install/ros2_linkattacher:/home/jerome/arm_new/install/pick_and_place:/home/jerome/arm_new/install/linkattacher_msgs:/home/jerome/arm_new/install/arm_urdf_moveit_config:/home/jerome/ws_moveit2/install/pilz_industrial_motion_planner_testutils:/home/jerome/ws_moveit2/install/moveit_runtime:/home/jerome/ws_moveit2/install/moveit2_tutorials:/home/jerome/ws_moveit2/install/moveit:/home/jerome/ws_moveit2/install/moveit_planners:/home/jerome/ws_moveit2/install/pilz_industrial_motion_planner:/home/jerome/ws_moveit2/install/moveit_visual_tools:/home/jerome/ws_moveit2/install/moveit_task_constructor_visualization:/home/jerome/ws_moveit2/install/moveit_task_constructor_demo:/home/jerome/ws_moveit2/install/moveit_task_constructor_capabilities:/home/jerome/ws_moveit2/install/moveit_task_constructor_core:/home/jerome/ws_moveit2/install/moveit_ros_control_interface:/home/jerome/ws_moveit2/install/moveit_plugins:/home/jerome/ws_moveit2/install/moveit_simple_controller_manager:/home/jerome/ws_moveit2/install/moveit_setup_assistant:/home/jerome/ws_moveit2/install/moveit_setup_srdf_plugins:/home/jerome/ws_moveit2/install/moveit_setup_core_plugins:/home/jerome/ws_moveit2/install/moveit_setup_controllers:/home/jerome/ws_moveit2/install/moveit_setup_app_plugins:/home/jerome/ws_moveit2/install/moveit_setup_framework:/home/jerome/ws_moveit2/install/moveit_servo:/home/jerome/ws_moveit2/install/moveit_ros:/home/jerome/ws_moveit2/install/moveit_ros_visualization:/home/jerome/ws_moveit2/install/moveit_hybrid_planning:/home/jerome/ws_moveit2/install/moveit_ros_planning_interface:/home/jerome/ws_moveit2/install/moveit_ros_benchmarks:/home/jerome/ws_moveit2/install/moveit_ros_warehouse:/home/jerome/ws_moveit2/install/moveit_ros_robot_interaction:/home/jerome/ws_moveit2/install/moveit_ros_perception:/home/jerome/ws_moveit2/install/moveit_resources_prbt_pg70_support:/home/jerome/ws_moveit2/install/moveit_resources_prbt_moveit_config:/home/jerome/ws_moveit2/install/moveit_ros_move_group:/home/jerome/ws_moveit2/install/moveit_planners_ompl:/home/jerome/ws_moveit2/install/moveit_ros_planning:/home/jerome/ws_moveit2/install/moveit_ros_occupancy_map_monitor:/home/jerome/ws_moveit2/install/moveit_resources_prbt_ikfast_manipulator_plugin:/home/jerome/ws_moveit2/install/moveit_planners_chomp:/home/jerome/ws_moveit2/install/moveit_kinematics:/home/jerome/ws_moveit2/install/moveit_chomp_optimizer_adapter:/home/jerome/ws_moveit2/install/chomp_motion_planner:/home/jerome/ws_moveit2/install/moveit_core:/home/jerome/ws_moveit2/install/srdfdom:/home/jerome/ws_moveit2/install/rviz_marker_tools:/home/jerome/ws_moveit2/install/rosparam_shortcuts:/home/jerome/ws_moveit2/install/moveit_task_constructor_msgs:/home/jerome/ws_moveit2/install/moveit_resources_prbt_support:/home/jerome/ws_moveit2/install/moveit_resources:/home/jerome/ws_moveit2/install/moveit_resources_pr2_description:/home/jerome/ws_moveit2/install/moveit_resources_panda_moveit_config:/home/jerome/ws_moveit2/install/moveit_resources_panda_description:/home/jerome/ws_moveit2/install/moveit_resources_fanuc_moveit_config:/home/jerome/ws_moveit2/install/moveit_resources_fanuc_description:/home/jerome/ws_moveit2/install/moveit_common:/home/jerome/ws_moveit2/install/moveit_configs_utils:/home/jerome/ws_moveit2/install/launch_param_builder:/opt/ros/humble /usr/bin/cmake --install /home/jerome/arm_new/build/arm_urdf_moveit_config
[0.431s] Level 1:colcon.colcon_core.environment:checking '/home/jerome/arm_new/install/arm_urdf_moveit_config' for CMake config files
[0.431s] Level 1:colcon.colcon_core.shell:create_environment_hook('arm_urdf_moveit_config', 'cmake_prefix_path')
[0.431s] INFO:colcon.colcon_core.shell:Creating environment hook '/home/jerome/arm_new/install/arm_urdf_moveit_config/share/arm_urdf_moveit_config/hook/cmake_prefix_path.ps1'
[0.431s] INFO:colcon.colcon_core.shell:Creating environment descriptor '/home/jerome/arm_new/install/arm_urdf_moveit_config/share/arm_urdf_moveit_config/hook/cmake_prefix_path.dsv'
[0.431s] INFO:colcon.colcon_core.shell:Creating environment hook '/home/jerome/arm_new/install/arm_urdf_moveit_config/share/arm_urdf_moveit_config/hook/cmake_prefix_path.sh'
[0.432s] Level 1:colcon.colcon_core.environment:checking '/home/jerome/arm_new/install/arm_urdf_moveit_config/bin'
[0.432s] Level 1:colcon.colcon_core.environment:checking '/home/jerome/arm_new/install/arm_urdf_moveit_config/lib/pkgconfig/arm_urdf_moveit_config.pc'
[0.432s] Level 1:colcon.colcon_core.environment:checking '/home/jerome/arm_new/install/arm_urdf_moveit_config/lib/python3.10/site-packages'
[0.432s] Level 1:colcon.colcon_core.environment:checking '/home/jerome/arm_new/install/arm_urdf_moveit_config/bin'
[0.432s] INFO:colcon.colcon_core.shell:Creating package script '/home/jerome/arm_new/install/arm_urdf_moveit_config/share/arm_urdf_moveit_config/package.ps1'
[0.432s] INFO:colcon.colcon_core.shell:Creating package descriptor '/home/jerome/arm_new/install/arm_urdf_moveit_config/share/arm_urdf_moveit_config/package.dsv'
[0.433s] INFO:colcon.colcon_core.shell:Creating package script '/home/jerome/arm_new/install/arm_urdf_moveit_config/share/arm_urdf_moveit_config/package.sh'
[0.433s] INFO:colcon.colcon_core.shell:Creating package script '/home/jerome/arm_new/install/arm_urdf_moveit_config/share/arm_urdf_moveit_config/package.bash'
[0.433s] INFO:colcon.colcon_core.shell:Creating package script '/home/jerome/arm_new/install/arm_urdf_moveit_config/share/arm_urdf_moveit_config/package.zsh'
[0.433s] Level 1:colcon.colcon_core.environment:create_file_with_runtime_dependencies(/home/jerome/arm_new/install/arm_urdf_moveit_config/share/colcon-core/packages/arm_urdf_moveit_config)
[0.433s] Level 1:colcon.colcon_core.environment:create_environment_scripts_only(arm_urdf_moveit_config)
[0.434s] Level 1:colcon.colcon_core.environment:checking '/home/jerome/arm_new/install/arm_urdf_moveit_config' for CMake module files
[0.434s] Level 1:colcon.colcon_core.environment:checking '/home/jerome/arm_new/install/arm_urdf_moveit_config' for CMake config files
[0.434s] Level 1:colcon.colcon_core.shell:create_environment_hook('arm_urdf_moveit_config', 'cmake_prefix_path')
[0.434s] INFO:colcon.colcon_core.shell:Creating environment hook '/home/jerome/arm_new/install/arm_urdf_moveit_config/share/arm_urdf_moveit_config/hook/cmake_prefix_path.ps1'
[0.434s] INFO:colcon.colcon_core.shell:Creating environment descriptor '/home/jerome/arm_new/install/arm_urdf_moveit_config/share/arm_urdf_moveit_config/hook/cmake_prefix_path.dsv'
[0.434s] INFO:colcon.colcon_core.shell:Creating environment hook '/home/jerome/arm_new/install/arm_urdf_moveit_config/share/arm_urdf_moveit_config/hook/cmake_prefix_path.sh'
[0.435s] Level 1:colcon.colcon_core.environment:checking '/home/jerome/arm_new/install/arm_urdf_moveit_config/bin'
[0.435s] Level 1:colcon.colcon_core.environment:checking '/home/jerome/arm_new/install/arm_urdf_moveit_config/lib/pkgconfig/arm_urdf_moveit_config.pc'
[0.435s] Level 1:colcon.colcon_core.environment:checking '/home/jerome/arm_new/install/arm_urdf_moveit_config/lib/python3.10/site-packages'
[0.435s] Level 1:colcon.colcon_core.environment:checking '/home/jerome/arm_new/install/arm_urdf_moveit_config/bin'
[0.435s] INFO:colcon.colcon_core.shell:Creating package script '/home/jerome/arm_new/install/arm_urdf_moveit_config/share/arm_urdf_moveit_config/package.ps1'
[0.435s] INFO:colcon.colcon_core.shell:Creating package descriptor '/home/jerome/arm_new/install/arm_urdf_moveit_config/share/arm_urdf_moveit_config/package.dsv'
[0.436s] INFO:colcon.colcon_core.shell:Creating package script '/home/jerome/arm_new/install/arm_urdf_moveit_config/share/arm_urdf_moveit_config/package.sh'
[0.436s] INFO:colcon.colcon_core.shell:Creating package script '/home/jerome/arm_new/install/arm_urdf_moveit_config/share/arm_urdf_moveit_config/package.bash'
[0.436s] INFO:colcon.colcon_core.shell:Creating package script '/home/jerome/arm_new/install/arm_urdf_moveit_config/share/arm_urdf_moveit_config/package.zsh'
[0.436s] Level 1:colcon.colcon_core.environment:create_file_with_runtime_dependencies(/home/jerome/arm_new/install/arm_urdf_moveit_config/share/colcon-core/packages/arm_urdf_moveit_config)
[0.561s] DEBUG:colcon.colcon_core.event_handler.log_command:Invoked command in '/home/jerome/arm_new/build/linkattacher_msgs' returned '0': CMAKE_PREFIX_PATH=${CMAKE_PREFIX_PATH}:/home/jerome/ws_moveit2/install/moveit_configs_utils:/home/jerome/ws_moveit2/install/launch_param_builder:/opt/ros/humble /usr/bin/cmake --build /home/jerome/arm_new/build/linkattacher_msgs -- -j16 -l16
[0.562s] DEBUG:colcon.colcon_core.event_handler.log_command:Invoking command in '/home/jerome/arm_new/build/linkattacher_msgs': CMAKE_PREFIX_PATH=${CMAKE_PREFIX_PATH}:/home/jerome/ws_moveit2/install/moveit_configs_utils:/home/jerome/ws_moveit2/install/launch_param_builder:/opt/ros/humble /usr/bin/cmake --install /home/jerome/arm_new/build/linkattacher_msgs
[0.601s] Level 1:colcon.colcon_core.environment:create_environment_scripts_only(linkattacher_msgs)
[0.602s] Level 1:colcon.colcon_core.environment:checking '/home/jerome/arm_new/install/linkattacher_msgs' for CMake module files
[0.602s] DEBUG:colcon.colcon_core.event_handler.log_command:Invoked command in '/home/jerome/arm_new/build/linkattacher_msgs' returned '0': CMAKE_PREFIX_PATH=${CMAKE_PREFIX_PATH}:/home/jerome/ws_moveit2/install/moveit_configs_utils:/home/jerome/ws_moveit2/install/launch_param_builder:/opt/ros/humble /usr/bin/cmake --install /home/jerome/arm_new/build/linkattacher_msgs
[0.602s] Level 1:colcon.colcon_core.environment:checking '/home/jerome/arm_new/install/linkattacher_msgs' for CMake config files
[0.603s] Level 1:colcon.colcon_core.shell:create_environment_hook('linkattacher_msgs', 'cmake_prefix_path')
[0.603s] INFO:colcon.colcon_core.shell:Creating environment hook '/home/jerome/arm_new/install/linkattacher_msgs/share/linkattacher_msgs/hook/cmake_prefix_path.ps1'
[0.603s] INFO:colcon.colcon_core.shell:Creating environment descriptor '/home/jerome/arm_new/install/linkattacher_msgs/share/linkattacher_msgs/hook/cmake_prefix_path.dsv'
[0.603s] INFO:colcon.colcon_core.shell:Creating environment hook '/home/jerome/arm_new/install/linkattacher_msgs/share/linkattacher_msgs/hook/cmake_prefix_path.sh'
[0.604s] Level 1:colcon.colcon_core.environment:checking '/home/jerome/arm_new/install/linkattacher_msgs/lib'
[0.604s] Level 1:colcon.colcon_core.shell:create_environment_hook('linkattacher_msgs', 'ld_library_path_lib')
[0.604s] INFO:colcon.colcon_core.shell:Creating environment hook '/home/jerome/arm_new/install/linkattacher_msgs/share/linkattacher_msgs/hook/ld_library_path_lib.ps1'
[0.604s] INFO:colcon.colcon_core.shell:Creating environment descriptor '/home/jerome/arm_new/install/linkattacher_msgs/share/linkattacher_msgs/hook/ld_library_path_lib.dsv'
[0.604s] INFO:colcon.colcon_core.shell:Creating environment hook '/home/jerome/arm_new/install/linkattacher_msgs/share/linkattacher_msgs/hook/ld_library_path_lib.sh'
[0.604s] Level 1:colcon.colcon_core.environment:checking '/home/jerome/arm_new/install/linkattacher_msgs/bin'
[0.604s] Level 1:colcon.colcon_core.environment:checking '/home/jerome/arm_new/install/linkattacher_msgs/lib/pkgconfig/linkattacher_msgs.pc'
[0.605s] Level 1:colcon.colcon_core.environment:checking '/home/jerome/arm_new/install/linkattacher_msgs/lib/python3.10/site-packages'
[0.605s] Level 1:colcon.colcon_core.environment:checking '/home/jerome/arm_new/install/linkattacher_msgs/bin'
[0.605s] INFO:colcon.colcon_core.shell:Creating package script '/home/jerome/arm_new/install/linkattacher_msgs/share/linkattacher_msgs/package.ps1'
[0.605s] INFO:colcon.colcon_core.shell:Creating package descriptor '/home/jerome/arm_new/install/linkattacher_msgs/share/linkattacher_msgs/package.dsv'
[0.605s] INFO:colcon.colcon_core.shell:Creating package script '/home/jerome/arm_new/install/linkattacher_msgs/share/linkattacher_msgs/package.sh'
[0.606s] INFO:colcon.colcon_core.shell:Creating package script '/home/jerome/arm_new/install/linkattacher_msgs/share/linkattacher_msgs/package.bash'
[0.606s] INFO:colcon.colcon_core.shell:Creating package script '/home/jerome/arm_new/install/linkattacher_msgs/share/linkattacher_msgs/package.zsh'
[0.606s] Level 1:colcon.colcon_core.environment:create_file_with_runtime_dependencies(/home/jerome/arm_new/install/linkattacher_msgs/share/colcon-core/packages/linkattacher_msgs)
[0.606s] Level 1:colcon.colcon_core.environment:create_environment_scripts_only(linkattacher_msgs)
[0.606s] Level 1:colcon.colcon_core.environment:checking '/home/jerome/arm_new/install/linkattacher_msgs' for CMake module files
[0.607s] Level 1:colcon.colcon_core.environment:checking '/home/jerome/arm_new/install/linkattacher_msgs' for CMake config files
[0.607s] Level 1:colcon.colcon_core.shell:create_environment_hook('linkattacher_msgs', 'cmake_prefix_path')
[0.607s] INFO:colcon.colcon_core.shell:Creating environment hook '/home/jerome/arm_new/install/linkattacher_msgs/share/linkattacher_msgs/hook/cmake_prefix_path.ps1'
[0.607s] INFO:colcon.colcon_core.shell:Creating environment descriptor '/home/jerome/arm_new/install/linkattacher_msgs/share/linkattacher_msgs/hook/cmake_prefix_path.dsv'
[0.608s] INFO:colcon.colcon_core.shell:Creating environment hook '/home/jerome/arm_new/install/linkattacher_msgs/share/linkattacher_msgs/hook/cmake_prefix_path.sh'
[0.608s] Level 1:colcon.colcon_core.environment:checking '/home/jerome/arm_new/install/linkattacher_msgs/lib'
[0.608s] Level 1:colcon.colcon_core.shell:create_environment_hook('linkattacher_msgs', 'ld_library_path_lib')
[0.608s] INFO:colcon.colcon_core.shell:Creating environment hook '/home/jerome/arm_new/install/linkattacher_msgs/share/linkattacher_msgs/hook/ld_library_path_lib.ps1'
[0.608s] INFO:colcon.colcon_core.shell:Creating environment descriptor '/home/jerome/arm_new/install/linkattacher_msgs/share/linkattacher_msgs/hook/ld_library_path_lib.dsv'
[0.608s] INFO:colcon.colcon_core.shell:Creating environment hook '/home/jerome/arm_new/install/linkattacher_msgs/share/linkattacher_msgs/hook/ld_library_path_lib.sh'
[0.609s] Level 1:colcon.colcon_core.environment:checking '/home/jerome/arm_new/install/linkattacher_msgs/bin'
[0.609s] Level 1:colcon.colcon_core.environment:checking '/home/jerome/arm_new/install/linkattacher_msgs/lib/pkgconfig/linkattacher_msgs.pc'
[0.609s] Level 1:colcon.colcon_core.environment:checking '/home/jerome/arm_new/install/linkattacher_msgs/lib/python3.10/site-packages'
[0.609s] Level 1:colcon.colcon_core.environment:checking '/home/jerome/arm_new/install/linkattacher_msgs/bin'
[0.609s] INFO:colcon.colcon_core.shell:Creating package script '/home/jerome/arm_new/install/linkattacher_msgs/share/linkattacher_msgs/package.ps1'
[0.609s] INFO:colcon.colcon_core.shell:Creating package descriptor '/home/jerome/arm_new/install/linkattacher_msgs/share/linkattacher_msgs/package.dsv'
[0.610s] INFO:colcon.colcon_core.shell:Creating package script '/home/jerome/arm_new/install/linkattacher_msgs/share/linkattacher_msgs/package.sh'
[0.610s] INFO:colcon.colcon_core.shell:Creating package script '/home/jerome/arm_new/install/linkattacher_msgs/share/linkattacher_msgs/package.bash'
[0.610s] INFO:colcon.colcon_core.shell:Creating package script '/home/jerome/arm_new/install/linkattacher_msgs/share/linkattacher_msgs/package.zsh'
[0.610s] Level 1:colcon.colcon_core.environment:create_file_with_runtime_dependencies(/home/jerome/arm_new/install/linkattacher_msgs/share/colcon-core/packages/linkattacher_msgs)
[0.611s] INFO:colcon.colcon_ros.task.ament_cmake.build:Building ROS package in '/home/jerome/arm_new/src/ros2_LinkAttacher' with build type 'ament_cmake'
[0.611s] INFO:colcon.colcon_cmake.task.cmake.build:Building CMake package in '/home/jerome/arm_new/src/ros2_LinkAttacher'
[0.611s] INFO:colcon.colcon_core.shell:Skip shell extension 'powershell' for command environment: Not usable outside of PowerShell
[0.611s] DEBUG:colcon.colcon_core.shell:Skip shell extension 'dsv' for command environment
[0.624s] DEBUG:colcon.colcon_core.event_handler.log_command:Invoking command in '/home/jerome/arm_new/build/ros2_linkattacher': CMAKE_PREFIX_PATH=/home/jerome/arm_new/install/linkattacher_msgs:/home/jerome/arm_new/install/ros2_linkattacher:/home/jerome/arm_new/install/pick_and_place:/home/jerome/arm_new/install/arm_urdf_moveit_config:/home/jerome/arm_new/install/arm_urdf:/home/jerome/ws_moveit2/install/pilz_industrial_motion_planner_testutils:/home/jerome/ws_moveit2/install/moveit_runtime:/home/jerome/ws_moveit2/install/moveit2_tutorials:/home/jerome/ws_moveit2/install/moveit:/home/jerome/ws_moveit2/install/moveit_planners:/home/jerome/ws_moveit2/install/pilz_industrial_motion_planner:/home/jerome/ws_moveit2/install/moveit_visual_tools:/home/jerome/ws_moveit2/install/moveit_task_constructor_visualization:/home/jerome/ws_moveit2/install/moveit_task_constructor_demo:/home/jerome/ws_moveit2/install/moveit_task_constructor_capabilities:/home/jerome/ws_moveit2/install/moveit_task_constructor_core:/home/jerome/ws_moveit2/install/moveit_ros_control_interface:/home/jerome/ws_moveit2/install/moveit_plugins:/home/jerome/ws_moveit2/install/moveit_simple_controller_manager:/home/jerome/ws_moveit2/install/moveit_setup_assistant:/home/jerome/ws_moveit2/install/moveit_setup_srdf_plugins:/home/jerome/ws_moveit2/install/moveit_setup_core_plugins:/home/jerome/ws_moveit2/install/moveit_setup_controllers:/home/jerome/ws_moveit2/install/moveit_setup_app_plugins:/home/jerome/ws_moveit2/install/moveit_setup_framework:/home/jerome/ws_moveit2/install/moveit_servo:/home/jerome/ws_moveit2/install/moveit_ros:/home/jerome/ws_moveit2/install/moveit_ros_visualization:/home/jerome/ws_moveit2/install/moveit_hybrid_planning:/home/jerome/ws_moveit2/install/moveit_ros_planning_interface:/home/jerome/ws_moveit2/install/moveit_ros_benchmarks:/home/jerome/ws_moveit2/install/moveit_ros_warehouse:/home/jerome/ws_moveit2/install/moveit_ros_robot_interaction:/home/jerome/ws_moveit2/install/moveit_ros_perception:/home/jerome/ws_moveit2/install/moveit_resources_prbt_pg70_support:/home/jerome/ws_moveit2/install/moveit_resources_prbt_moveit_config:/home/jerome/ws_moveit2/install/moveit_ros_move_group:/home/jerome/ws_moveit2/install/moveit_planners_ompl:/home/jerome/ws_moveit2/install/moveit_ros_planning:/home/jerome/ws_moveit2/install/moveit_ros_occupancy_map_monitor:/home/jerome/ws_moveit2/install/moveit_resources_prbt_ikfast_manipulator_plugin:/home/jerome/ws_moveit2/install/moveit_planners_chomp:/home/jerome/ws_moveit2/install/moveit_kinematics:/home/jerome/ws_moveit2/install/moveit_chomp_optimizer_adapter:/home/jerome/ws_moveit2/install/chomp_motion_planner:/home/jerome/ws_moveit2/install/moveit_core:/home/jerome/ws_moveit2/install/srdfdom:/home/jerome/ws_moveit2/install/rviz_marker_tools:/home/jerome/ws_moveit2/install/rosparam_shortcuts:/home/jerome/ws_moveit2/install/moveit_task_constructor_msgs:/home/jerome/ws_moveit2/install/moveit_resources_prbt_support:/home/jerome/ws_moveit2/install/moveit_resources:/home/jerome/ws_moveit2/install/moveit_resources_pr2_description:/home/jerome/ws_moveit2/install/moveit_resources_panda_moveit_config:/home/jerome/ws_moveit2/install/moveit_resources_panda_description:/home/jerome/ws_moveit2/install/moveit_resources_fanuc_moveit_config:/home/jerome/ws_moveit2/install/moveit_resources_fanuc_description:/home/jerome/ws_moveit2/install/moveit_common:/home/jerome/ws_moveit2/install/moveit_configs_utils:/home/jerome/ws_moveit2/install/launch_param_builder:/opt/ros/humble LD_LIBRARY_PATH=/home/jerome/arm_new/install/linkattacher_msgs/lib:/home/jerome/arm_new/install/ros2_linkattacher/lib:/home/jerome/ws_moveit2/install/pilz_industrial_motion_planner_testutils/lib:/home/jerome/ws_moveit2/install/pilz_industrial_motion_planner/lib:/home/jerome/ws_moveit2/install/moveit_visual_tools/lib:/home/jerome/ws_moveit2/install/moveit_task_constructor_visualization/lib:/home/jerome/ws_moveit2/install/moveit_task_constructor_demo/lib:/home/jerome/ws_moveit2/install/moveit_task_constructor_capabilities/lib:/home/jerome/ws_moveit2/install/moveit_task_constructor_core/lib:/home/jerome/ws_moveit2/install/moveit_ros_control_interface/lib:/home/jerome/ws_moveit2/install/moveit_simple_controller_manager/lib:/home/jerome/ws_moveit2/install/moveit_setup_assistant/lib:/home/jerome/ws_moveit2/install/moveit_setup_srdf_plugins/lib:/home/jerome/ws_moveit2/install/moveit_setup_core_plugins/lib:/home/jerome/ws_moveit2/install/moveit_setup_controllers/lib:/home/jerome/ws_moveit2/install/moveit_setup_app_plugins/lib:/home/jerome/ws_moveit2/install/moveit_setup_framework/lib:/home/jerome/ws_moveit2/install/moveit_servo/lib:/home/jerome/ws_moveit2/install/moveit_ros_visualization/lib:/home/jerome/ws_moveit2/install/moveit_hybrid_planning/lib:/home/jerome/ws_moveit2/install/moveit_ros_planning_interface/lib:/home/jerome/ws_moveit2/install/moveit_ros_benchmarks/lib:/home/jerome/ws_moveit2/install/moveit_ros_warehouse/lib:/home/jerome/ws_moveit2/install/moveit_ros_robot_interaction/lib:/home/jerome/ws_moveit2/install/moveit_ros_perception/lib:/home/jerome/ws_moveit2/install/moveit_ros_move_group/lib:/home/jerome/ws_moveit2/install/moveit_planners_ompl/lib:/home/jerome/ws_moveit2/install/moveit_ros_planning/lib:/home/jerome/ws_moveit2/install/moveit_ros_occupancy_map_monitor/lib:/home/jerome/ws_moveit2/install/moveit_resources_prbt_ikfast_manipulator_plugin/lib:/home/jerome/ws_moveit2/install/moveit_planners_chomp/lib:/home/jerome/ws_moveit2/install/moveit_kinematics/lib:/home/jerome/ws_moveit2/install/moveit_chomp_optimizer_adapter/lib:/home/jerome/ws_moveit2/install/chomp_motion_planner/lib:/home/jerome/ws_moveit2/install/moveit_core/lib:/home/jerome/ws_moveit2/install/srdfdom/lib:/home/jerome/ws_moveit2/install/rviz_marker_tools/lib:/home/jerome/ws_moveit2/install/rosparam_shortcuts/lib:/home/jerome/ws_moveit2/install/moveit_task_constructor_msgs/lib:/opt/ros/humble/opt/rviz_ogre_vendor/lib:/opt/ros/humble/lib/x86_64-linux-gnu:/opt/ros/humble/lib:/usr/lib/x86_64-linux-gnu/gazebo-11/plugins /usr/bin/cmake --build /home/jerome/arm_new/build/ros2_linkattacher -- -j16 -l16
[0.737s] DEBUG:colcon.colcon_core.event_handler.log_command:Invoked command in '/home/jerome/arm_new/build/ros2_linkattacher' returned '0': CMAKE_PREFIX_PATH=/home/jerome/arm_new/install/linkattacher_msgs:/home/jerome/arm_new/install/ros2_linkattacher:/home/jerome/arm_new/install/pick_and_place:/home/jerome/arm_new/install/arm_urdf_moveit_config:/home/jerome/arm_new/install/arm_urdf:/home/jerome/ws_moveit2/install/pilz_industrial_motion_planner_testutils:/home/jerome/ws_moveit2/install/moveit_runtime:/home/jerome/ws_moveit2/install/moveit2_tutorials:/home/jerome/ws_moveit2/install/moveit:/home/jerome/ws_moveit2/install/moveit_planners:/home/jerome/ws_moveit2/install/pilz_industrial_motion_planner:/home/jerome/ws_moveit2/install/moveit_visual_tools:/home/jerome/ws_moveit2/install/moveit_task_constructor_visualization:/home/jerome/ws_moveit2/install/moveit_task_constructor_demo:/home/jerome/ws_moveit2/install/moveit_task_constructor_capabilities:/home/jerome/ws_moveit2/install/moveit_task_constructor_core:/home/jerome/ws_moveit2/install/moveit_ros_control_interface:/home/jerome/ws_moveit2/install/moveit_plugins:/home/jerome/ws_moveit2/install/moveit_simple_controller_manager:/home/jerome/ws_moveit2/install/moveit_setup_assistant:/home/jerome/ws_moveit2/install/moveit_setup_srdf_plugins:/home/jerome/ws_moveit2/install/moveit_setup_core_plugins:/home/jerome/ws_moveit2/install/moveit_setup_controllers:/home/jerome/ws_moveit2/install/moveit_setup_app_plugins:/home/jerome/ws_moveit2/install/moveit_setup_framework:/home/jerome/ws_moveit2/install/moveit_servo:/home/jerome/ws_moveit2/install/moveit_ros:/home/jerome/ws_moveit2/install/moveit_ros_visualization:/home/jerome/ws_moveit2/install/moveit_hybrid_planning:/home/jerome/ws_moveit2/install/moveit_ros_planning_interface:/home/jerome/ws_moveit2/install/moveit_ros_benchmarks:/home/jerome/ws_moveit2/install/moveit_ros_warehouse:/home/jerome/ws_moveit2/install/moveit_ros_robot_interaction:/home/jerome/ws_moveit2/install/moveit_ros_perception:/home/jerome/ws_moveit2/install/moveit_resources_prbt_pg70_support:/home/jerome/ws_moveit2/install/moveit_resources_prbt_moveit_config:/home/jerome/ws_moveit2/install/moveit_ros_move_group:/home/jerome/ws_moveit2/install/moveit_planners_ompl:/home/jerome/ws_moveit2/install/moveit_ros_planning:/home/jerome/ws_moveit2/install/moveit_ros_occupancy_map_monitor:/home/jerome/ws_moveit2/install/moveit_resources_prbt_ikfast_manipulator_plugin:/home/jerome/ws_moveit2/install/moveit_planners_chomp:/home/jerome/ws_moveit2/install/moveit_kinematics:/home/jerome/ws_moveit2/install/moveit_chomp_optimizer_adapter:/home/jerome/ws_moveit2/install/chomp_motion_planner:/home/jerome/ws_moveit2/install/moveit_core:/home/jerome/ws_moveit2/install/srdfdom:/home/jerome/ws_moveit2/install/rviz_marker_tools:/home/jerome/ws_moveit2/install/rosparam_shortcuts:/home/jerome/ws_moveit2/install/moveit_task_constructor_msgs:/home/jerome/ws_moveit2/install/moveit_resources_prbt_support:/home/jerome/ws_moveit2/install/moveit_resources:/home/jerome/ws_moveit2/install/moveit_resources_pr2_description:/home/jerome/ws_moveit2/install/moveit_resources_panda_moveit_config:/home/jerome/ws_moveit2/install/moveit_resources_panda_description:/home/jerome/ws_moveit2/install/moveit_resources_fanuc_moveit_config:/home/jerome/ws_moveit2/install/moveit_resources_fanuc_description:/home/jerome/ws_moveit2/install/moveit_common:/home/jerome/ws_moveit2/install/moveit_configs_utils:/home/jerome/ws_moveit2/install/launch_param_builder:/opt/ros/humble LD_LIBRARY_PATH=/home/jerome/arm_new/install/linkattacher_msgs/lib:/home/jerome/arm_new/install/ros2_linkattacher/lib:/home/jerome/ws_moveit2/install/pilz_industrial_motion_planner_testutils/lib:/home/jerome/ws_moveit2/install/pilz_industrial_motion_planner/lib:/home/jerome/ws_moveit2/install/moveit_visual_tools/lib:/home/jerome/ws_moveit2/install/moveit_task_constructor_visualization/lib:/home/jerome/ws_moveit2/install/moveit_task_constructor_demo/lib:/home/jerome/ws_moveit2/install/moveit_task_constructor_capabilities/lib:/home/jerome/ws_moveit2/install/moveit_task_constructor_core/lib:/home/jerome/ws_moveit2/install/moveit_ros_control_interface/lib:/home/jerome/ws_moveit2/install/moveit_simple_controller_manager/lib:/home/jerome/ws_moveit2/install/moveit_setup_assistant/lib:/home/jerome/ws_moveit2/install/moveit_setup_srdf_plugins/lib:/home/jerome/ws_moveit2/install/moveit_setup_core_plugins/lib:/home/jerome/ws_moveit2/install/moveit_setup_controllers/lib:/home/jerome/ws_moveit2/install/moveit_setup_app_plugins/lib:/home/jerome/ws_moveit2/install/moveit_setup_framework/lib:/home/jerome/ws_moveit2/install/moveit_servo/lib:/home/jerome/ws_moveit2/install/moveit_ros_visualization/lib:/home/jerome/ws_moveit2/install/moveit_hybrid_planning/lib:/home/jerome/ws_moveit2/install/moveit_ros_planning_interface/lib:/home/jerome/ws_moveit2/install/moveit_ros_benchmarks/lib:/home/jerome/ws_moveit2/install/moveit_ros_warehouse/lib:/home/jerome/ws_moveit2/install/moveit_ros_robot_interaction/lib:/home/jerome/ws_moveit2/install/moveit_ros_perception/lib:/home/jerome/ws_moveit2/install/moveit_ros_move_group/lib:/home/jerome/ws_moveit2/install/moveit_planners_ompl/lib:/home/jerome/ws_moveit2/install/moveit_ros_planning/lib:/home/jerome/ws_moveit2/install/moveit_ros_occupancy_map_monitor/lib:/home/jerome/ws_moveit2/install/moveit_resources_prbt_ikfast_manipulator_plugin/lib:/home/jerome/ws_moveit2/install/moveit_planners_chomp/lib:/home/jerome/ws_moveit2/install/moveit_kinematics/lib:/home/jerome/ws_moveit2/install/moveit_chomp_optimizer_adapter/lib:/home/jerome/ws_moveit2/install/chomp_motion_planner/lib:/home/jerome/ws_moveit2/install/moveit_core/lib:/home/jerome/ws_moveit2/install/srdfdom/lib:/home/jerome/ws_moveit2/install/rviz_marker_tools/lib:/home/jerome/ws_moveit2/install/rosparam_shortcuts/lib:/home/jerome/ws_moveit2/install/moveit_task_constructor_msgs/lib:/opt/ros/humble/opt/rviz_ogre_vendor/lib:/opt/ros/humble/lib/x86_64-linux-gnu:/opt/ros/humble/lib:/usr/lib/x86_64-linux-gnu/gazebo-11/plugins /usr/bin/cmake --build /home/jerome/arm_new/build/ros2_linkattacher -- -j16 -l16
[0.739s] DEBUG:colcon.colcon_core.event_handler.log_command:Invoking command in '/home/jerome/arm_new/build/ros2_linkattacher': CMAKE_PREFIX_PATH=/home/jerome/arm_new/install/linkattacher_msgs:/home/jerome/arm_new/install/ros2_linkattacher:/home/jerome/arm_new/install/pick_and_place:/home/jerome/arm_new/install/arm_urdf_moveit_config:/home/jerome/arm_new/install/arm_urdf:/home/jerome/ws_moveit2/install/pilz_industrial_motion_planner_testutils:/home/jerome/ws_moveit2/install/moveit_runtime:/home/jerome/ws_moveit2/install/moveit2_tutorials:/home/jerome/ws_moveit2/install/moveit:/home/jerome/ws_moveit2/install/moveit_planners:/home/jerome/ws_moveit2/install/pilz_industrial_motion_planner:/home/jerome/ws_moveit2/install/moveit_visual_tools:/home/jerome/ws_moveit2/install/moveit_task_constructor_visualization:/home/jerome/ws_moveit2/install/moveit_task_constructor_demo:/home/jerome/ws_moveit2/install/moveit_task_constructor_capabilities:/home/jerome/ws_moveit2/install/moveit_task_constructor_core:/home/jerome/ws_moveit2/install/moveit_ros_control_interface:/home/jerome/ws_moveit2/install/moveit_plugins:/home/jerome/ws_moveit2/install/moveit_simple_controller_manager:/home/jerome/ws_moveit2/install/moveit_setup_assistant:/home/jerome/ws_moveit2/install/moveit_setup_srdf_plugins:/home/jerome/ws_moveit2/install/moveit_setup_core_plugins:/home/jerome/ws_moveit2/install/moveit_setup_controllers:/home/jerome/ws_moveit2/install/moveit_setup_app_plugins:/home/jerome/ws_moveit2/install/moveit_setup_framework:/home/jerome/ws_moveit2/install/moveit_servo:/home/jerome/ws_moveit2/install/moveit_ros:/home/jerome/ws_moveit2/install/moveit_ros_visualization:/home/jerome/ws_moveit2/install/moveit_hybrid_planning:/home/jerome/ws_moveit2/install/moveit_ros_planning_interface:/home/jerome/ws_moveit2/install/moveit_ros_benchmarks:/home/jerome/ws_moveit2/install/moveit_ros_warehouse:/home/jerome/ws_moveit2/install/moveit_ros_robot_interaction:/home/jerome/ws_moveit2/install/moveit_ros_perception:/home/jerome/ws_moveit2/install/moveit_resources_prbt_pg70_support:/home/jerome/ws_moveit2/install/moveit_resources_prbt_moveit_config:/home/jerome/ws_moveit2/install/moveit_ros_move_group:/home/jerome/ws_moveit2/install/moveit_planners_ompl:/home/jerome/ws_moveit2/install/moveit_ros_planning:/home/jerome/ws_moveit2/install/moveit_ros_occupancy_map_monitor:/home/jerome/ws_moveit2/install/moveit_resources_prbt_ikfast_manipulator_plugin:/home/jerome/ws_moveit2/install/moveit_planners_chomp:/home/jerome/ws_moveit2/install/moveit_kinematics:/home/jerome/ws_moveit2/install/moveit_chomp_optimizer_adapter:/home/jerome/ws_moveit2/install/chomp_motion_planner:/home/jerome/ws_moveit2/install/moveit_core:/home/jerome/ws_moveit2/install/srdfdom:/home/jerome/ws_moveit2/install/rviz_marker_tools:/home/jerome/ws_moveit2/install/rosparam_shortcuts:/home/jerome/ws_moveit2/install/moveit_task_constructor_msgs:/home/jerome/ws_moveit2/install/moveit_resources_prbt_support:/home/jerome/ws_moveit2/install/moveit_resources:/home/jerome/ws_moveit2/install/moveit_resources_pr2_description:/home/jerome/ws_moveit2/install/moveit_resources_panda_moveit_config:/home/jerome/ws_moveit2/install/moveit_resources_panda_description:/home/jerome/ws_moveit2/install/moveit_resources_fanuc_moveit_config:/home/jerome/ws_moveit2/install/moveit_resources_fanuc_description:/home/jerome/ws_moveit2/install/moveit_common:/home/jerome/ws_moveit2/install/moveit_configs_utils:/home/jerome/ws_moveit2/install/launch_param_builder:/opt/ros/humble LD_LIBRARY_PATH=/home/jerome/arm_new/install/linkattacher_msgs/lib:/home/jerome/arm_new/install/ros2_linkattacher/lib:/home/jerome/ws_moveit2/install/pilz_industrial_motion_planner_testutils/lib:/home/jerome/ws_moveit2/install/pilz_industrial_motion_planner/lib:/home/jerome/ws_moveit2/install/moveit_visual_tools/lib:/home/jerome/ws_moveit2/install/moveit_task_constructor_visualization/lib:/home/jerome/ws_moveit2/install/moveit_task_constructor_demo/lib:/home/jerome/ws_moveit2/install/moveit_task_constructor_capabilities/lib:/home/jerome/ws_moveit2/install/moveit_task_constructor_core/lib:/home/jerome/ws_moveit2/install/moveit_ros_control_interface/lib:/home/jerome/ws_moveit2/install/moveit_simple_controller_manager/lib:/home/jerome/ws_moveit2/install/moveit_setup_assistant/lib:/home/jerome/ws_moveit2/install/moveit_setup_srdf_plugins/lib:/home/jerome/ws_moveit2/install/moveit_setup_core_plugins/lib:/home/jerome/ws_moveit2/install/moveit_setup_controllers/lib:/home/jerome/ws_moveit2/install/moveit_setup_app_plugins/lib:/home/jerome/ws_moveit2/install/moveit_setup_framework/lib:/home/jerome/ws_moveit2/install/moveit_servo/lib:/home/jerome/ws_moveit2/install/moveit_ros_visualization/lib:/home/jerome/ws_moveit2/install/moveit_hybrid_planning/lib:/home/jerome/ws_moveit2/install/moveit_ros_planning_interface/lib:/home/jerome/ws_moveit2/install/moveit_ros_benchmarks/lib:/home/jerome/ws_moveit2/install/moveit_ros_warehouse/lib:/home/jerome/ws_moveit2/install/moveit_ros_robot_interaction/lib:/home/jerome/ws_moveit2/install/moveit_ros_perception/lib:/home/jerome/ws_moveit2/install/moveit_ros_move_group/lib:/home/jerome/ws_moveit2/install/moveit_planners_ompl/lib:/home/jerome/ws_moveit2/install/moveit_ros_planning/lib:/home/jerome/ws_moveit2/install/moveit_ros_occupancy_map_monitor/lib:/home/jerome/ws_moveit2/install/moveit_resources_prbt_ikfast_manipulator_plugin/lib:/home/jerome/ws_moveit2/install/moveit_planners_chomp/lib:/home/jerome/ws_moveit2/install/moveit_kinematics/lib:/home/jerome/ws_moveit2/install/moveit_chomp_optimizer_adapter/lib:/home/jerome/ws_moveit2/install/chomp_motion_planner/lib:/home/jerome/ws_moveit2/install/moveit_core/lib:/home/jerome/ws_moveit2/install/srdfdom/lib:/home/jerome/ws_moveit2/install/rviz_marker_tools/lib:/home/jerome/ws_moveit2/install/rosparam_shortcuts/lib:/home/jerome/ws_moveit2/install/moveit_task_constructor_msgs/lib:/opt/ros/humble/opt/rviz_ogre_vendor/lib:/opt/ros/humble/lib/x86_64-linux-gnu:/opt/ros/humble/lib:/usr/lib/x86_64-linux-gnu/gazebo-11/plugins /usr/bin/cmake --install /home/jerome/arm_new/build/ros2_linkattacher
[0.755s] Level 1:colcon.colcon_core.environment:create_environment_scripts_only(ros2_linkattacher)
[0.756s] Level 1:colcon.colcon_core.environment:checking '/home/jerome/arm_new/install/ros2_linkattacher' for CMake module files
[0.756s] DEBUG:colcon.colcon_core.event_handler.log_command:Invoked command in '/home/jerome/arm_new/build/ros2_linkattacher' returned '0': CMAKE_PREFIX_PATH=/home/jerome/arm_new/install/linkattacher_msgs:/home/jerome/arm_new/install/ros2_linkattacher:/home/jerome/arm_new/install/pick_and_place:/home/jerome/arm_new/install/arm_urdf_moveit_config:/home/jerome/arm_new/install/arm_urdf:/home/jerome/ws_moveit2/install/pilz_industrial_motion_planner_testutils:/home/jerome/ws_moveit2/install/moveit_runtime:/home/jerome/ws_moveit2/install/moveit2_tutorials:/home/jerome/ws_moveit2/install/moveit:/home/jerome/ws_moveit2/install/moveit_planners:/home/jerome/ws_moveit2/install/pilz_industrial_motion_planner:/home/jerome/ws_moveit2/install/moveit_visual_tools:/home/jerome/ws_moveit2/install/moveit_task_constructor_visualization:/home/jerome/ws_moveit2/install/moveit_task_constructor_demo:/home/jerome/ws_moveit2/install/moveit_task_constructor_capabilities:/home/jerome/ws_moveit2/install/moveit_task_constructor_core:/home/jerome/ws_moveit2/install/moveit_ros_control_interface:/home/jerome/ws_moveit2/install/moveit_plugins:/home/jerome/ws_moveit2/install/moveit_simple_controller_manager:/home/jerome/ws_moveit2/install/moveit_setup_assistant:/home/jerome/ws_moveit2/install/moveit_setup_srdf_plugins:/home/jerome/ws_moveit2/install/moveit_setup_core_plugins:/home/jerome/ws_moveit2/install/moveit_setup_controllers:/home/jerome/ws_moveit2/install/moveit_setup_app_plugins:/home/jerome/ws_moveit2/install/moveit_setup_framework:/home/jerome/ws_moveit2/install/moveit_servo:/home/jerome/ws_moveit2/install/moveit_ros:/home/jerome/ws_moveit2/install/moveit_ros_visualization:/home/jerome/ws_moveit2/install/moveit_hybrid_planning:/home/jerome/ws_moveit2/install/moveit_ros_planning_interface:/home/jerome/ws_moveit2/install/moveit_ros_benchmarks:/home/jerome/ws_moveit2/install/moveit_ros_warehouse:/home/jerome/ws_moveit2/install/moveit_ros_robot_interaction:/home/jerome/ws_moveit2/install/moveit_ros_perception:/home/jerome/ws_moveit2/install/moveit_resources_prbt_pg70_support:/home/jerome/ws_moveit2/install/moveit_resources_prbt_moveit_config:/home/jerome/ws_moveit2/install/moveit_ros_move_group:/home/jerome/ws_moveit2/install/moveit_planners_ompl:/home/jerome/ws_moveit2/install/moveit_ros_planning:/home/jerome/ws_moveit2/install/moveit_ros_occupancy_map_monitor:/home/jerome/ws_moveit2/install/moveit_resources_prbt_ikfast_manipulator_plugin:/home/jerome/ws_moveit2/install/moveit_planners_chomp:/home/jerome/ws_moveit2/install/moveit_kinematics:/home/jerome/ws_moveit2/install/moveit_chomp_optimizer_adapter:/home/jerome/ws_moveit2/install/chomp_motion_planner:/home/jerome/ws_moveit2/install/moveit_core:/home/jerome/ws_moveit2/install/srdfdom:/home/jerome/ws_moveit2/install/rviz_marker_tools:/home/jerome/ws_moveit2/install/rosparam_shortcuts:/home/jerome/ws_moveit2/install/moveit_task_constructor_msgs:/home/jerome/ws_moveit2/install/moveit_resources_prbt_support:/home/jerome/ws_moveit2/install/moveit_resources:/home/jerome/ws_moveit2/install/moveit_resources_pr2_description:/home/jerome/ws_moveit2/install/moveit_resources_panda_moveit_config:/home/jerome/ws_moveit2/install/moveit_resources_panda_description:/home/jerome/ws_moveit2/install/moveit_resources_fanuc_moveit_config:/home/jerome/ws_moveit2/install/moveit_resources_fanuc_description:/home/jerome/ws_moveit2/install/moveit_common:/home/jerome/ws_moveit2/install/moveit_configs_utils:/home/jerome/ws_moveit2/install/launch_param_builder:/opt/ros/humble LD_LIBRARY_PATH=/home/jerome/arm_new/install/linkattacher_msgs/lib:/home/jerome/arm_new/install/ros2_linkattacher/lib:/home/jerome/ws_moveit2/install/pilz_industrial_motion_planner_testutils/lib:/home/jerome/ws_moveit2/install/pilz_industrial_motion_planner/lib:/home/jerome/ws_moveit2/install/moveit_visual_tools/lib:/home/jerome/ws_moveit2/install/moveit_task_constructor_visualization/lib:/home/jerome/ws_moveit2/install/moveit_task_constructor_demo/lib:/home/jerome/ws_moveit2/install/moveit_task_constructor_capabilities/lib:/home/jerome/ws_moveit2/install/moveit_task_constructor_core/lib:/home/jerome/ws_moveit2/install/moveit_ros_control_interface/lib:/home/jerome/ws_moveit2/install/moveit_simple_controller_manager/lib:/home/jerome/ws_moveit2/install/moveit_setup_assistant/lib:/home/jerome/ws_moveit2/install/moveit_setup_srdf_plugins/lib:/home/jerome/ws_moveit2/install/moveit_setup_core_plugins/lib:/home/jerome/ws_moveit2/install/moveit_setup_controllers/lib:/home/jerome/ws_moveit2/install/moveit_setup_app_plugins/lib:/home/jerome/ws_moveit2/install/moveit_setup_framework/lib:/home/jerome/ws_moveit2/install/moveit_servo/lib:/home/jerome/ws_moveit2/install/moveit_ros_visualization/lib:/home/jerome/ws_moveit2/install/moveit_hybrid_planning/lib:/home/jerome/ws_moveit2/install/moveit_ros_planning_interface/lib:/home/jerome/ws_moveit2/install/moveit_ros_benchmarks/lib:/home/jerome/ws_moveit2/install/moveit_ros_warehouse/lib:/home/jerome/ws_moveit2/install/moveit_ros_robot_interaction/lib:/home/jerome/ws_moveit2/install/moveit_ros_perception/lib:/home/jerome/ws_moveit2/install/moveit_ros_move_group/lib:/home/jerome/ws_moveit2/install/moveit_planners_ompl/lib:/home/jerome/ws_moveit2/install/moveit_ros_planning/lib:/home/jerome/ws_moveit2/install/moveit_ros_occupancy_map_monitor/lib:/home/jerome/ws_moveit2/install/moveit_resources_prbt_ikfast_manipulator_plugin/lib:/home/jerome/ws_moveit2/install/moveit_planners_chomp/lib:/home/jerome/ws_moveit2/install/moveit_kinematics/lib:/home/jerome/ws_moveit2/install/moveit_chomp_optimizer_adapter/lib:/home/jerome/ws_moveit2/install/chomp_motion_planner/lib:/home/jerome/ws_moveit2/install/moveit_core/lib:/home/jerome/ws_moveit2/install/srdfdom/lib:/home/jerome/ws_moveit2/install/rviz_marker_tools/lib:/home/jerome/ws_moveit2/install/rosparam_shortcuts/lib:/home/jerome/ws_moveit2/install/moveit_task_constructor_msgs/lib:/opt/ros/humble/opt/rviz_ogre_vendor/lib:/opt/ros/humble/lib/x86_64-linux-gnu:/opt/ros/humble/lib:/usr/lib/x86_64-linux-gnu/gazebo-11/plugins /usr/bin/cmake --install /home/jerome/arm_new/build/ros2_linkattacher
[0.757s] Level 1:colcon.colcon_core.environment:checking '/home/jerome/arm_new/install/ros2_linkattacher' for CMake config files
[0.757s] Level 1:colcon.colcon_core.shell:create_environment_hook('ros2_linkattacher', 'cmake_prefix_path')
[0.757s] INFO:colcon.colcon_core.shell:Creating environment hook '/home/jerome/arm_new/install/ros2_linkattacher/share/ros2_linkattacher/hook/cmake_prefix_path.ps1'
[0.758s] INFO:colcon.colcon_core.shell:Creating environment descriptor '/home/jerome/arm_new/install/ros2_linkattacher/share/ros2_linkattacher/hook/cmake_prefix_path.dsv'
[0.758s] INFO:colcon.colcon_core.shell:Creating environment hook '/home/jerome/arm_new/install/ros2_linkattacher/share/ros2_linkattacher/hook/cmake_prefix_path.sh'
[0.759s] Level 1:colcon.colcon_core.environment:checking '/home/jerome/arm_new/install/ros2_linkattacher/lib'
[0.759s] Level 1:colcon.colcon_core.shell:create_environment_hook('ros2_linkattacher', 'ld_library_path_lib')
[0.759s] INFO:colcon.colcon_core.shell:Creating environment hook '/home/jerome/arm_new/install/ros2_linkattacher/share/ros2_linkattacher/hook/ld_library_path_lib.ps1'
[0.760s] INFO:colcon.colcon_core.shell:Creating environment descriptor '/home/jerome/arm_new/install/ros2_linkattacher/share/ros2_linkattacher/hook/ld_library_path_lib.dsv'
[0.760s] INFO:colcon.colcon_core.shell:Creating environment hook '/home/jerome/arm_new/install/ros2_linkattacher/share/ros2_linkattacher/hook/ld_library_path_lib.sh'
[0.760s] Level 1:colcon.colcon_core.environment:checking '/home/jerome/arm_new/install/ros2_linkattacher/bin'
[0.760s] Level 1:colcon.colcon_core.environment:checking '/home/jerome/arm_new/install/ros2_linkattacher/lib/pkgconfig/ros2_linkattacher.pc'
[0.761s] Level 1:colcon.colcon_core.environment:checking '/home/jerome/arm_new/install/ros2_linkattacher/lib/python3.10/site-packages'
[0.761s] Level 1:colcon.colcon_core.environment:checking '/home/jerome/arm_new/install/ros2_linkattacher/bin'
[0.761s] INFO:colcon.colcon_core.shell:Creating package script '/home/jerome/arm_new/install/ros2_linkattacher/share/ros2_linkattacher/package.ps1'
[0.762s] INFO:colcon.colcon_core.shell:Creating package descriptor '/home/jerome/arm_new/install/ros2_linkattacher/share/ros2_linkattacher/package.dsv'
[0.763s] INFO:colcon.colcon_core.shell:Creating package script '/home/jerome/arm_new/install/ros2_linkattacher/share/ros2_linkattacher/package.sh'
[0.763s] INFO:colcon.colcon_core.shell:Creating package script '/home/jerome/arm_new/install/ros2_linkattacher/share/ros2_linkattacher/package.bash'
[0.763s] INFO:colcon.colcon_core.shell:Creating package script '/home/jerome/arm_new/install/ros2_linkattacher/share/ros2_linkattacher/package.zsh'
[0.764s] Level 1:colcon.colcon_core.environment:create_file_with_runtime_dependencies(/home/jerome/arm_new/install/ros2_linkattacher/share/colcon-core/packages/ros2_linkattacher)
[0.764s] Level 1:colcon.colcon_core.environment:create_environment_scripts_only(ros2_linkattacher)
[0.765s] Level 1:colcon.colcon_core.environment:checking '/home/jerome/arm_new/install/ros2_linkattacher' for CMake module files
[0.765s] Level 1:colcon.colcon_core.environment:checking '/home/jerome/arm_new/install/ros2_linkattacher' for CMake config files
[0.765s] Level 1:colcon.colcon_core.shell:create_environment_hook('ros2_linkattacher', 'cmake_prefix_path')
[0.766s] INFO:colcon.colcon_core.shell:Creating environment hook '/home/jerome/arm_new/install/ros2_linkattacher/share/ros2_linkattacher/hook/cmake_prefix_path.ps1'
[0.766s] INFO:colcon.colcon_core.shell:Creating environment descriptor '/home/jerome/arm_new/install/ros2_linkattacher/share/ros2_linkattacher/hook/cmake_prefix_path.dsv'
[0.767s] INFO:colcon.colcon_core.shell:Creating environment hook '/home/jerome/arm_new/install/ros2_linkattacher/share/ros2_linkattacher/hook/cmake_prefix_path.sh'
[0.767s] Level 1:colcon.colcon_core.environment:checking '/home/jerome/arm_new/install/ros2_linkattacher/lib'
[0.767s] Level 1:colcon.colcon_core.shell:create_environment_hook('ros2_linkattacher', 'ld_library_path_lib')
[0.768s] INFO:colcon.colcon_core.shell:Creating environment hook '/home/jerome/arm_new/install/ros2_linkattacher/share/ros2_linkattacher/hook/ld_library_path_lib.ps1'
[0.768s] INFO:colcon.colcon_core.shell:Creating environment descriptor '/home/jerome/arm_new/install/ros2_linkattacher/share/ros2_linkattacher/hook/ld_library_path_lib.dsv'
[0.768s] INFO:colcon.colcon_core.shell:Creating environment hook '/home/jerome/arm_new/install/ros2_linkattacher/share/ros2_linkattacher/hook/ld_library_path_lib.sh'
[0.769s] Level 1:colcon.colcon_core.environment:checking '/home/jerome/arm_new/install/ros2_linkattacher/bin'
[0.769s] Level 1:colcon.colcon_core.environment:checking '/home/jerome/arm_new/install/ros2_linkattacher/lib/pkgconfig/ros2_linkattacher.pc'
[0.769s] Level 1:colcon.colcon_core.environment:checking '/home/jerome/arm_new/install/ros2_linkattacher/lib/python3.10/site-packages'
[0.769s] Level 1:colcon.colcon_core.environment:checking '/home/jerome/arm_new/install/ros2_linkattacher/bin'
[0.770s] INFO:colcon.colcon_core.shell:Creating package script '/home/jerome/arm_new/install/ros2_linkattacher/share/ros2_linkattacher/package.ps1'
[0.771s] INFO:colcon.colcon_core.shell:Creating package descriptor '/home/jerome/arm_new/install/ros2_linkattacher/share/ros2_linkattacher/package.dsv'
[0.771s] INFO:colcon.colcon_core.shell:Creating package script '/home/jerome/arm_new/install/ros2_linkattacher/share/ros2_linkattacher/package.sh'
[0.772s] INFO:colcon.colcon_core.shell:Creating package script '/home/jerome/arm_new/install/ros2_linkattacher/share/ros2_linkattacher/package.bash'
[0.772s] INFO:colcon.colcon_core.shell:Creating package script '/home/jerome/arm_new/install/ros2_linkattacher/share/ros2_linkattacher/package.zsh'
[0.773s] Level 1:colcon.colcon_core.environment:create_file_with_runtime_dependencies(/home/jerome/arm_new/install/ros2_linkattacher/share/colcon-core/packages/ros2_linkattacher)
[0.773s] DEBUG:colcon.colcon_parallel_executor.executor.parallel:closing loop
[0.773s] DEBUG:colcon.colcon_parallel_executor.executor.parallel:loop closed
[0.774s] DEBUG:colcon.colcon_parallel_executor.executor.parallel:run_until_complete finished with '0'
[0.774s] DEBUG:colcon.colcon_core.event_reactor:joining thread
[0.780s] INFO:colcon.colcon_core.plugin_system:Skipping extension 'colcon_notification.desktop_notification.terminal_notifier': Not used on non-Darwin systems
[0.780s] INFO:colcon.colcon_core.plugin_system:Skipping extension 'colcon_notification.desktop_notification.win32': Not used on non-Windows systems
[0.780s] INFO:colcon.colcon_notification.desktop_notification:Sending desktop notification using 'notify2'
[0.794s] DEBUG:colcon.colcon_core.event_reactor:joined thread
[0.794s] INFO:colcon.colcon_core.shell:Creating prefix script '/home/jerome/arm_new/install/local_setup.ps1'
[0.795s] INFO:colcon.colcon_core.shell:Creating prefix util module '/home/jerome/arm_new/install/_local_setup_util_ps1.py'
[0.797s] INFO:colcon.colcon_core.shell:Creating prefix chain script '/home/jerome/arm_new/install/setup.ps1'
[0.801s] INFO:colcon.colcon_core.shell:Creating prefix script '/home/jerome/arm_new/install/local_setup.sh'
[0.802s] INFO:colcon.colcon_core.shell:Creating prefix util module '/home/jerome/arm_new/install/_local_setup_util_sh.py'
[0.802s] INFO:colcon.colcon_core.shell:Creating prefix chain script '/home/jerome/arm_new/install/setup.sh'
[0.804s] INFO:colcon.colcon_core.shell:Creating prefix script '/home/jerome/arm_new/install/local_setup.bash'
[0.805s] INFO:colcon.colcon_core.shell:Creating prefix chain script '/home/jerome/arm_new/install/setup.bash'
[0.806s] INFO:colcon.colcon_core.shell:Creating prefix script '/home/jerome/arm_new/install/local_setup.zsh'
[0.807s] INFO:colcon.colcon_core.shell:Creating prefix chain script '/home/jerome/arm_new/install/setup.zsh'
