-- Install configuration: ""
-- Up-to-date: /home/jerome/arm_new/install/arm_urdf/share/arm_urdf//launch
-- Up-to-date: /home/jerome/arm_new/install/arm_urdf/share/arm_urdf//launch/display.launch.py
-- Installing: /home/jerome/arm_new/install/arm_urdf/share/arm_urdf//launch/pnp_rviz.launch.py
-- Up-to-date: /home/jerome/arm_new/install/arm_urdf/share/arm_urdf//launch/spawner.launch.py
-- Up-to-date: /home/jerome/arm_new/install/arm_urdf/share/arm_urdf//launch/pick_and_place.launch.py
-- Up-to-date: /home/jerome/arm_new/install/arm_urdf/share/arm_urdf//meshes
-- Up-to-date: /home/jerome/arm_new/install/arm_urdf/share/arm_urdf//meshes/AX_12A_01.stl
-- Up-to-date: /home/jerome/arm_new/install/arm_urdf/share/arm_urdf//meshes/link4.stl
-- Up-to-date: /home/jerome/arm_new/install/arm_urdf/share/arm_urdf//meshes/Soft_finger_2.stl
-- Up-to-date: /home/jerome/arm_new/install/arm_urdf/share/arm_urdf//meshes/AX_12A_03.stl
-- Up-to-date: /home/jerome/arm_new/install/arm_urdf/share/arm_urdf//meshes/link5.stl
-- Up-to-date: /home/jerome/arm_new/install/arm_urdf/share/arm_urdf//meshes/base_link.stl
-- Up-to-date: /home/jerome/arm_new/install/arm_urdf/share/arm_urdf//meshes/link1.stl
-- Up-to-date: /home/jerome/arm_new/install/arm_urdf/share/arm_urdf//meshes/link2.stl
-- Up-to-date: /home/jerome/arm_new/install/arm_urdf/share/arm_urdf//meshes/Gear_Flange_Driven.stl
-- Up-to-date: /home/jerome/arm_new/install/arm_urdf/share/arm_urdf//meshes/Soft_finger_1.stl
-- Up-to-date: /home/jerome/arm_new/install/arm_urdf/share/arm_urdf//meshes/link6.stl
-- Up-to-date: /home/jerome/arm_new/install/arm_urdf/share/arm_urdf//meshes/Gear_Flange_Motor.stl
-- Up-to-date: /home/jerome/arm_new/install/arm_urdf/share/arm_urdf//meshes/link3.stl
-- Up-to-date: /home/jerome/arm_new/install/arm_urdf/share/arm_urdf//meshes/AX_12A_04.stl
-- Up-to-date: /home/jerome/arm_new/install/arm_urdf/share/arm_urdf//meshes/AX_12A_02.stl
-- Up-to-date: /home/jerome/arm_new/install/arm_urdf/share/arm_urdf//urdf
-- Up-to-date: /home/jerome/arm_new/install/arm_urdf/share/arm_urdf//urdf/(Unsaved).urdf
-- Up-to-date: /home/jerome/arm_new/install/arm_urdf/share/arm_urdf//urdf/gen3_lite_gen3_lite_2f.xacro
-- Up-to-date: /home/jerome/arm_new/install/arm_urdf/share/arm_urdf//urdf/robot_model_6_dof.xacro
-- Installing: /home/jerome/arm_new/install/arm_urdf/share/arm_urdf//urdf/cylinder.urdf
-- Installing: /home/jerome/arm_new/install/arm_urdf/share/arm_urdf//urdf/arm_urdf.xacro
-- Up-to-date: /home/jerome/arm_new/install/arm_urdf/share/arm_urdf//urdf/arm_urdf.urdf
-- Up-to-date: /home/jerome/arm_new/install/arm_urdf/share/arm_urdf//config
-- Up-to-date: /home/jerome/arm_new/install/arm_urdf/share/arm_urdf//config/display.rviz
-- Installing: /home/jerome/arm_new/install/arm_urdf/share/arm_urdf//config/arm.world
-- Up-to-date: /home/jerome/arm_new/install/arm_urdf/share/ament_index/resource_index/package_run_dependencies/arm_urdf
-- Installing: /home/jerome/arm_new/install/arm_urdf/share/ament_index/resource_index/parent_prefix_path/arm_urdf
-- Installing: /home/jerome/arm_new/install/arm_urdf/share/arm_urdf/environment/ament_prefix_path.sh
-- Installing: /home/jerome/arm_new/install/arm_urdf/share/arm_urdf/environment/ament_prefix_path.dsv
-- Installing: /home/jerome/arm_new/install/arm_urdf/share/arm_urdf/environment/path.sh
-- Installing: /home/jerome/arm_new/install/arm_urdf/share/arm_urdf/environment/path.dsv
-- Up-to-date: /home/jerome/arm_new/install/arm_urdf/share/arm_urdf/local_setup.bash
-- Up-to-date: /home/jerome/arm_new/install/arm_urdf/share/arm_urdf/local_setup.sh
-- Up-to-date: /home/jerome/arm_new/install/arm_urdf/share/arm_urdf/local_setup.zsh
-- Installing: /home/jerome/arm_new/install/arm_urdf/share/arm_urdf/local_setup.dsv
-- Installing: /home/jerome/arm_new/install/arm_urdf/share/arm_urdf/package.dsv
-- Up-to-date: /home/jerome/arm_new/install/arm_urdf/share/ament_index/resource_index/packages/arm_urdf
-- Up-to-date: /home/jerome/arm_new/install/arm_urdf/share/arm_urdf/cmake/arm_urdfConfig.cmake
-- Up-to-date: /home/jerome/arm_new/install/arm_urdf/share/arm_urdf/cmake/arm_urdfConfig-version.cmake
-- Up-to-date: /home/jerome/arm_new/install/arm_urdf/share/arm_urdf/package.xml
