[0.013s] Invoking command in '/home/jerome/arm_new/build/arm_urdf': CMAKE_PREFIX_PATH=${CMAKE_PREFIX_PATH}:/home/jerome/ws_moveit2/install/moveit_configs_utils:/home/jerome/ws_moveit2/install/launch_param_builder:/opt/ros/humble /usr/bin/cmake --build /home/jerome/arm_new/build/arm_urdf -- -j16 -l16
[0.037s] -- Found ament_cmake: 1.3.11 (/opt/ros/humble/share/ament_cmake/cmake)
[0.127s] -- Found gazebo_ros: 3.9.0 (/opt/ros/humble/share/gazebo_ros/cmake)
[0.148s] -- Found rosidl_generator_c: 3.1.6 (/opt/ros/humble/share/rosidl_generator_c/cmake)
[0.149s] -- Found rosidl_adapter: 3.1.6 (/opt/ros/humble/share/rosidl_adapter/cmake)
[0.153s] -- Found rosidl_generator_cpp: 3.1.6 (/opt/ros/humble/share/rosidl_generator_cpp/cmake)
[0.161s] -- Using all available rosidl_typesupport_c: rosidl_typesupport_fastrtps_c;rosidl_typesupport_introspection_c
[0.170s] -- Using all available rosidl_typesupport_cpp: rosidl_typesupport_fastrtps_cpp;rosidl_typesupport_introspection_cpp
[0.192s] -- Found rmw_implementation_cmake: 6.1.2 (/opt/ros/humble/share/rmw_implementation_cmake/cmake)
[0.194s] -- Found rmw_cyclonedds_cpp: 1.3.4 (/opt/ros/humble/share/rmw_cyclonedds_cpp/cmake)
[0.207s] -- Using RMW implementation 'rmw_cyclonedds_cpp' as default
[0.262s] -- Found DART: /usr/include (Required is at least version "6.6") found components: dart 
[0.275s] -- Found Boost: /usr/lib/x86_64-linux-gnu/cmake/Boost-1.74.0/BoostConfig.cmake (found suitable version "1.74.0", minimum required is "1.40.0") found components: thread system filesystem program_options regex iostreams date_time 
[0.283s] -- Found Protobuf: /usr/lib/x86_64-linux-gnu/libprotobuf.so (found version "3.12.4") 
[0.283s] -- Looking for ignition-math6 -- found version 6.15.1
[0.287s] -- Searching for dependencies of ignition-math6
[0.288s] -- Looking for OGRE...
[0.292s] -- Found Ogre Ghadamon (1.9.0)
[0.292s] -- Found OGRE: optimized;/usr/lib/x86_64-linux-gnu/libOgreMain.so;debug;/usr/lib/x86_64-linux-gnu/libOgreMain.so
[0.299s] -- Looking for OGRE_Paging...
[0.299s] -- Found OGRE_Paging: optimized;/usr/lib/x86_64-linux-gnu/libOgrePaging.so;debug;/usr/lib/x86_64-linux-gnu/libOgrePaging.so
[0.299s] -- Looking for OGRE_Terrain...
[0.299s] -- Found OGRE_Terrain: optimized;/usr/lib/x86_64-linux-gnu/libOgreTerrain.so;debug;/usr/lib/x86_64-linux-gnu/libOgreTerrain.so
[0.299s] -- Looking for OGRE_Property...
[0.299s] -- Found OGRE_Property: optimized;/usr/lib/x86_64-linux-gnu/libOgreProperty.so;debug;/usr/lib/x86_64-linux-gnu/libOgreProperty.so
[0.300s] -- Looking for OGRE_RTShaderSystem...
[0.300s] -- Found OGRE_RTShaderSystem: optimized;/usr/lib/x86_64-linux-gnu/libOgreRTShaderSystem.so;debug;/usr/lib/x86_64-linux-gnu/libOgreRTShaderSystem.so
[0.300s] -- Looking for OGRE_Volume...
[0.300s] -- Found OGRE_Volume: optimized;/usr/lib/x86_64-linux-gnu/libOgreVolume.so;debug;/usr/lib/x86_64-linux-gnu/libOgreVolume.so
[0.300s] -- Looking for OGRE_Overlay...
[0.300s] -- Found OGRE_Overlay: optimized;/usr/lib/x86_64-linux-gnu/libOgreOverlay.so;debug;/usr/lib/x86_64-linux-gnu/libOgreOverlay.so
[0.436s] -- Looking for ignition-math6 -- found version 6.15.1
[0.436s] -- Looking for ignition-transport8 -- found version 8.2.1
[0.436s] -- Searching for dependencies of ignition-transport8
[0.451s] -- Found Protobuf: /usr/lib/x86_64-linux-gnu/libprotobuf.so (found suitable version "3.12.4", minimum required is "3") 
[0.461s] -- Config-file not installed for ZeroMQ -- checking for pkg-config
[0.466s] -- Checking for module 'libzmq >= 4'
[0.486s] --   Found libzmq , version 4.3.4
[0.555s] -- Checking for module 'uuid'
[0.582s] --   Found uuid, version 2.37.2
[0.639s] -- Looking for ignition-msgs5 -- found version 5.8.1
[0.639s] -- Searching for dependencies of ignition-msgs5
[0.663s] -- Looking for ignition-math6 -- found version 6.15.1
[0.671s] -- Checking for module 'tinyxml2'
[0.696s] --   Found tinyxml2, version 9.0.0
[0.753s] -- Looking for ignition-msgs5 -- found version 5.8.1
[0.753s] -- Looking for ignition-common3 -- found version 3.14.0
[0.754s] -- Searching for dependencies of ignition-common3
[0.754s] -- Looking for dlfcn.h - found
[0.754s] -- Looking for libdl - found
[0.775s] -- Searching for <ignition-common3> component [graphics]
[0.775s] -- Looking for ignition-common3-graphics -- found version 3.14.0
[0.775s] -- Searching for dependencies of ignition-common3-graphics
[0.775s] -- Looking for ignition-math6 -- found version 6.15.1
[0.775s] -- Looking for ignition-fuel_tools4 -- found version 4.4.0
[0.776s] -- Searching for dependencies of ignition-fuel_tools4
[0.828s] -- Checking for module 'jsoncpp'
[0.854s] --   Found jsoncpp, version 1.9.5
[0.918s] -- Checking for module 'libzip'
[0.943s] --   Found libzip, version 1.7.3
[0.994s] -- Looking for ignition-common3 -- found version 3.14.0
[0.995s] -- Looking for ignition-math6 -- found version 6.15.1
[0.995s] -- Looking for ignition-msgs5 -- found version 5.8.1
[0.997s] -- Gazebo version: 11.10
[0.998s] -- Found urdf: 2.6.1 (/opt/ros/humble/share/urdf/cmake)
[1.017s] -- Found ament_lint_auto: 0.12.12 (/opt/ros/humble/share/ament_lint_auto/cmake)
[1.067s] -- Configuring done
[1.070s] -- Generating done
[1.071s] -- Build files have been written to: /home/jerome/arm_new/build/arm_urdf
