[0.021s] Invoking command in '/home/jerome/arm_new/build/arm_urdf': CMAKE_PREFIX_PATH=${CMAKE_PREFIX_PATH}:/home/jerome/ws_moveit2/install/moveit_configs_utils:/home/jerome/ws_moveit2/install/launch_param_builder:/opt/ros/humble /usr/bin/cmake --build /home/jerome/arm_new/build/arm_urdf -- -j16 -l16
[0.049s] -- Found ament_cmake: 1.3.12 (/opt/ros/humble/share/ament_cmake/cmake)
[0.141s] -- Found gazebo_ros: 3.9.0 (/opt/ros/humble/share/gazebo_ros/cmake)
[0.162s] -- Found rosidl_generator_c: 3.1.7 (/opt/ros/humble/share/rosidl_generator_c/cmake)
[0.164s] -- Found rosidl_adapter: 3.1.7 (/opt/ros/humble/share/rosidl_adapter/cmake)
[0.168s] -- Found rosidl_generator_cpp: 3.1.7 (/opt/ros/humble/share/rosidl_generator_cpp/cmake)
[0.176s] -- Using all available rosidl_typesupport_c: rosidl_typesupport_fastrtps_c;rosidl_typesupport_introspection_c
[0.185s] -- Using all available rosidl_typesupport_cpp: rosidl_typesupport_fastrtps_cpp;rosidl_typesupport_introspection_cpp
[0.207s] -- Found rmw_implementation_cmake: 6.1.2 (/opt/ros/humble/share/rmw_implementation_cmake/cmake)
[0.209s] -- Found rmw_cyclonedds_cpp: 1.3.4 (/opt/ros/humble/share/rmw_cyclonedds_cpp/cmake)
[0.222s] -- Using RMW implementation 'rmw_cyclonedds_cpp' as default
[0.277s] -- Found DART: /usr/include (Required is at least version "6.6") found components: dart 
[0.301s] -- Found Protobuf: /usr/lib/x86_64-linux-gnu/libprotobuf.so (found version "3.12.4") 
[0.302s] -- Looking for ignition-math6 -- found version 6.15.1
[0.309s] -- Searching for dependencies of ignition-math6
[0.310s] -- Looking for OGRE...
[0.317s] -- Found Ogre Ghadamon (1.9.0)
[0.317s] -- Found OGRE: optimized;/usr/lib/x86_64-linux-gnu/libOgreMain.so;debug;/usr/lib/x86_64-linux-gnu/libOgreMain.so
[0.325s] -- Looking for OGRE_Paging...
[0.325s] -- Found OGRE_Paging: optimized;/usr/lib/x86_64-linux-gnu/libOgrePaging.so;debug;/usr/lib/x86_64-linux-gnu/libOgrePaging.so
[0.325s] -- Looking for OGRE_Terrain...
[0.325s] -- Found OGRE_Terrain: optimized;/usr/lib/x86_64-linux-gnu/libOgreTerrain.so;debug;/usr/lib/x86_64-linux-gnu/libOgreTerrain.so
[0.325s] -- Looking for OGRE_Property...
[0.325s] -- Found OGRE_Property: optimized;/usr/lib/x86_64-linux-gnu/libOgreProperty.so;debug;/usr/lib/x86_64-linux-gnu/libOgreProperty.so
[0.325s] -- Looking for OGRE_RTShaderSystem...
[0.325s] -- Found OGRE_RTShaderSystem: optimized;/usr/lib/x86_64-linux-gnu/libOgreRTShaderSystem.so;debug;/usr/lib/x86_64-linux-gnu/libOgreRTShaderSystem.so
[0.325s] -- Looking for OGRE_Volume...
[0.325s] -- Found OGRE_Volume: optimized;/usr/lib/x86_64-linux-gnu/libOgreVolume.so;debug;/usr/lib/x86_64-linux-gnu/libOgreVolume.so
[0.325s] -- Looking for OGRE_Overlay...
[0.326s] -- Found OGRE_Overlay: optimized;/usr/lib/x86_64-linux-gnu/libOgreOverlay.so;debug;/usr/lib/x86_64-linux-gnu/libOgreOverlay.so
[0.467s] -- Looking for ignition-math6 -- found version 6.15.1
[0.468s] -- Looking for ignition-transport8 -- found version 8.2.1
[0.468s] -- Searching for dependencies of ignition-transport8
[0.484s] -- Found Protobuf: /usr/lib/x86_64-linux-gnu/libprotobuf.so (found suitable version "3.12.4", minimum required is "3") 
[0.494s] -- Config-file not installed for ZeroMQ -- checking for pkg-config
[0.499s] -- Checking for module 'libzmq >= 4'
[0.520s] --   Found libzmq , version 4.3.4
[0.567s] -- Checking for module 'uuid'
[0.585s] --   Found uuid, version 2.37.2
[0.622s] -- Looking for ignition-msgs5 -- found version 5.8.1
[0.622s] -- Searching for dependencies of ignition-msgs5
[0.639s] -- Looking for ignition-math6 -- found version 6.15.1
[0.644s] -- Checking for module 'tinyxml2'
[0.662s] --   Found tinyxml2, version 9.0.0
[0.701s] -- Looking for ignition-msgs5 -- found version 5.8.1
[0.702s] -- Looking for ignition-common3 -- found version 3.14.0
[0.702s] -- Searching for dependencies of ignition-common3
[0.703s] -- Looking for dlfcn.h - found
[0.703s] -- Looking for libdl - found
[0.714s] -- Searching for <ignition-common3> component [graphics]
[0.715s] -- Looking for ignition-common3-graphics -- found version 3.14.0
[0.715s] -- Searching for dependencies of ignition-common3-graphics
[0.715s] -- Looking for ignition-math6 -- found version 6.15.1
[0.716s] -- Looking for ignition-fuel_tools4 -- found version 4.4.0
[0.716s] -- Searching for dependencies of ignition-fuel_tools4
[0.757s] -- Checking for module 'jsoncpp'
[0.774s] --   Found jsoncpp, version 1.9.5
[0.818s] -- Checking for module 'libzip'
[0.835s] --   Found libzip, version 1.7.3
[0.870s] -- Looking for ignition-common3 -- found version 3.14.0
[0.870s] -- Looking for ignition-math6 -- found version 6.15.1
[0.870s] -- Looking for ignition-msgs5 -- found version 5.8.1
[0.872s] -- Gazebo version: 11.10
[0.873s] -- Found urdf: 2.6.1 (/opt/ros/humble/share/urdf/cmake)
[0.889s] -- Found ament_lint_auto: 0.12.14 (/opt/ros/humble/share/ament_lint_auto/cmake)
[0.943s] -- Configuring done
[0.949s] -- Generating done
[0.951s] -- Build files have been written to: /home/jerome/arm_new/build/arm_urdf
