-- Found ament_cmake: 1.3.11 (/opt/ros/humble/share/ament_cmake/cmake)
-- Found moveit_ros_planning_interface: 2.5.9 (/home/jerome/ws_moveit2/install/moveit_ros_planning_interface/share/moveit_ros_planning_interface/cmake)
-- Found rosidl_generator_c: 3.1.6 (/opt/ros/humble/share/rosidl_generator_c/cmake)
-- Found rosidl_adapter: 3.1.6 (/opt/ros/humble/share/rosidl_adapter/cmake)
-- Found rosidl_generator_cpp: 3.1.6 (/opt/ros/humble/share/rosidl_generator_cpp/cmake)
-- Using all available rosidl_typesupport_c: rosidl_typesupport_fastrtps_c;rosidl_typesupport_introspection_c
-- Using all available rosidl_typesupport_cpp: rosidl_typesupport_fastrtps_cpp;rosidl_typesupport_introspection_cpp
-- Configuring incomplete, errors occurred!
See also "/home/jerome/arm_new/build/pick_and_place/CMakeFiles/CMakeOutput.log".
[31mCMake Error at /home/jerome/ws_moveit2/install/moveit_ros_planning_interface/share/moveit_ros_planning_interface/cmake/ament_cmake_export_dependencies-extras.cmake:21 (find_package):
  By not providing "Findmoveit_msgs.cmake" in CMAKE_MODULE_PATH this project
  has asked CMake to find a package configuration file provided by
  "moveit_msgs", but CMake did not find one.

  Could not find a package configuration file provided by "moveit_msgs" with
  any of the following names:

    moveit_msgsConfig.cmake
    moveit_msgs-config.cmake

  Add the installation prefix of "moveit_msgs" to CMAKE_PREFIX_PATH or set
  "moveit_msgs_DIR" to a directory containing one of the above files.  If
  "moveit_msgs" provides a separate development package or SDK, be sure it
  has been installed.
Call Stack (most recent call first):
  /home/jerome/ws_moveit2/install/moveit_ros_planning_interface/share/moveit_ros_planning_interface/cmake/moveit_ros_planning_interfaceConfig.cmake:41 (include)
  CMakeLists.txt:12 (find_package)

[0m
gmake: *** [Makefile:308: cmake_check_build_system] Error 1
