[0.009s] Invoking command in '/home/jerome/arm_new/build/pick_and_place': CMAKE_PREFIX_PATH=${CMAKE_PREFIX_PATH}:/home/jerome/ws_moveit2/install/moveit_configs_utils:/home/jerome/ws_moveit2/install/launch_param_builder:/opt/ros/humble /usr/bin/cmake --build /home/jerome/arm_new/build/pick_and_place -- -j16 -l16
[0.035s] -- Found ament_cmake: 1.3.11 (/opt/ros/humble/share/ament_cmake/cmake)
[0.135s] -- Found moveit_ros_planning_interface: 2.5.9 (/home/jerome/ws_moveit2/install/moveit_ros_planning_interface/share/moveit_ros_planning_interface/cmake)
[0.161s] -- Found rosidl_generator_c: 3.1.6 (/opt/ros/humble/share/rosidl_generator_c/cmake)
[0.162s] -- Found rosidl_adapter: 3.1.6 (/opt/ros/humble/share/rosidl_adapter/cmake)
[0.166s] -- Found rosidl_generator_cpp: 3.1.6 (/opt/ros/humble/share/rosidl_generator_cpp/cmake)
[0.173s] -- Using all available rosidl_typesupport_c: rosidl_typesupport_fastrtps_c;rosidl_typesupport_introspection_c
[0.183s] -- Using all available rosidl_typesupport_cpp: rosidl_typesupport_fastrtps_cpp;rosidl_typesupport_introspection_cpp
[0.216s] -- Configuring incomplete, errors occurred!
[0.216s] See also "/home/jerome/arm_new/build/pick_and_place/CMakeFiles/CMakeOutput.log".
[0.216s] [31mCMake Error at /home/jerome/ws_moveit2/install/moveit_ros_planning_interface/share/moveit_ros_planning_interface/cmake/ament_cmake_export_dependencies-extras.cmake:21 (find_package):
[0.216s]   By not providing "Findmoveit_msgs.cmake" in CMAKE_MODULE_PATH this project
[0.216s]   has asked CMake to find a package configuration file provided by
[0.216s]   "moveit_msgs", but CMake did not find one.
[0.216s] 
[0.216s]   Could not find a package configuration file provided by "moveit_msgs" with
[0.216s]   any of the following names:
[0.216s] 
[0.216s]     moveit_msgsConfig.cmake
[0.216s]     moveit_msgs-config.cmake
[0.216s] 
[0.216s]   Add the installation prefix of "moveit_msgs" to CMAKE_PREFIX_PATH or set
[0.216s]   "moveit_msgs_DIR" to a directory containing one of the above files.  If
[0.216s]   "moveit_msgs" provides a separate development package or SDK, be sure it
[0.216s]   has been installed.
[0.216s] Call Stack (most recent call first):
[0.216s]   /home/jerome/ws_moveit2/install/moveit_ros_planning_interface/share/moveit_ros_planning_interface/cmake/moveit_ros_planning_interfaceConfig.cmake:41 (include)
[0.216s]   CMakeLists.txt:12 (find_package)
[0.216s] 
[0.216s] [0m
[0.218s] gmake: *** [Makefile:308: cmake_check_build_system] Error 1
[0.220s] Invoked command in '/home/jerome/arm_new/build/pick_and_place' returned '2': CMAKE_PREFIX_PATH=${CMAKE_PREFIX_PATH}:/home/jerome/ws_moveit2/install/moveit_configs_utils:/home/jerome/ws_moveit2/install/launch_param_builder:/opt/ros/humble /usr/bin/cmake --build /home/jerome/arm_new/build/pick_and_place -- -j16 -l16
