[  2%] [34m[1mGenerating C code for ROS interfaces[0m
[  5%] [34m[1mGenerating C++ code for ROS interfaces[0m
[  5%] Built target ament_cmake_python_copy_linkattacher_msgs
running egg_info
creating linkattacher_msgs.egg-info
writing linkattacher_msgs.egg-info/PKG-INFO
writing dependency_links to linkattacher_msgs.egg-info/dependency_links.txt
writing top-level names to linkattacher_msgs.egg-info/top_level.txt
writing manifest file 'linkattacher_msgs.egg-info/SOURCES.txt'
reading manifest file 'linkattacher_msgs.egg-info/SOURCES.txt'
writing manifest file 'linkattacher_msgs.egg-info/SOURCES.txt'
[  5%] Built target ament_cmake_python_build_linkattacher_msgs_egg
[  5%] Built target linkattacher_msgs__cpp
[  7%] [34m[1mGenerating C++ type support for eProsima Fast-RTPS[0m
[ 12%] [32mBuilding C object CMakeFiles/linkattacher_msgs__rosidl_generator_c.dir/rosidl_generator_c/linkattacher_msgs/srv/detail/detach_link__functions.c.o[0m
[ 12%] [34m[1mGenerating C++ introspection for ROS interfaces[0m
[ 15%] [34m[1mGenerating C++ type support dispatch for ROS interfaces[0m
[ 17%] [32mBuilding C object CMakeFiles/linkattacher_msgs__rosidl_generator_c.dir/rosidl_generator_c/linkattacher_msgs/srv/detail/attach_link__functions.c.o[0m
[ 20%] [32m[1mLinking C shared library liblinkattacher_msgs__rosidl_generator_c.so[0m
[ 20%] Built target linkattacher_msgs__rosidl_generator_c
[ 23%] [34m[1mGenerating C type support for eProsima Fast-RTPS[0m
[ 25%] [34m[1mGenerating C introspection for ROS interfaces[0m
[ 28%] [34m[1mGenerating C type support dispatch for ROS interfaces[0m
[ 33%] [32mBuilding CXX object CMakeFiles/linkattacher_msgs__rosidl_typesupport_cpp.dir/rosidl_typesupport_cpp/linkattacher_msgs/srv/attach_link__type_support.cpp.o[0m
[ 33%] [32mBuilding CXX object CMakeFiles/linkattacher_msgs__rosidl_typesupport_cpp.dir/rosidl_typesupport_cpp/linkattacher_msgs/srv/detach_link__type_support.cpp.o[0m
[ 35%] [32mBuilding CXX object CMakeFiles/linkattacher_msgs__rosidl_typesupport_introspection_cpp.dir/rosidl_typesupport_introspection_cpp/linkattacher_msgs/srv/detail/attach_link__type_support.cpp.o[0m
[ 38%] [32mBuilding CXX object CMakeFiles/linkattacher_msgs__rosidl_typesupport_introspection_cpp.dir/rosidl_typesupport_introspection_cpp/linkattacher_msgs/srv/detail/detach_link__type_support.cpp.o[0m
[ 41%] [32mBuilding CXX object CMakeFiles/linkattacher_msgs__rosidl_typesupport_fastrtps_cpp.dir/rosidl_typesupport_fastrtps_cpp/linkattacher_msgs/srv/detail/dds_fastrtps/attach_link__type_support.cpp.o[0m
[ 43%] [32mBuilding CXX object CMakeFiles/linkattacher_msgs__rosidl_typesupport_fastrtps_cpp.dir/rosidl_typesupport_fastrtps_cpp/linkattacher_msgs/srv/detail/dds_fastrtps/detach_link__type_support.cpp.o[0m
[ 46%] [32mBuilding CXX object CMakeFiles/linkattacher_msgs__rosidl_typesupport_c.dir/rosidl_typesupport_c/linkattacher_msgs/srv/attach_link__type_support.cpp.o[0m
[ 48%] [32mBuilding CXX object CMakeFiles/linkattacher_msgs__rosidl_typesupport_c.dir/rosidl_typesupport_c/linkattacher_msgs/srv/detach_link__type_support.cpp.o[0m
[ 51%] [32m[1mLinking CXX shared library liblinkattacher_msgs__rosidl_typesupport_c.so[0m
[ 53%] [32mBuilding CXX object CMakeFiles/linkattacher_msgs__rosidl_typesupport_fastrtps_c.dir/rosidl_typesupport_fastrtps_c/linkattacher_msgs/srv/detail/attach_link__type_support_c.cpp.o[0m
[ 56%] [32mBuilding CXX object CMakeFiles/linkattacher_msgs__rosidl_typesupport_fastrtps_c.dir/rosidl_typesupport_fastrtps_c/linkattacher_msgs/srv/detail/detach_link__type_support_c.cpp.o[0m
[ 58%] [32mBuilding C object CMakeFiles/linkattacher_msgs__rosidl_typesupport_introspection_c.dir/rosidl_typesupport_introspection_c/linkattacher_msgs/srv/detail/detach_link__type_support.c.o[0m
[ 61%] [32mBuilding C object CMakeFiles/linkattacher_msgs__rosidl_typesupport_introspection_c.dir/rosidl_typesupport_introspection_c/linkattacher_msgs/srv/detail/attach_link__type_support.c.o[0m
[ 61%] Built target linkattacher_msgs__rosidl_typesupport_c
[ 64%] [32m[1mLinking C shared library liblinkattacher_msgs__rosidl_typesupport_introspection_c.so[0m
[ 64%] Built target linkattacher_msgs__rosidl_typesupport_introspection_c
[ 66%] [32m[1mLinking CXX shared library liblinkattacher_msgs__rosidl_typesupport_cpp.so[0m
[ 66%] Built target linkattacher_msgs__rosidl_typesupport_cpp
[ 69%] [32m[1mLinking CXX shared library liblinkattacher_msgs__rosidl_typesupport_introspection_cpp.so[0m
[ 71%] [32m[1mLinking CXX shared library liblinkattacher_msgs__rosidl_typesupport_fastrtps_c.so[0m
[ 74%] [32m[1mLinking CXX shared library liblinkattacher_msgs__rosidl_typesupport_fastrtps_cpp.so[0m
[ 74%] Built target linkattacher_msgs__rosidl_typesupport_introspection_cpp
[ 74%] Built target linkattacher_msgs__rosidl_typesupport_fastrtps_c
[ 74%] Built target linkattacher_msgs__rosidl_typesupport_fastrtps_cpp
[ 74%] Built target linkattacher_msgs
[ 76%] [34m[1mGenerating Python code for ROS interfaces[0m
[ 76%] Built target linkattacher_msgs__py
[ 79%] [32mBuilding C object CMakeFiles/linkattacher_msgs__rosidl_generator_py.dir/rosidl_generator_py/linkattacher_msgs/srv/_attach_link_s.c.o[0m
[ 82%] [32mBuilding C object CMakeFiles/linkattacher_msgs__rosidl_generator_py.dir/rosidl_generator_py/linkattacher_msgs/srv/_detach_link_s.c.o[0m
[ 84%] [32m[1mLinking C shared library rosidl_generator_py/linkattacher_msgs/liblinkattacher_msgs__rosidl_generator_py.so[0m
[ 84%] Built target linkattacher_msgs__rosidl_generator_py
[ 87%] [32mBuilding C object CMakeFiles/linkattacher_msgs__rosidl_typesupport_c__pyext.dir/rosidl_generator_py/linkattacher_msgs/_linkattacher_msgs_s.ep.rosidl_typesupport_c.c.o[0m
[ 89%] [32mBuilding C object CMakeFiles/linkattacher_msgs__rosidl_typesupport_fastrtps_c__pyext.dir/rosidl_generator_py/linkattacher_msgs/_linkattacher_msgs_s.ep.rosidl_typesupport_fastrtps_c.c.o[0m
[ 92%] [32mBuilding C object CMakeFiles/linkattacher_msgs__rosidl_typesupport_introspection_c__pyext.dir/rosidl_generator_py/linkattacher_msgs/_linkattacher_msgs_s.ep.rosidl_typesupport_introspection_c.c.o[0m
[ 94%] [32m[1mLinking C shared library rosidl_generator_py/linkattacher_msgs/linkattacher_msgs_s__rosidl_typesupport_c.cpython-310-x86_64-linux-gnu.so[0m
[ 97%] [32m[1mLinking C shared library rosidl_generator_py/linkattacher_msgs/linkattacher_msgs_s__rosidl_typesupport_fastrtps_c.cpython-310-x86_64-linux-gnu.so[0m
[100%] [32m[1mLinking C shared library rosidl_generator_py/linkattacher_msgs/linkattacher_msgs_s__rosidl_typesupport_introspection_c.cpython-310-x86_64-linux-gnu.so[0m
[100%] Built target linkattacher_msgs__rosidl_typesupport_c__pyext
[100%] Built target linkattacher_msgs__rosidl_typesupport_fastrtps_c__pyext
[100%] Built target linkattacher_msgs__rosidl_typesupport_introspection_c__pyext
-- Install configuration: ""
-- Installing: /home/jerome/arm_new/install/linkattacher_msgs/share/linkattacher_msgs/srv
-- Installing: /home/jerome/arm_new/install/linkattacher_msgs/share/linkattacher_msgs/srv/DetachLink.srv
-- Installing: /home/jerome/arm_new/install/linkattacher_msgs/share/linkattacher_msgs/srv/AttachLink.srv
-- Installing: /home/jerome/arm_new/install/linkattacher_msgs/share/ament_index/resource_index/rosidl_interfaces/linkattacher_msgs
-- Installing: /home/jerome/arm_new/install/linkattacher_msgs/include/linkattacher_msgs/linkattacher_msgs
-- Installing: /home/jerome/arm_new/install/linkattacher_msgs/include/linkattacher_msgs/linkattacher_msgs/srv
-- Installing: /home/jerome/arm_new/install/linkattacher_msgs/include/linkattacher_msgs/linkattacher_msgs/srv/detach_link.h
-- Installing: /home/jerome/arm_new/install/linkattacher_msgs/include/linkattacher_msgs/linkattacher_msgs/srv/attach_link.h
-- Installing: /home/jerome/arm_new/install/linkattacher_msgs/include/linkattacher_msgs/linkattacher_msgs/srv/detail
-- Installing: /home/jerome/arm_new/install/linkattacher_msgs/include/linkattacher_msgs/linkattacher_msgs/srv/detail/attach_link__functions.c
-- Installing: /home/jerome/arm_new/install/linkattacher_msgs/include/linkattacher_msgs/linkattacher_msgs/srv/detail/detach_link__struct.h
-- Installing: /home/jerome/arm_new/install/linkattacher_msgs/include/linkattacher_msgs/linkattacher_msgs/srv/detail/detach_link__functions.h
-- Installing: /home/jerome/arm_new/install/linkattacher_msgs/include/linkattacher_msgs/linkattacher_msgs/srv/detail/attach_link__functions.h
-- Installing: /home/jerome/arm_new/install/linkattacher_msgs/include/linkattacher_msgs/linkattacher_msgs/srv/detail/attach_link__struct.h
-- Installing: /home/jerome/arm_new/install/linkattacher_msgs/include/linkattacher_msgs/linkattacher_msgs/srv/detail/detach_link__functions.c
-- Installing: /home/jerome/arm_new/install/linkattacher_msgs/include/linkattacher_msgs/linkattacher_msgs/srv/detail/attach_link__type_support.h
-- Installing: /home/jerome/arm_new/install/linkattacher_msgs/include/linkattacher_msgs/linkattacher_msgs/srv/detail/detach_link__type_support.h
-- Installing: /home/jerome/arm_new/install/linkattacher_msgs/include/linkattacher_msgs/linkattacher_msgs/msg
-- Installing: /home/jerome/arm_new/install/linkattacher_msgs/include/linkattacher_msgs/linkattacher_msgs/msg/rosidl_generator_c__visibility_control.h
-- Installing: /home/jerome/arm_new/install/linkattacher_msgs/share/linkattacher_msgs/environment/library_path.sh
-- Installing: /home/jerome/arm_new/install/linkattacher_msgs/share/linkattacher_msgs/environment/library_path.dsv
-- Installing: /home/jerome/arm_new/install/linkattacher_msgs/lib/liblinkattacher_msgs__rosidl_generator_c.so
-- Set runtime path of "/home/jerome/arm_new/install/linkattacher_msgs/lib/liblinkattacher_msgs__rosidl_generator_c.so" to ""
-- Up-to-date: /home/jerome/arm_new/install/linkattacher_msgs/include/linkattacher_msgs/linkattacher_msgs
-- Up-to-date: /home/jerome/arm_new/install/linkattacher_msgs/include/linkattacher_msgs/linkattacher_msgs/srv
-- Up-to-date: /home/jerome/arm_new/install/linkattacher_msgs/include/linkattacher_msgs/linkattacher_msgs/srv/detail
-- Installing: /home/jerome/arm_new/install/linkattacher_msgs/include/linkattacher_msgs/linkattacher_msgs/srv/detail/detach_link__rosidl_typesupport_fastrtps_c.h
-- Installing: /home/jerome/arm_new/install/linkattacher_msgs/include/linkattacher_msgs/linkattacher_msgs/srv/detail/attach_link__rosidl_typesupport_fastrtps_c.h
-- Up-to-date: /home/jerome/arm_new/install/linkattacher_msgs/include/linkattacher_msgs/linkattacher_msgs/msg
-- Installing: /home/jerome/arm_new/install/linkattacher_msgs/include/linkattacher_msgs/linkattacher_msgs/msg/rosidl_typesupport_fastrtps_c__visibility_control.h
-- Installing: /home/jerome/arm_new/install/linkattacher_msgs/lib/liblinkattacher_msgs__rosidl_typesupport_fastrtps_c.so
-- Set runtime path of "/home/jerome/arm_new/install/linkattacher_msgs/lib/liblinkattacher_msgs__rosidl_typesupport_fastrtps_c.so" to ""
-- Up-to-date: /home/jerome/arm_new/install/linkattacher_msgs/include/linkattacher_msgs/linkattacher_msgs
-- Up-to-date: /home/jerome/arm_new/install/linkattacher_msgs/include/linkattacher_msgs/linkattacher_msgs/srv
-- Up-to-date: /home/jerome/arm_new/install/linkattacher_msgs/include/linkattacher_msgs/linkattacher_msgs/srv/detail
-- Installing: /home/jerome/arm_new/install/linkattacher_msgs/include/linkattacher_msgs/linkattacher_msgs/srv/detail/detach_link__rosidl_typesupport_introspection_c.h
-- Installing: /home/jerome/arm_new/install/linkattacher_msgs/include/linkattacher_msgs/linkattacher_msgs/srv/detail/attach_link__rosidl_typesupport_introspection_c.h
-- Installing: /home/jerome/arm_new/install/linkattacher_msgs/include/linkattacher_msgs/linkattacher_msgs/srv/detail/detach_link__type_support.c
-- Installing: /home/jerome/arm_new/install/linkattacher_msgs/include/linkattacher_msgs/linkattacher_msgs/srv/detail/attach_link__type_support.c
-- Up-to-date: /home/jerome/arm_new/install/linkattacher_msgs/include/linkattacher_msgs/linkattacher_msgs/msg
-- Installing: /home/jerome/arm_new/install/linkattacher_msgs/include/linkattacher_msgs/linkattacher_msgs/msg/rosidl_typesupport_introspection_c__visibility_control.h
-- Installing: /home/jerome/arm_new/install/linkattacher_msgs/lib/liblinkattacher_msgs__rosidl_typesupport_introspection_c.so
-- Set runtime path of "/home/jerome/arm_new/install/linkattacher_msgs/lib/liblinkattacher_msgs__rosidl_typesupport_introspection_c.so" to ""
-- Installing: /home/jerome/arm_new/install/linkattacher_msgs/lib/liblinkattacher_msgs__rosidl_typesupport_c.so
-- Set runtime path of "/home/jerome/arm_new/install/linkattacher_msgs/lib/liblinkattacher_msgs__rosidl_typesupport_c.so" to ""
-- Up-to-date: /home/jerome/arm_new/install/linkattacher_msgs/include/linkattacher_msgs/linkattacher_msgs
-- Up-to-date: /home/jerome/arm_new/install/linkattacher_msgs/include/linkattacher_msgs/linkattacher_msgs/srv
-- Installing: /home/jerome/arm_new/install/linkattacher_msgs/include/linkattacher_msgs/linkattacher_msgs/srv/attach_link.hpp
-- Installing: /home/jerome/arm_new/install/linkattacher_msgs/include/linkattacher_msgs/linkattacher_msgs/srv/detach_link.hpp
-- Up-to-date: /home/jerome/arm_new/install/linkattacher_msgs/include/linkattacher_msgs/linkattacher_msgs/srv/detail
-- Installing: /home/jerome/arm_new/install/linkattacher_msgs/include/linkattacher_msgs/linkattacher_msgs/srv/detail/detach_link__type_support.hpp
-- Installing: /home/jerome/arm_new/install/linkattacher_msgs/include/linkattacher_msgs/linkattacher_msgs/srv/detail/attach_link__traits.hpp
-- Installing: /home/jerome/arm_new/install/linkattacher_msgs/include/linkattacher_msgs/linkattacher_msgs/srv/detail/detach_link__struct.hpp
-- Installing: /home/jerome/arm_new/install/linkattacher_msgs/include/linkattacher_msgs/linkattacher_msgs/srv/detail/detach_link__builder.hpp
-- Installing: /home/jerome/arm_new/install/linkattacher_msgs/include/linkattacher_msgs/linkattacher_msgs/srv/detail/attach_link__builder.hpp
-- Installing: /home/jerome/arm_new/install/linkattacher_msgs/include/linkattacher_msgs/linkattacher_msgs/srv/detail/attach_link__type_support.hpp
-- Installing: /home/jerome/arm_new/install/linkattacher_msgs/include/linkattacher_msgs/linkattacher_msgs/srv/detail/detach_link__traits.hpp
-- Installing: /home/jerome/arm_new/install/linkattacher_msgs/include/linkattacher_msgs/linkattacher_msgs/srv/detail/attach_link__struct.hpp
-- Up-to-date: /home/jerome/arm_new/install/linkattacher_msgs/include/linkattacher_msgs/linkattacher_msgs/msg
-- Installing: /home/jerome/arm_new/install/linkattacher_msgs/include/linkattacher_msgs/linkattacher_msgs/msg/rosidl_generator_cpp__visibility_control.hpp
-- Up-to-date: /home/jerome/arm_new/install/linkattacher_msgs/include/linkattacher_msgs/linkattacher_msgs
-- Up-to-date: /home/jerome/arm_new/install/linkattacher_msgs/include/linkattacher_msgs/linkattacher_msgs/srv
-- Up-to-date: /home/jerome/arm_new/install/linkattacher_msgs/include/linkattacher_msgs/linkattacher_msgs/srv/detail
-- Installing: /home/jerome/arm_new/install/linkattacher_msgs/include/linkattacher_msgs/linkattacher_msgs/srv/detail/dds_fastrtps
-- Installing: /home/jerome/arm_new/install/linkattacher_msgs/include/linkattacher_msgs/linkattacher_msgs/srv/detail/attach_link__rosidl_typesupport_fastrtps_cpp.hpp
-- Installing: /home/jerome/arm_new/install/linkattacher_msgs/include/linkattacher_msgs/linkattacher_msgs/srv/detail/detach_link__rosidl_typesupport_fastrtps_cpp.hpp
-- Up-to-date: /home/jerome/arm_new/install/linkattacher_msgs/include/linkattacher_msgs/linkattacher_msgs/msg
-- Installing: /home/jerome/arm_new/install/linkattacher_msgs/include/linkattacher_msgs/linkattacher_msgs/msg/rosidl_typesupport_fastrtps_cpp__visibility_control.h
-- Installing: /home/jerome/arm_new/install/linkattacher_msgs/lib/liblinkattacher_msgs__rosidl_typesupport_fastrtps_cpp.so
-- Set runtime path of "/home/jerome/arm_new/install/linkattacher_msgs/lib/liblinkattacher_msgs__rosidl_typesupport_fastrtps_cpp.so" to ""
-- Up-to-date: /home/jerome/arm_new/install/linkattacher_msgs/include/linkattacher_msgs/linkattacher_msgs
-- Up-to-date: /home/jerome/arm_new/install/linkattacher_msgs/include/linkattacher_msgs/linkattacher_msgs/srv
-- Up-to-date: /home/jerome/arm_new/install/linkattacher_msgs/include/linkattacher_msgs/linkattacher_msgs/srv/detail
-- Installing: /home/jerome/arm_new/install/linkattacher_msgs/include/linkattacher_msgs/linkattacher_msgs/srv/detail/detach_link__type_support.cpp
-- Installing: /home/jerome/arm_new/install/linkattacher_msgs/include/linkattacher_msgs/linkattacher_msgs/srv/detail/attach_link__type_support.cpp
-- Installing: /home/jerome/arm_new/install/linkattacher_msgs/include/linkattacher_msgs/linkattacher_msgs/srv/detail/detach_link__rosidl_typesupport_introspection_cpp.hpp
-- Installing: /home/jerome/arm_new/install/linkattacher_msgs/include/linkattacher_msgs/linkattacher_msgs/srv/detail/attach_link__rosidl_typesupport_introspection_cpp.hpp
-- Installing: /home/jerome/arm_new/install/linkattacher_msgs/lib/liblinkattacher_msgs__rosidl_typesupport_introspection_cpp.so
-- Set runtime path of "/home/jerome/arm_new/install/linkattacher_msgs/lib/liblinkattacher_msgs__rosidl_typesupport_introspection_cpp.so" to ""
-- Installing: /home/jerome/arm_new/install/linkattacher_msgs/lib/liblinkattacher_msgs__rosidl_typesupport_cpp.so
-- Set runtime path of "/home/jerome/arm_new/install/linkattacher_msgs/lib/liblinkattacher_msgs__rosidl_typesupport_cpp.so" to ""
-- Installing: /home/jerome/arm_new/install/linkattacher_msgs/share/linkattacher_msgs/environment/pythonpath.sh
-- Installing: /home/jerome/arm_new/install/linkattacher_msgs/share/linkattacher_msgs/environment/pythonpath.dsv
-- Installing: /home/jerome/arm_new/install/linkattacher_msgs/local/lib/python3.10/dist-packages/linkattacher_msgs-0.0.0-py3.10.egg-info
-- Installing: /home/jerome/arm_new/install/linkattacher_msgs/local/lib/python3.10/dist-packages/linkattacher_msgs-0.0.0-py3.10.egg-info/PKG-INFO
-- Installing: /home/jerome/arm_new/install/linkattacher_msgs/local/lib/python3.10/dist-packages/linkattacher_msgs-0.0.0-py3.10.egg-info/SOURCES.txt
-- Installing: /home/jerome/arm_new/install/linkattacher_msgs/local/lib/python3.10/dist-packages/linkattacher_msgs-0.0.0-py3.10.egg-info/dependency_links.txt
-- Installing: /home/jerome/arm_new/install/linkattacher_msgs/local/lib/python3.10/dist-packages/linkattacher_msgs-0.0.0-py3.10.egg-info/top_level.txt
-- Installing: /home/jerome/arm_new/install/linkattacher_msgs/local/lib/python3.10/dist-packages/linkattacher_msgs
-- Installing: /home/jerome/arm_new/install/linkattacher_msgs/local/lib/python3.10/dist-packages/linkattacher_msgs/srv
-- Installing: /home/jerome/arm_new/install/linkattacher_msgs/local/lib/python3.10/dist-packages/linkattacher_msgs/srv/_detach_link.py
-- Installing: /home/jerome/arm_new/install/linkattacher_msgs/local/lib/python3.10/dist-packages/linkattacher_msgs/srv/_attach_link_s.c
-- Installing: /home/jerome/arm_new/install/linkattacher_msgs/local/lib/python3.10/dist-packages/linkattacher_msgs/srv/_attach_link.py
-- Installing: /home/jerome/arm_new/install/linkattacher_msgs/local/lib/python3.10/dist-packages/linkattacher_msgs/srv/__init__.py
-- Installing: /home/jerome/arm_new/install/linkattacher_msgs/local/lib/python3.10/dist-packages/linkattacher_msgs/srv/_detach_link_s.c
-- Installing: /home/jerome/arm_new/install/linkattacher_msgs/local/lib/python3.10/dist-packages/linkattacher_msgs/linkattacher_msgs_s__rosidl_typesupport_introspection_c.cpython-310-x86_64-linux-gnu.so
-- Installing: /home/jerome/arm_new/install/linkattacher_msgs/local/lib/python3.10/dist-packages/linkattacher_msgs/_linkattacher_msgs_s.ep.rosidl_typesupport_introspection_c.c
-- Installing: /home/jerome/arm_new/install/linkattacher_msgs/local/lib/python3.10/dist-packages/linkattacher_msgs/linkattacher_msgs_s__rosidl_typesupport_fastrtps_c.cpython-310-x86_64-linux-gnu.so
-- Installing: /home/jerome/arm_new/install/linkattacher_msgs/local/lib/python3.10/dist-packages/linkattacher_msgs/_linkattacher_msgs_s.ep.rosidl_typesupport_fastrtps_c.c
-- Installing: /home/jerome/arm_new/install/linkattacher_msgs/local/lib/python3.10/dist-packages/linkattacher_msgs/_linkattacher_msgs_s.ep.rosidl_typesupport_c.c
-- Installing: /home/jerome/arm_new/install/linkattacher_msgs/local/lib/python3.10/dist-packages/linkattacher_msgs/__init__.py
-- Installing: /home/jerome/arm_new/install/linkattacher_msgs/local/lib/python3.10/dist-packages/linkattacher_msgs/linkattacher_msgs_s__rosidl_typesupport_c.cpython-310-x86_64-linux-gnu.so
-- Installing: /home/jerome/arm_new/install/linkattacher_msgs/local/lib/python3.10/dist-packages/linkattacher_msgs/liblinkattacher_msgs__rosidl_generator_py.so
Listing '/home/jerome/arm_new/install/linkattacher_msgs/local/lib/python3.10/dist-packages/linkattacher_msgs'...
Compiling '/home/jerome/arm_new/install/linkattacher_msgs/local/lib/python3.10/dist-packages/linkattacher_msgs/__init__.py'...
Listing '/home/jerome/arm_new/install/linkattacher_msgs/local/lib/python3.10/dist-packages/linkattacher_msgs/srv'...
Compiling '/home/jerome/arm_new/install/linkattacher_msgs/local/lib/python3.10/dist-packages/linkattacher_msgs/srv/__init__.py'...
Compiling '/home/jerome/arm_new/install/linkattacher_msgs/local/lib/python3.10/dist-packages/linkattacher_msgs/srv/_attach_link.py'...
Compiling '/home/jerome/arm_new/install/linkattacher_msgs/local/lib/python3.10/dist-packages/linkattacher_msgs/srv/_detach_link.py'...
-- Installing: /home/jerome/arm_new/install/linkattacher_msgs/local/lib/python3.10/dist-packages/linkattacher_msgs/linkattacher_msgs_s__rosidl_typesupport_fastrtps_c.cpython-310-x86_64-linux-gnu.so
-- Set runtime path of "/home/jerome/arm_new/install/linkattacher_msgs/local/lib/python3.10/dist-packages/linkattacher_msgs/linkattacher_msgs_s__rosidl_typesupport_fastrtps_c.cpython-310-x86_64-linux-gnu.so" to ""
-- Installing: /home/jerome/arm_new/install/linkattacher_msgs/local/lib/python3.10/dist-packages/linkattacher_msgs/linkattacher_msgs_s__rosidl_typesupport_introspection_c.cpython-310-x86_64-linux-gnu.so
-- Set runtime path of "/home/jerome/arm_new/install/linkattacher_msgs/local/lib/python3.10/dist-packages/linkattacher_msgs/linkattacher_msgs_s__rosidl_typesupport_introspection_c.cpython-310-x86_64-linux-gnu.so" to ""
-- Installing: /home/jerome/arm_new/install/linkattacher_msgs/local/lib/python3.10/dist-packages/linkattacher_msgs/linkattacher_msgs_s__rosidl_typesupport_c.cpython-310-x86_64-linux-gnu.so
-- Set runtime path of "/home/jerome/arm_new/install/linkattacher_msgs/local/lib/python3.10/dist-packages/linkattacher_msgs/linkattacher_msgs_s__rosidl_typesupport_c.cpython-310-x86_64-linux-gnu.so" to ""
-- Installing: /home/jerome/arm_new/install/linkattacher_msgs/lib/liblinkattacher_msgs__rosidl_generator_py.so
-- Set runtime path of "/home/jerome/arm_new/install/linkattacher_msgs/lib/liblinkattacher_msgs__rosidl_generator_py.so" to ""
-- Installing: /home/jerome/arm_new/install/linkattacher_msgs/share/linkattacher_msgs/srv/AttachLink.idl
-- Installing: /home/jerome/arm_new/install/linkattacher_msgs/share/linkattacher_msgs/srv/DetachLink.idl
-- Up-to-date: /home/jerome/arm_new/install/linkattacher_msgs/share/linkattacher_msgs/srv/AttachLink.srv
-- Installing: /home/jerome/arm_new/install/linkattacher_msgs/share/linkattacher_msgs/srv/AttachLink_Request.msg
-- Installing: /home/jerome/arm_new/install/linkattacher_msgs/share/linkattacher_msgs/srv/AttachLink_Response.msg
-- Up-to-date: /home/jerome/arm_new/install/linkattacher_msgs/share/linkattacher_msgs/srv/DetachLink.srv
-- Installing: /home/jerome/arm_new/install/linkattacher_msgs/share/linkattacher_msgs/srv/DetachLink_Request.msg
-- Installing: /home/jerome/arm_new/install/linkattacher_msgs/share/linkattacher_msgs/srv/DetachLink_Response.msg
-- Installing: /home/jerome/arm_new/install/linkattacher_msgs/share/ament_index/resource_index/package_run_dependencies/linkattacher_msgs
-- Installing: /home/jerome/arm_new/install/linkattacher_msgs/share/ament_index/resource_index/parent_prefix_path/linkattacher_msgs
-- Installing: /home/jerome/arm_new/install/linkattacher_msgs/share/linkattacher_msgs/environment/ament_prefix_path.sh
-- Installing: /home/jerome/arm_new/install/linkattacher_msgs/share/linkattacher_msgs/environment/ament_prefix_path.dsv
-- Installing: /home/jerome/arm_new/install/linkattacher_msgs/share/linkattacher_msgs/environment/path.sh
-- Installing: /home/jerome/arm_new/install/linkattacher_msgs/share/linkattacher_msgs/environment/path.dsv
-- Installing: /home/jerome/arm_new/install/linkattacher_msgs/share/linkattacher_msgs/local_setup.bash
-- Installing: /home/jerome/arm_new/install/linkattacher_msgs/share/linkattacher_msgs/local_setup.sh
-- Installing: /home/jerome/arm_new/install/linkattacher_msgs/share/linkattacher_msgs/local_setup.zsh
-- Installing: /home/jerome/arm_new/install/linkattacher_msgs/share/linkattacher_msgs/local_setup.dsv
-- Installing: /home/jerome/arm_new/install/linkattacher_msgs/share/linkattacher_msgs/package.dsv
-- Installing: /home/jerome/arm_new/install/linkattacher_msgs/share/ament_index/resource_index/packages/linkattacher_msgs
-- Installing: /home/jerome/arm_new/install/linkattacher_msgs/share/linkattacher_msgs/cmake/export_linkattacher_msgs__rosidl_generator_cExport.cmake
-- Installing: /home/jerome/arm_new/install/linkattacher_msgs/share/linkattacher_msgs/cmake/export_linkattacher_msgs__rosidl_generator_cExport-noconfig.cmake
-- Installing: /home/jerome/arm_new/install/linkattacher_msgs/share/linkattacher_msgs/cmake/export_linkattacher_msgs__rosidl_typesupport_fastrtps_cExport.cmake
-- Installing: /home/jerome/arm_new/install/linkattacher_msgs/share/linkattacher_msgs/cmake/export_linkattacher_msgs__rosidl_typesupport_fastrtps_cExport-noconfig.cmake
-- Installing: /home/jerome/arm_new/install/linkattacher_msgs/share/linkattacher_msgs/cmake/linkattacher_msgs__rosidl_typesupport_introspection_cExport.cmake
-- Installing: /home/jerome/arm_new/install/linkattacher_msgs/share/linkattacher_msgs/cmake/linkattacher_msgs__rosidl_typesupport_introspection_cExport-noconfig.cmake
-- Installing: /home/jerome/arm_new/install/linkattacher_msgs/share/linkattacher_msgs/cmake/linkattacher_msgs__rosidl_typesupport_cExport.cmake
-- Installing: /home/jerome/arm_new/install/linkattacher_msgs/share/linkattacher_msgs/cmake/linkattacher_msgs__rosidl_typesupport_cExport-noconfig.cmake
-- Installing: /home/jerome/arm_new/install/linkattacher_msgs/share/linkattacher_msgs/cmake/export_linkattacher_msgs__rosidl_generator_cppExport.cmake
-- Installing: /home/jerome/arm_new/install/linkattacher_msgs/share/linkattacher_msgs/cmake/export_linkattacher_msgs__rosidl_typesupport_fastrtps_cppExport.cmake
-- Installing: /home/jerome/arm_new/install/linkattacher_msgs/share/linkattacher_msgs/cmake/export_linkattacher_msgs__rosidl_typesupport_fastrtps_cppExport-noconfig.cmake
-- Installing: /home/jerome/arm_new/install/linkattacher_msgs/share/linkattacher_msgs/cmake/linkattacher_msgs__rosidl_typesupport_introspection_cppExport.cmake
-- Installing: /home/jerome/arm_new/install/linkattacher_msgs/share/linkattacher_msgs/cmake/linkattacher_msgs__rosidl_typesupport_introspection_cppExport-noconfig.cmake
-- Installing: /home/jerome/arm_new/install/linkattacher_msgs/share/linkattacher_msgs/cmake/linkattacher_msgs__rosidl_typesupport_cppExport.cmake
-- Installing: /home/jerome/arm_new/install/linkattacher_msgs/share/linkattacher_msgs/cmake/linkattacher_msgs__rosidl_typesupport_cppExport-noconfig.cmake
-- Installing: /home/jerome/arm_new/install/linkattacher_msgs/share/linkattacher_msgs/cmake/export_linkattacher_msgs__rosidl_generator_pyExport.cmake
-- Installing: /home/jerome/arm_new/install/linkattacher_msgs/share/linkattacher_msgs/cmake/export_linkattacher_msgs__rosidl_generator_pyExport-noconfig.cmake
-- Installing: /home/jerome/arm_new/install/linkattacher_msgs/share/linkattacher_msgs/cmake/rosidl_cmake-extras.cmake
-- Installing: /home/jerome/arm_new/install/linkattacher_msgs/share/linkattacher_msgs/cmake/ament_cmake_export_include_directories-extras.cmake
-- Installing: /home/jerome/arm_new/install/linkattacher_msgs/share/linkattacher_msgs/cmake/ament_cmake_export_libraries-extras.cmake
-- Installing: /home/jerome/arm_new/install/linkattacher_msgs/share/linkattacher_msgs/cmake/ament_cmake_export_targets-extras.cmake
-- Installing: /home/jerome/arm_new/install/linkattacher_msgs/share/linkattacher_msgs/cmake/rosidl_cmake_export_typesupport_targets-extras.cmake
-- Installing: /home/jerome/arm_new/install/linkattacher_msgs/share/linkattacher_msgs/cmake/ament_cmake_export_dependencies-extras.cmake
-- Installing: /home/jerome/arm_new/install/linkattacher_msgs/share/linkattacher_msgs/cmake/rosidl_cmake_export_typesupport_libraries-extras.cmake
-- Installing: /home/jerome/arm_new/install/linkattacher_msgs/share/linkattacher_msgs/cmake/linkattacher_msgsConfig.cmake
-- Installing: /home/jerome/arm_new/install/linkattacher_msgs/share/linkattacher_msgs/cmake/linkattacher_msgsConfig-version.cmake
-- Installing: /home/jerome/arm_new/install/linkattacher_msgs/share/linkattacher_msgs/package.xml
