[0.011s] Invoking command in '/home/jerome/arm_new/build/linkattacher_msgs': CMAKE_PREFIX_PATH=${CMAKE_PREFIX_PATH}:/home/jerome/ws_moveit2/install/moveit_configs_utils:/home/jerome/ws_moveit2/install/launch_param_builder:/opt/ros/humble /usr/bin/cmake --build /home/jerome/arm_new/build/linkattacher_msgs -- -j16 -l16
[0.066s] [  2%] [34m[1mGenerating C code for ROS interfaces[0m
[0.072s] [  5%] [34m[1mGenerating C++ code for ROS interfaces[0m
[0.083s] [  5%] Built target ament_cmake_python_copy_linkattacher_msgs
[0.255s] running egg_info
[0.255s] creating linkattacher_msgs.egg-info
[0.255s] writing linkattacher_msgs.egg-info/PKG-INFO
[0.256s] writing dependency_links to linkattacher_msgs.egg-info/dependency_links.txt
[0.256s] writing top-level names to linkattacher_msgs.egg-info/top_level.txt
[0.256s] writing manifest file 'linkattacher_msgs.egg-info/SOURCES.txt'
[0.257s] reading manifest file 'linkattacher_msgs.egg-info/SOURCES.txt'
[0.257s] writing manifest file 'linkattacher_msgs.egg-info/SOURCES.txt'
[0.279s] [  5%] Built target ament_cmake_python_build_linkattacher_msgs_egg
[0.357s] [  5%] Built target linkattacher_msgs__cpp
[0.366s] [  7%] [34m[1mGenerating C++ type support for eProsima Fast-RTPS[0m
[0.366s] [ 12%] [32mBuilding C object CMakeFiles/linkattacher_msgs__rosidl_generator_c.dir/rosidl_generator_c/linkattacher_msgs/srv/detail/detach_link__functions.c.o[0m
[0.366s] [ 12%] [34m[1mGenerating C++ introspection for ROS interfaces[0m
[0.366s] [ 15%] [34m[1mGenerating C++ type support dispatch for ROS interfaces[0m
[0.367s] [ 17%] [32mBuilding C object CMakeFiles/linkattacher_msgs__rosidl_generator_c.dir/rosidl_generator_c/linkattacher_msgs/srv/detail/attach_link__functions.c.o[0m
[0.420s] [ 20%] [32m[1mLinking C shared library liblinkattacher_msgs__rosidl_generator_c.so[0m
[0.454s] [ 20%] Built target linkattacher_msgs__rosidl_generator_c
[0.465s] [ 23%] [34m[1mGenerating C type support for eProsima Fast-RTPS[0m
[0.466s] [ 25%] [34m[1mGenerating C introspection for ROS interfaces[0m
[0.467s] [ 28%] [34m[1mGenerating C type support dispatch for ROS interfaces[0m
[0.619s] [ 33%] [32mBuilding CXX object CMakeFiles/linkattacher_msgs__rosidl_typesupport_cpp.dir/rosidl_typesupport_cpp/linkattacher_msgs/srv/attach_link__type_support.cpp.o[0m
[0.619s] [ 33%] [32mBuilding CXX object CMakeFiles/linkattacher_msgs__rosidl_typesupport_cpp.dir/rosidl_typesupport_cpp/linkattacher_msgs/srv/detach_link__type_support.cpp.o[0m
[0.630s] [ 35%] [32mBuilding CXX object CMakeFiles/linkattacher_msgs__rosidl_typesupport_introspection_cpp.dir/rosidl_typesupport_introspection_cpp/linkattacher_msgs/srv/detail/attach_link__type_support.cpp.o[0m
[0.631s] [ 38%] [32mBuilding CXX object CMakeFiles/linkattacher_msgs__rosidl_typesupport_introspection_cpp.dir/rosidl_typesupport_introspection_cpp/linkattacher_msgs/srv/detail/detach_link__type_support.cpp.o[0m
[0.654s] [ 41%] [32mBuilding CXX object CMakeFiles/linkattacher_msgs__rosidl_typesupport_fastrtps_cpp.dir/rosidl_typesupport_fastrtps_cpp/linkattacher_msgs/srv/detail/dds_fastrtps/attach_link__type_support.cpp.o[0m
[0.656s] [ 43%] [32mBuilding CXX object CMakeFiles/linkattacher_msgs__rosidl_typesupport_fastrtps_cpp.dir/rosidl_typesupport_fastrtps_cpp/linkattacher_msgs/srv/detail/dds_fastrtps/detach_link__type_support.cpp.o[0m
[0.711s] [ 46%] [32mBuilding CXX object CMakeFiles/linkattacher_msgs__rosidl_typesupport_c.dir/rosidl_typesupport_c/linkattacher_msgs/srv/attach_link__type_support.cpp.o[0m
[0.717s] [ 48%] [32mBuilding CXX object CMakeFiles/linkattacher_msgs__rosidl_typesupport_c.dir/rosidl_typesupport_c/linkattacher_msgs/srv/detach_link__type_support.cpp.o[0m
[0.746s] [ 51%] [32m[1mLinking CXX shared library liblinkattacher_msgs__rosidl_typesupport_c.so[0m
[0.750s] [ 53%] [32mBuilding CXX object CMakeFiles/linkattacher_msgs__rosidl_typesupport_fastrtps_c.dir/rosidl_typesupport_fastrtps_c/linkattacher_msgs/srv/detail/attach_link__type_support_c.cpp.o[0m
[0.750s] [ 56%] [32mBuilding CXX object CMakeFiles/linkattacher_msgs__rosidl_typesupport_fastrtps_c.dir/rosidl_typesupport_fastrtps_c/linkattacher_msgs/srv/detail/detach_link__type_support_c.cpp.o[0m
[0.766s] [ 58%] [32mBuilding C object CMakeFiles/linkattacher_msgs__rosidl_typesupport_introspection_c.dir/rosidl_typesupport_introspection_c/linkattacher_msgs/srv/detail/detach_link__type_support.c.o[0m
[0.766s] [ 61%] [32mBuilding C object CMakeFiles/linkattacher_msgs__rosidl_typesupport_introspection_c.dir/rosidl_typesupport_introspection_c/linkattacher_msgs/srv/detail/attach_link__type_support.c.o[0m
[0.777s] [ 61%] Built target linkattacher_msgs__rosidl_typesupport_c
[0.803s] [ 64%] [32m[1mLinking C shared library liblinkattacher_msgs__rosidl_typesupport_introspection_c.so[0m
[0.828s] [ 64%] Built target linkattacher_msgs__rosidl_typesupport_introspection_c
[0.882s] [ 66%] [32m[1mLinking CXX shared library liblinkattacher_msgs__rosidl_typesupport_cpp.so[0m
[0.923s] [ 66%] Built target linkattacher_msgs__rosidl_typesupport_cpp
[0.943s] [ 69%] [32m[1mLinking CXX shared library liblinkattacher_msgs__rosidl_typesupport_introspection_cpp.so[0m
[0.968s] [ 71%] [32m[1mLinking CXX shared library liblinkattacher_msgs__rosidl_typesupport_fastrtps_c.so[0m
[0.978s] [ 74%] [32m[1mLinking CXX shared library liblinkattacher_msgs__rosidl_typesupport_fastrtps_cpp.so[0m
[0.999s] [ 74%] Built target linkattacher_msgs__rosidl_typesupport_introspection_cpp
[1.022s] [ 74%] Built target linkattacher_msgs__rosidl_typesupport_fastrtps_c
[1.037s] [ 74%] Built target linkattacher_msgs__rosidl_typesupport_fastrtps_cpp
[1.067s] [ 74%] Built target linkattacher_msgs
[1.098s] [ 76%] [34m[1mGenerating Python code for ROS interfaces[0m
[1.547s] [ 76%] Built target linkattacher_msgs__py
[1.571s] [ 79%] [32mBuilding C object CMakeFiles/linkattacher_msgs__rosidl_generator_py.dir/rosidl_generator_py/linkattacher_msgs/srv/_attach_link_s.c.o[0m
[1.572s] [ 82%] [32mBuilding C object CMakeFiles/linkattacher_msgs__rosidl_generator_py.dir/rosidl_generator_py/linkattacher_msgs/srv/_detach_link_s.c.o[0m
[1.669s] [ 84%] [32m[1mLinking C shared library rosidl_generator_py/linkattacher_msgs/liblinkattacher_msgs__rosidl_generator_py.so[0m
[1.708s] [ 84%] Built target linkattacher_msgs__rosidl_generator_py
[1.726s] [ 87%] [32mBuilding C object CMakeFiles/linkattacher_msgs__rosidl_typesupport_c__pyext.dir/rosidl_generator_py/linkattacher_msgs/_linkattacher_msgs_s.ep.rosidl_typesupport_c.c.o[0m
[1.733s] [ 89%] [32mBuilding C object CMakeFiles/linkattacher_msgs__rosidl_typesupport_fastrtps_c__pyext.dir/rosidl_generator_py/linkattacher_msgs/_linkattacher_msgs_s.ep.rosidl_typesupport_fastrtps_c.c.o[0m
[1.733s] [ 92%] [32mBuilding C object CMakeFiles/linkattacher_msgs__rosidl_typesupport_introspection_c__pyext.dir/rosidl_generator_py/linkattacher_msgs/_linkattacher_msgs_s.ep.rosidl_typesupport_introspection_c.c.o[0m
[1.790s] [ 94%] [32m[1mLinking C shared library rosidl_generator_py/linkattacher_msgs/linkattacher_msgs_s__rosidl_typesupport_c.cpython-310-x86_64-linux-gnu.so[0m
[1.800s] [ 97%] [32m[1mLinking C shared library rosidl_generator_py/linkattacher_msgs/linkattacher_msgs_s__rosidl_typesupport_fastrtps_c.cpython-310-x86_64-linux-gnu.so[0m
[1.801s] [100%] [32m[1mLinking C shared library rosidl_generator_py/linkattacher_msgs/linkattacher_msgs_s__rosidl_typesupport_introspection_c.cpython-310-x86_64-linux-gnu.so[0m
[1.821s] [100%] Built target linkattacher_msgs__rosidl_typesupport_c__pyext
[1.830s] [100%] Built target linkattacher_msgs__rosidl_typesupport_fastrtps_c__pyext
[1.832s] [100%] Built target linkattacher_msgs__rosidl_typesupport_introspection_c__pyext
[1.843s] Invoked command in '/home/jerome/arm_new/build/linkattacher_msgs' returned '0': CMAKE_PREFIX_PATH=${CMAKE_PREFIX_PATH}:/home/jerome/ws_moveit2/install/moveit_configs_utils:/home/jerome/ws_moveit2/install/launch_param_builder:/opt/ros/humble /usr/bin/cmake --build /home/jerome/arm_new/build/linkattacher_msgs -- -j16 -l16
[1.854s] Invoking command in '/home/jerome/arm_new/build/linkattacher_msgs': CMAKE_PREFIX_PATH=${CMAKE_PREFIX_PATH}:/home/jerome/ws_moveit2/install/moveit_configs_utils:/home/jerome/ws_moveit2/install/launch_param_builder:/opt/ros/humble /usr/bin/cmake --install /home/jerome/arm_new/build/linkattacher_msgs
[1.864s] -- Install configuration: ""
[1.864s] -- Installing: /home/jerome/arm_new/install/linkattacher_msgs/share/linkattacher_msgs/srv
[1.864s] -- Installing: /home/jerome/arm_new/install/linkattacher_msgs/share/linkattacher_msgs/srv/DetachLink.srv
[1.864s] -- Installing: /home/jerome/arm_new/install/linkattacher_msgs/share/linkattacher_msgs/srv/AttachLink.srv
[1.864s] -- Installing: /home/jerome/arm_new/install/linkattacher_msgs/share/ament_index/resource_index/rosidl_interfaces/linkattacher_msgs
[1.864s] -- Installing: /home/jerome/arm_new/install/linkattacher_msgs/include/linkattacher_msgs/linkattacher_msgs
[1.864s] -- Installing: /home/jerome/arm_new/install/linkattacher_msgs/include/linkattacher_msgs/linkattacher_msgs/srv
[1.864s] -- Installing: /home/jerome/arm_new/install/linkattacher_msgs/include/linkattacher_msgs/linkattacher_msgs/srv/detach_link.h
[1.864s] -- Installing: /home/jerome/arm_new/install/linkattacher_msgs/include/linkattacher_msgs/linkattacher_msgs/srv/attach_link.h
[1.864s] -- Installing: /home/jerome/arm_new/install/linkattacher_msgs/include/linkattacher_msgs/linkattacher_msgs/srv/detail
[1.864s] -- Installing: /home/jerome/arm_new/install/linkattacher_msgs/include/linkattacher_msgs/linkattacher_msgs/srv/detail/attach_link__functions.c
[1.864s] -- Installing: /home/jerome/arm_new/install/linkattacher_msgs/include/linkattacher_msgs/linkattacher_msgs/srv/detail/detach_link__struct.h
[1.864s] -- Installing: /home/jerome/arm_new/install/linkattacher_msgs/include/linkattacher_msgs/linkattacher_msgs/srv/detail/detach_link__functions.h
[1.864s] -- Installing: /home/jerome/arm_new/install/linkattacher_msgs/include/linkattacher_msgs/linkattacher_msgs/srv/detail/attach_link__functions.h
[1.864s] -- Installing: /home/jerome/arm_new/install/linkattacher_msgs/include/linkattacher_msgs/linkattacher_msgs/srv/detail/attach_link__struct.h
[1.864s] -- Installing: /home/jerome/arm_new/install/linkattacher_msgs/include/linkattacher_msgs/linkattacher_msgs/srv/detail/detach_link__functions.c
[1.865s] -- Installing: /home/jerome/arm_new/install/linkattacher_msgs/include/linkattacher_msgs/linkattacher_msgs/srv/detail/attach_link__type_support.h
[1.865s] -- Installing: /home/jerome/arm_new/install/linkattacher_msgs/include/linkattacher_msgs/linkattacher_msgs/srv/detail/detach_link__type_support.h
[1.865s] -- Installing: /home/jerome/arm_new/install/linkattacher_msgs/include/linkattacher_msgs/linkattacher_msgs/msg
[1.865s] -- Installing: /home/jerome/arm_new/install/linkattacher_msgs/include/linkattacher_msgs/linkattacher_msgs/msg/rosidl_generator_c__visibility_control.h
[1.865s] -- Installing: /home/jerome/arm_new/install/linkattacher_msgs/share/linkattacher_msgs/environment/library_path.sh
[1.865s] -- Installing: /home/jerome/arm_new/install/linkattacher_msgs/share/linkattacher_msgs/environment/library_path.dsv
[1.865s] -- Installing: /home/jerome/arm_new/install/linkattacher_msgs/lib/liblinkattacher_msgs__rosidl_generator_c.so
[1.865s] -- Set runtime path of "/home/jerome/arm_new/install/linkattacher_msgs/lib/liblinkattacher_msgs__rosidl_generator_c.so" to ""
[1.865s] -- Up-to-date: /home/jerome/arm_new/install/linkattacher_msgs/include/linkattacher_msgs/linkattacher_msgs
[1.865s] -- Up-to-date: /home/jerome/arm_new/install/linkattacher_msgs/include/linkattacher_msgs/linkattacher_msgs/srv
[1.865s] -- Up-to-date: /home/jerome/arm_new/install/linkattacher_msgs/include/linkattacher_msgs/linkattacher_msgs/srv/detail
[1.865s] -- Installing: /home/jerome/arm_new/install/linkattacher_msgs/include/linkattacher_msgs/linkattacher_msgs/srv/detail/detach_link__rosidl_typesupport_fastrtps_c.h
[1.865s] -- Installing: /home/jerome/arm_new/install/linkattacher_msgs/include/linkattacher_msgs/linkattacher_msgs/srv/detail/attach_link__rosidl_typesupport_fastrtps_c.h
[1.865s] -- Up-to-date: /home/jerome/arm_new/install/linkattacher_msgs/include/linkattacher_msgs/linkattacher_msgs/msg
[1.865s] -- Installing: /home/jerome/arm_new/install/linkattacher_msgs/include/linkattacher_msgs/linkattacher_msgs/msg/rosidl_typesupport_fastrtps_c__visibility_control.h
[1.865s] -- Installing: /home/jerome/arm_new/install/linkattacher_msgs/lib/liblinkattacher_msgs__rosidl_typesupport_fastrtps_c.so
[1.865s] -- Set runtime path of "/home/jerome/arm_new/install/linkattacher_msgs/lib/liblinkattacher_msgs__rosidl_typesupport_fastrtps_c.so" to ""
[1.865s] -- Up-to-date: /home/jerome/arm_new/install/linkattacher_msgs/include/linkattacher_msgs/linkattacher_msgs
[1.866s] -- Up-to-date: /home/jerome/arm_new/install/linkattacher_msgs/include/linkattacher_msgs/linkattacher_msgs/srv
[1.866s] -- Up-to-date: /home/jerome/arm_new/install/linkattacher_msgs/include/linkattacher_msgs/linkattacher_msgs/srv/detail
[1.866s] -- Installing: /home/jerome/arm_new/install/linkattacher_msgs/include/linkattacher_msgs/linkattacher_msgs/srv/detail/detach_link__rosidl_typesupport_introspection_c.h
[1.866s] -- Installing: /home/jerome/arm_new/install/linkattacher_msgs/include/linkattacher_msgs/linkattacher_msgs/srv/detail/attach_link__rosidl_typesupport_introspection_c.h
[1.866s] -- Installing: /home/jerome/arm_new/install/linkattacher_msgs/include/linkattacher_msgs/linkattacher_msgs/srv/detail/detach_link__type_support.c
[1.866s] -- Installing: /home/jerome/arm_new/install/linkattacher_msgs/include/linkattacher_msgs/linkattacher_msgs/srv/detail/attach_link__type_support.c
[1.866s] -- Up-to-date: /home/jerome/arm_new/install/linkattacher_msgs/include/linkattacher_msgs/linkattacher_msgs/msg
[1.866s] -- Installing: /home/jerome/arm_new/install/linkattacher_msgs/include/linkattacher_msgs/linkattacher_msgs/msg/rosidl_typesupport_introspection_c__visibility_control.h
[1.866s] -- Installing: /home/jerome/arm_new/install/linkattacher_msgs/lib/liblinkattacher_msgs__rosidl_typesupport_introspection_c.so
[1.866s] -- Set runtime path of "/home/jerome/arm_new/install/linkattacher_msgs/lib/liblinkattacher_msgs__rosidl_typesupport_introspection_c.so" to ""
[1.866s] -- Installing: /home/jerome/arm_new/install/linkattacher_msgs/lib/liblinkattacher_msgs__rosidl_typesupport_c.so
[1.866s] -- Set runtime path of "/home/jerome/arm_new/install/linkattacher_msgs/lib/liblinkattacher_msgs__rosidl_typesupport_c.so" to ""
[1.866s] -- Up-to-date: /home/jerome/arm_new/install/linkattacher_msgs/include/linkattacher_msgs/linkattacher_msgs
[1.866s] -- Up-to-date: /home/jerome/arm_new/install/linkattacher_msgs/include/linkattacher_msgs/linkattacher_msgs/srv
[1.866s] -- Installing: /home/jerome/arm_new/install/linkattacher_msgs/include/linkattacher_msgs/linkattacher_msgs/srv/attach_link.hpp
[1.866s] -- Installing: /home/jerome/arm_new/install/linkattacher_msgs/include/linkattacher_msgs/linkattacher_msgs/srv/detach_link.hpp
[1.866s] -- Up-to-date: /home/jerome/arm_new/install/linkattacher_msgs/include/linkattacher_msgs/linkattacher_msgs/srv/detail
[1.866s] -- Installing: /home/jerome/arm_new/install/linkattacher_msgs/include/linkattacher_msgs/linkattacher_msgs/srv/detail/detach_link__type_support.hpp
[1.866s] -- Installing: /home/jerome/arm_new/install/linkattacher_msgs/include/linkattacher_msgs/linkattacher_msgs/srv/detail/attach_link__traits.hpp
[1.866s] -- Installing: /home/jerome/arm_new/install/linkattacher_msgs/include/linkattacher_msgs/linkattacher_msgs/srv/detail/detach_link__struct.hpp
[1.866s] -- Installing: /home/jerome/arm_new/install/linkattacher_msgs/include/linkattacher_msgs/linkattacher_msgs/srv/detail/detach_link__builder.hpp
[1.866s] -- Installing: /home/jerome/arm_new/install/linkattacher_msgs/include/linkattacher_msgs/linkattacher_msgs/srv/detail/attach_link__builder.hpp
[1.866s] -- Installing: /home/jerome/arm_new/install/linkattacher_msgs/include/linkattacher_msgs/linkattacher_msgs/srv/detail/attach_link__type_support.hpp
[1.867s] -- Installing: /home/jerome/arm_new/install/linkattacher_msgs/include/linkattacher_msgs/linkattacher_msgs/srv/detail/detach_link__traits.hpp
[1.867s] -- Installing: /home/jerome/arm_new/install/linkattacher_msgs/include/linkattacher_msgs/linkattacher_msgs/srv/detail/attach_link__struct.hpp
[1.867s] -- Up-to-date: /home/jerome/arm_new/install/linkattacher_msgs/include/linkattacher_msgs/linkattacher_msgs/msg
[1.867s] -- Installing: /home/jerome/arm_new/install/linkattacher_msgs/include/linkattacher_msgs/linkattacher_msgs/msg/rosidl_generator_cpp__visibility_control.hpp
[1.867s] -- Up-to-date: /home/jerome/arm_new/install/linkattacher_msgs/include/linkattacher_msgs/linkattacher_msgs
[1.867s] -- Up-to-date: /home/jerome/arm_new/install/linkattacher_msgs/include/linkattacher_msgs/linkattacher_msgs/srv
[1.867s] -- Up-to-date: /home/jerome/arm_new/install/linkattacher_msgs/include/linkattacher_msgs/linkattacher_msgs/srv/detail
[1.867s] -- Installing: /home/jerome/arm_new/install/linkattacher_msgs/include/linkattacher_msgs/linkattacher_msgs/srv/detail/dds_fastrtps
[1.867s] -- Installing: /home/jerome/arm_new/install/linkattacher_msgs/include/linkattacher_msgs/linkattacher_msgs/srv/detail/attach_link__rosidl_typesupport_fastrtps_cpp.hpp
[1.867s] -- Installing: /home/jerome/arm_new/install/linkattacher_msgs/include/linkattacher_msgs/linkattacher_msgs/srv/detail/detach_link__rosidl_typesupport_fastrtps_cpp.hpp
[1.867s] -- Up-to-date: /home/jerome/arm_new/install/linkattacher_msgs/include/linkattacher_msgs/linkattacher_msgs/msg
[1.867s] -- Installing: /home/jerome/arm_new/install/linkattacher_msgs/include/linkattacher_msgs/linkattacher_msgs/msg/rosidl_typesupport_fastrtps_cpp__visibility_control.h
[1.867s] -- Installing: /home/jerome/arm_new/install/linkattacher_msgs/lib/liblinkattacher_msgs__rosidl_typesupport_fastrtps_cpp.so
[1.867s] -- Set runtime path of "/home/jerome/arm_new/install/linkattacher_msgs/lib/liblinkattacher_msgs__rosidl_typesupport_fastrtps_cpp.so" to ""
[1.867s] -- Up-to-date: /home/jerome/arm_new/install/linkattacher_msgs/include/linkattacher_msgs/linkattacher_msgs
[1.867s] -- Up-to-date: /home/jerome/arm_new/install/linkattacher_msgs/include/linkattacher_msgs/linkattacher_msgs/srv
[1.867s] -- Up-to-date: /home/jerome/arm_new/install/linkattacher_msgs/include/linkattacher_msgs/linkattacher_msgs/srv/detail
[1.867s] -- Installing: /home/jerome/arm_new/install/linkattacher_msgs/include/linkattacher_msgs/linkattacher_msgs/srv/detail/detach_link__type_support.cpp
[1.867s] -- Installing: /home/jerome/arm_new/install/linkattacher_msgs/include/linkattacher_msgs/linkattacher_msgs/srv/detail/attach_link__type_support.cpp
[1.867s] -- Installing: /home/jerome/arm_new/install/linkattacher_msgs/include/linkattacher_msgs/linkattacher_msgs/srv/detail/detach_link__rosidl_typesupport_introspection_cpp.hpp
[1.867s] -- Installing: /home/jerome/arm_new/install/linkattacher_msgs/include/linkattacher_msgs/linkattacher_msgs/srv/detail/attach_link__rosidl_typesupport_introspection_cpp.hpp
[1.867s] -- Installing: /home/jerome/arm_new/install/linkattacher_msgs/lib/liblinkattacher_msgs__rosidl_typesupport_introspection_cpp.so
[1.867s] -- Set runtime path of "/home/jerome/arm_new/install/linkattacher_msgs/lib/liblinkattacher_msgs__rosidl_typesupport_introspection_cpp.so" to ""
[1.867s] -- Installing: /home/jerome/arm_new/install/linkattacher_msgs/lib/liblinkattacher_msgs__rosidl_typesupport_cpp.so
[1.868s] -- Set runtime path of "/home/jerome/arm_new/install/linkattacher_msgs/lib/liblinkattacher_msgs__rosidl_typesupport_cpp.so" to ""
[1.868s] -- Installing: /home/jerome/arm_new/install/linkattacher_msgs/share/linkattacher_msgs/environment/pythonpath.sh
[1.868s] -- Installing: /home/jerome/arm_new/install/linkattacher_msgs/share/linkattacher_msgs/environment/pythonpath.dsv
[1.868s] -- Installing: /home/jerome/arm_new/install/linkattacher_msgs/local/lib/python3.10/dist-packages/linkattacher_msgs-0.0.0-py3.10.egg-info
[1.868s] -- Installing: /home/jerome/arm_new/install/linkattacher_msgs/local/lib/python3.10/dist-packages/linkattacher_msgs-0.0.0-py3.10.egg-info/PKG-INFO
[1.868s] -- Installing: /home/jerome/arm_new/install/linkattacher_msgs/local/lib/python3.10/dist-packages/linkattacher_msgs-0.0.0-py3.10.egg-info/SOURCES.txt
[1.868s] -- Installing: /home/jerome/arm_new/install/linkattacher_msgs/local/lib/python3.10/dist-packages/linkattacher_msgs-0.0.0-py3.10.egg-info/dependency_links.txt
[1.868s] -- Installing: /home/jerome/arm_new/install/linkattacher_msgs/local/lib/python3.10/dist-packages/linkattacher_msgs-0.0.0-py3.10.egg-info/top_level.txt
[1.868s] -- Installing: /home/jerome/arm_new/install/linkattacher_msgs/local/lib/python3.10/dist-packages/linkattacher_msgs
[1.868s] -- Installing: /home/jerome/arm_new/install/linkattacher_msgs/local/lib/python3.10/dist-packages/linkattacher_msgs/srv
[1.868s] -- Installing: /home/jerome/arm_new/install/linkattacher_msgs/local/lib/python3.10/dist-packages/linkattacher_msgs/srv/_detach_link.py
[1.868s] -- Installing: /home/jerome/arm_new/install/linkattacher_msgs/local/lib/python3.10/dist-packages/linkattacher_msgs/srv/_attach_link_s.c
[1.868s] -- Installing: /home/jerome/arm_new/install/linkattacher_msgs/local/lib/python3.10/dist-packages/linkattacher_msgs/srv/_attach_link.py
[1.868s] -- Installing: /home/jerome/arm_new/install/linkattacher_msgs/local/lib/python3.10/dist-packages/linkattacher_msgs/srv/__init__.py
[1.868s] -- Installing: /home/jerome/arm_new/install/linkattacher_msgs/local/lib/python3.10/dist-packages/linkattacher_msgs/srv/_detach_link_s.c
[1.868s] -- Installing: /home/jerome/arm_new/install/linkattacher_msgs/local/lib/python3.10/dist-packages/linkattacher_msgs/linkattacher_msgs_s__rosidl_typesupport_introspection_c.cpython-310-x86_64-linux-gnu.so
[1.868s] -- Installing: /home/jerome/arm_new/install/linkattacher_msgs/local/lib/python3.10/dist-packages/linkattacher_msgs/_linkattacher_msgs_s.ep.rosidl_typesupport_introspection_c.c
[1.868s] -- Installing: /home/jerome/arm_new/install/linkattacher_msgs/local/lib/python3.10/dist-packages/linkattacher_msgs/linkattacher_msgs_s__rosidl_typesupport_fastrtps_c.cpython-310-x86_64-linux-gnu.so
[1.868s] -- Installing: /home/jerome/arm_new/install/linkattacher_msgs/local/lib/python3.10/dist-packages/linkattacher_msgs/_linkattacher_msgs_s.ep.rosidl_typesupport_fastrtps_c.c
[1.868s] -- Installing: /home/jerome/arm_new/install/linkattacher_msgs/local/lib/python3.10/dist-packages/linkattacher_msgs/_linkattacher_msgs_s.ep.rosidl_typesupport_c.c
[1.868s] -- Installing: /home/jerome/arm_new/install/linkattacher_msgs/local/lib/python3.10/dist-packages/linkattacher_msgs/__init__.py
[1.868s] -- Installing: /home/jerome/arm_new/install/linkattacher_msgs/local/lib/python3.10/dist-packages/linkattacher_msgs/linkattacher_msgs_s__rosidl_typesupport_c.cpython-310-x86_64-linux-gnu.so
[1.868s] -- Installing: /home/jerome/arm_new/install/linkattacher_msgs/local/lib/python3.10/dist-packages/linkattacher_msgs/liblinkattacher_msgs__rosidl_generator_py.so
[1.898s] Listing '/home/jerome/arm_new/install/linkattacher_msgs/local/lib/python3.10/dist-packages/linkattacher_msgs'...
[1.898s] Compiling '/home/jerome/arm_new/install/linkattacher_msgs/local/lib/python3.10/dist-packages/linkattacher_msgs/__init__.py'...
[1.898s] Listing '/home/jerome/arm_new/install/linkattacher_msgs/local/lib/python3.10/dist-packages/linkattacher_msgs/srv'...
[1.898s] Compiling '/home/jerome/arm_new/install/linkattacher_msgs/local/lib/python3.10/dist-packages/linkattacher_msgs/srv/__init__.py'...
[1.898s] Compiling '/home/jerome/arm_new/install/linkattacher_msgs/local/lib/python3.10/dist-packages/linkattacher_msgs/srv/_attach_link.py'...
[1.898s] Compiling '/home/jerome/arm_new/install/linkattacher_msgs/local/lib/python3.10/dist-packages/linkattacher_msgs/srv/_detach_link.py'...
[1.901s] -- Installing: /home/jerome/arm_new/install/linkattacher_msgs/local/lib/python3.10/dist-packages/linkattacher_msgs/linkattacher_msgs_s__rosidl_typesupport_fastrtps_c.cpython-310-x86_64-linux-gnu.so
[1.901s] -- Set runtime path of "/home/jerome/arm_new/install/linkattacher_msgs/local/lib/python3.10/dist-packages/linkattacher_msgs/linkattacher_msgs_s__rosidl_typesupport_fastrtps_c.cpython-310-x86_64-linux-gnu.so" to ""
[1.901s] -- Installing: /home/jerome/arm_new/install/linkattacher_msgs/local/lib/python3.10/dist-packages/linkattacher_msgs/linkattacher_msgs_s__rosidl_typesupport_introspection_c.cpython-310-x86_64-linux-gnu.so
[1.901s] -- Set runtime path of "/home/jerome/arm_new/install/linkattacher_msgs/local/lib/python3.10/dist-packages/linkattacher_msgs/linkattacher_msgs_s__rosidl_typesupport_introspection_c.cpython-310-x86_64-linux-gnu.so" to ""
[1.901s] -- Installing: /home/jerome/arm_new/install/linkattacher_msgs/local/lib/python3.10/dist-packages/linkattacher_msgs/linkattacher_msgs_s__rosidl_typesupport_c.cpython-310-x86_64-linux-gnu.so
[1.901s] -- Set runtime path of "/home/jerome/arm_new/install/linkattacher_msgs/local/lib/python3.10/dist-packages/linkattacher_msgs/linkattacher_msgs_s__rosidl_typesupport_c.cpython-310-x86_64-linux-gnu.so" to ""
[1.901s] -- Installing: /home/jerome/arm_new/install/linkattacher_msgs/lib/liblinkattacher_msgs__rosidl_generator_py.so
[1.902s] -- Set runtime path of "/home/jerome/arm_new/install/linkattacher_msgs/lib/liblinkattacher_msgs__rosidl_generator_py.so" to ""
[1.902s] -- Installing: /home/jerome/arm_new/install/linkattacher_msgs/share/linkattacher_msgs/srv/AttachLink.idl
[1.902s] -- Installing: /home/jerome/arm_new/install/linkattacher_msgs/share/linkattacher_msgs/srv/DetachLink.idl
[1.902s] -- Up-to-date: /home/jerome/arm_new/install/linkattacher_msgs/share/linkattacher_msgs/srv/AttachLink.srv
[1.902s] -- Installing: /home/jerome/arm_new/install/linkattacher_msgs/share/linkattacher_msgs/srv/AttachLink_Request.msg
[1.902s] -- Installing: /home/jerome/arm_new/install/linkattacher_msgs/share/linkattacher_msgs/srv/AttachLink_Response.msg
[1.902s] -- Up-to-date: /home/jerome/arm_new/install/linkattacher_msgs/share/linkattacher_msgs/srv/DetachLink.srv
[1.902s] -- Installing: /home/jerome/arm_new/install/linkattacher_msgs/share/linkattacher_msgs/srv/DetachLink_Request.msg
[1.902s] -- Installing: /home/jerome/arm_new/install/linkattacher_msgs/share/linkattacher_msgs/srv/DetachLink_Response.msg
[1.902s] -- Installing: /home/jerome/arm_new/install/linkattacher_msgs/share/ament_index/resource_index/package_run_dependencies/linkattacher_msgs
[1.902s] -- Installing: /home/jerome/arm_new/install/linkattacher_msgs/share/ament_index/resource_index/parent_prefix_path/linkattacher_msgs
[1.902s] -- Installing: /home/jerome/arm_new/install/linkattacher_msgs/share/linkattacher_msgs/environment/ament_prefix_path.sh
[1.902s] -- Installing: /home/jerome/arm_new/install/linkattacher_msgs/share/linkattacher_msgs/environment/ament_prefix_path.dsv
[1.902s] -- Installing: /home/jerome/arm_new/install/linkattacher_msgs/share/linkattacher_msgs/environment/path.sh
[1.902s] -- Installing: /home/jerome/arm_new/install/linkattacher_msgs/share/linkattacher_msgs/environment/path.dsv
[1.902s] -- Installing: /home/jerome/arm_new/install/linkattacher_msgs/share/linkattacher_msgs/local_setup.bash
[1.902s] -- Installing: /home/jerome/arm_new/install/linkattacher_msgs/share/linkattacher_msgs/local_setup.sh
[1.902s] -- Installing: /home/jerome/arm_new/install/linkattacher_msgs/share/linkattacher_msgs/local_setup.zsh
[1.902s] -- Installing: /home/jerome/arm_new/install/linkattacher_msgs/share/linkattacher_msgs/local_setup.dsv
[1.902s] -- Installing: /home/jerome/arm_new/install/linkattacher_msgs/share/linkattacher_msgs/package.dsv
[1.902s] -- Installing: /home/jerome/arm_new/install/linkattacher_msgs/share/ament_index/resource_index/packages/linkattacher_msgs
[1.903s] -- Installing: /home/jerome/arm_new/install/linkattacher_msgs/share/linkattacher_msgs/cmake/export_linkattacher_msgs__rosidl_generator_cExport.cmake
[1.903s] -- Installing: /home/jerome/arm_new/install/linkattacher_msgs/share/linkattacher_msgs/cmake/export_linkattacher_msgs__rosidl_generator_cExport-noconfig.cmake
[1.903s] -- Installing: /home/jerome/arm_new/install/linkattacher_msgs/share/linkattacher_msgs/cmake/export_linkattacher_msgs__rosidl_typesupport_fastrtps_cExport.cmake
[1.903s] -- Installing: /home/jerome/arm_new/install/linkattacher_msgs/share/linkattacher_msgs/cmake/export_linkattacher_msgs__rosidl_typesupport_fastrtps_cExport-noconfig.cmake
[1.903s] -- Installing: /home/jerome/arm_new/install/linkattacher_msgs/share/linkattacher_msgs/cmake/linkattacher_msgs__rosidl_typesupport_introspection_cExport.cmake
[1.903s] -- Installing: /home/jerome/arm_new/install/linkattacher_msgs/share/linkattacher_msgs/cmake/linkattacher_msgs__rosidl_typesupport_introspection_cExport-noconfig.cmake
[1.903s] -- Installing: /home/jerome/arm_new/install/linkattacher_msgs/share/linkattacher_msgs/cmake/linkattacher_msgs__rosidl_typesupport_cExport.cmake
[1.903s] -- Installing: /home/jerome/arm_new/install/linkattacher_msgs/share/linkattacher_msgs/cmake/linkattacher_msgs__rosidl_typesupport_cExport-noconfig.cmake
[1.903s] -- Installing: /home/jerome/arm_new/install/linkattacher_msgs/share/linkattacher_msgs/cmake/export_linkattacher_msgs__rosidl_generator_cppExport.cmake
[1.903s] -- Installing: /home/jerome/arm_new/install/linkattacher_msgs/share/linkattacher_msgs/cmake/export_linkattacher_msgs__rosidl_typesupport_fastrtps_cppExport.cmake
[1.903s] -- Installing: /home/jerome/arm_new/install/linkattacher_msgs/share/linkattacher_msgs/cmake/export_linkattacher_msgs__rosidl_typesupport_fastrtps_cppExport-noconfig.cmake
[1.903s] -- Installing: /home/jerome/arm_new/install/linkattacher_msgs/share/linkattacher_msgs/cmake/linkattacher_msgs__rosidl_typesupport_introspection_cppExport.cmake
[1.903s] -- Installing: /home/jerome/arm_new/install/linkattacher_msgs/share/linkattacher_msgs/cmake/linkattacher_msgs__rosidl_typesupport_introspection_cppExport-noconfig.cmake
[1.903s] -- Installing: /home/jerome/arm_new/install/linkattacher_msgs/share/linkattacher_msgs/cmake/linkattacher_msgs__rosidl_typesupport_cppExport.cmake
[1.903s] -- Installing: /home/jerome/arm_new/install/linkattacher_msgs/share/linkattacher_msgs/cmake/linkattacher_msgs__rosidl_typesupport_cppExport-noconfig.cmake
[1.903s] -- Installing: /home/jerome/arm_new/install/linkattacher_msgs/share/linkattacher_msgs/cmake/export_linkattacher_msgs__rosidl_generator_pyExport.cmake
[1.903s] -- Installing: /home/jerome/arm_new/install/linkattacher_msgs/share/linkattacher_msgs/cmake/export_linkattacher_msgs__rosidl_generator_pyExport-noconfig.cmake
[1.903s] -- Installing: /home/jerome/arm_new/install/linkattacher_msgs/share/linkattacher_msgs/cmake/rosidl_cmake-extras.cmake
[1.903s] -- Installing: /home/jerome/arm_new/install/linkattacher_msgs/share/linkattacher_msgs/cmake/ament_cmake_export_include_directories-extras.cmake
[1.903s] -- Installing: /home/jerome/arm_new/install/linkattacher_msgs/share/linkattacher_msgs/cmake/ament_cmake_export_libraries-extras.cmake
[1.904s] -- Installing: /home/jerome/arm_new/install/linkattacher_msgs/share/linkattacher_msgs/cmake/ament_cmake_export_targets-extras.cmake
[1.904s] -- Installing: /home/jerome/arm_new/install/linkattacher_msgs/share/linkattacher_msgs/cmake/rosidl_cmake_export_typesupport_targets-extras.cmake
[1.904s] -- Installing: /home/jerome/arm_new/install/linkattacher_msgs/share/linkattacher_msgs/cmake/ament_cmake_export_dependencies-extras.cmake
[1.904s] -- Installing: /home/jerome/arm_new/install/linkattacher_msgs/share/linkattacher_msgs/cmake/rosidl_cmake_export_typesupport_libraries-extras.cmake
[1.904s] -- Installing: /home/jerome/arm_new/install/linkattacher_msgs/share/linkattacher_msgs/cmake/linkattacher_msgsConfig.cmake
[1.904s] -- Installing: /home/jerome/arm_new/install/linkattacher_msgs/share/linkattacher_msgs/cmake/linkattacher_msgsConfig-version.cmake
[1.904s] -- Installing: /home/jerome/arm_new/install/linkattacher_msgs/share/linkattacher_msgs/package.xml
[1.906s] Invoked command in '/home/jerome/arm_new/build/linkattacher_msgs' returned '0': CMAKE_PREFIX_PATH=${CMAKE_PREFIX_PATH}:/home/jerome/ws_moveit2/install/moveit_configs_utils:/home/jerome/ws_moveit2/install/launch_param_builder:/opt/ros/humble /usr/bin/cmake --install /home/jerome/arm_new/build/linkattacher_msgs
