[0.102s] DEBUG:colcon:Command line arguments: ['/usr/bin/colcon', 'build']
[0.102s] DEBUG:colcon:Parsed command line arguments: Namespace(log_base=None, log_level=None, verb_name='build', build_base='build', install_base='install', merge_install=False, symlink_install=False, test_result_base=None, continue_on_error=False, executor='parallel', parallel_workers=16, event_handlers=None, ignore_user_meta=False, metas=['./colcon.meta'], base_paths=['.'], packages_ignore=None, packages_ignore_regex=None, paths=None, packages_up_to=None, packages_up_to_regex=None, packages_above=None, packages_above_and_dependencies=None, packages_above_depth=None, packages_select_by_dep=None, packages_skip_by_dep=None, packages_skip_up_to=None, packages_select_build_failed=False, packages_skip_build_finished=False, packages_select_test_failures=False, packages_skip_test_passed=False, packages_select=None, packages_skip=None, packages_select_regex=None, packages_skip_regex=None, packages_start=None, packages_end=None, allow_overriding=[], cmake_args=None, cmake_target=None, cmake_target_skip_unavailable=False, cmake_clean_cache=False, cmake_clean_first=False, cmake_force_configure=False, ament_cmake_args=None, catkin_cmake_args=None, catkin_skip_building_tests=False, mixin_files=None, mixin=None, verb_parser=<colcon_mixin.mixin.mixin_argument.MixinArgumentDecorator object at 0x7d65f235b7f0>, verb_extension=<colcon_core.verb.build.BuildVerb object at 0x7d65f24a0670>, main=<bound method BuildVerb.main of <colcon_core.verb.build.BuildVerb object at 0x7d65f24a0670>>, mixin_verb=('build',))
[0.213s] Level 1:colcon.colcon_core.package_discovery:discover_packages(colcon_meta) check parameters
[0.213s] Level 1:colcon.colcon_core.package_discovery:discover_packages(recursive) check parameters
[0.213s] Level 1:colcon.colcon_core.package_discovery:discover_packages(ignore) check parameters
[0.213s] Level 1:colcon.colcon_core.package_discovery:discover_packages(path) check parameters
[0.213s] Level 1:colcon.colcon_core.package_discovery:discover_packages(colcon_meta) discover
[0.213s] Level 1:colcon.colcon_core.package_discovery:discover_packages(recursive) discover
[0.213s] INFO:colcon.colcon_core.package_discovery:Crawling recursively for packages in '/home/jerome/arm_new'
[0.213s] Level 1:colcon.colcon_core.package_identification:_identify(.) by extensions ['ignore', 'ignore_ament_install']
[0.213s] Level 1:colcon.colcon_core.package_identification:_identify(.) by extension 'ignore'
[0.213s] Level 1:colcon.colcon_core.package_identification:_identify(.) by extension 'ignore_ament_install'
[0.213s] Level 1:colcon.colcon_core.package_identification:_identify(.) by extensions ['colcon_pkg']
[0.213s] Level 1:colcon.colcon_core.package_identification:_identify(.) by extension 'colcon_pkg'
[0.213s] Level 1:colcon.colcon_core.package_identification:_identify(.) by extensions ['colcon_meta']
[0.213s] Level 1:colcon.colcon_core.package_identification:_identify(.) by extension 'colcon_meta'
[0.213s] Level 1:colcon.colcon_core.package_identification:_identify(.) by extensions ['ros']
[0.213s] Level 1:colcon.colcon_core.package_identification:_identify(.) by extension 'ros'
[0.221s] Level 1:colcon.colcon_core.package_identification:_identify(.) by extensions ['cmake', 'python']
[0.221s] Level 1:colcon.colcon_core.package_identification:_identify(.) by extension 'cmake'
[0.221s] Level 1:colcon.colcon_core.package_identification:_identify(.) by extension 'python'
[0.221s] Level 1:colcon.colcon_core.package_identification:_identify(.) by extensions ['python_setup_py']
[0.221s] Level 1:colcon.colcon_core.package_identification:_identify(.) by extension 'python_setup_py'
[0.221s] Level 1:colcon.colcon_core.package_identification:_identify(build) by extensions ['ignore', 'ignore_ament_install']
[0.221s] Level 1:colcon.colcon_core.package_identification:_identify(build) by extension 'ignore'
[0.221s] Level 1:colcon.colcon_core.package_identification:_identify(build) ignored
[0.221s] Level 1:colcon.colcon_core.package_identification:_identify(install) by extensions ['ignore', 'ignore_ament_install']
[0.221s] Level 1:colcon.colcon_core.package_identification:_identify(install) by extension 'ignore'
[0.221s] Level 1:colcon.colcon_core.package_identification:_identify(install) ignored
[0.221s] Level 1:colcon.colcon_core.package_identification:_identify(log) by extensions ['ignore', 'ignore_ament_install']
[0.221s] Level 1:colcon.colcon_core.package_identification:_identify(log) by extension 'ignore'
[0.221s] Level 1:colcon.colcon_core.package_identification:_identify(log) ignored
[0.221s] Level 1:colcon.colcon_core.package_identification:_identify(src) by extensions ['ignore', 'ignore_ament_install']
[0.221s] Level 1:colcon.colcon_core.package_identification:_identify(src) by extension 'ignore'
[0.221s] Level 1:colcon.colcon_core.package_identification:_identify(src) by extension 'ignore_ament_install'
[0.221s] Level 1:colcon.colcon_core.package_identification:_identify(src) by extensions ['colcon_pkg']
[0.221s] Level 1:colcon.colcon_core.package_identification:_identify(src) by extension 'colcon_pkg'
[0.221s] Level 1:colcon.colcon_core.package_identification:_identify(src) by extensions ['colcon_meta']
[0.221s] Level 1:colcon.colcon_core.package_identification:_identify(src) by extension 'colcon_meta'
[0.221s] Level 1:colcon.colcon_core.package_identification:_identify(src) by extensions ['ros']
[0.221s] Level 1:colcon.colcon_core.package_identification:_identify(src) by extension 'ros'
[0.222s] Level 1:colcon.colcon_core.package_identification:_identify(src) by extensions ['cmake', 'python']
[0.222s] Level 1:colcon.colcon_core.package_identification:_identify(src) by extension 'cmake'
[0.222s] Level 1:colcon.colcon_core.package_identification:_identify(src) by extension 'python'
[0.222s] Level 1:colcon.colcon_core.package_identification:_identify(src) by extensions ['python_setup_py']
[0.222s] Level 1:colcon.colcon_core.package_identification:_identify(src) by extension 'python_setup_py'
[0.222s] Level 1:colcon.colcon_core.package_identification:_identify(src/arm_urdf) by extensions ['ignore', 'ignore_ament_install']
[0.222s] Level 1:colcon.colcon_core.package_identification:_identify(src/arm_urdf) by extension 'ignore'
[0.222s] Level 1:colcon.colcon_core.package_identification:_identify(src/arm_urdf) by extension 'ignore_ament_install'
[0.222s] Level 1:colcon.colcon_core.package_identification:_identify(src/arm_urdf) by extensions ['colcon_pkg']
[0.222s] Level 1:colcon.colcon_core.package_identification:_identify(src/arm_urdf) by extension 'colcon_pkg'
[0.222s] Level 1:colcon.colcon_core.package_identification:_identify(src/arm_urdf) by extensions ['colcon_meta']
[0.222s] Level 1:colcon.colcon_core.package_identification:_identify(src/arm_urdf) by extension 'colcon_meta'
[0.222s] Level 1:colcon.colcon_core.package_identification:_identify(src/arm_urdf) by extensions ['ros']
[0.222s] Level 1:colcon.colcon_core.package_identification:_identify(src/arm_urdf) by extension 'ros'
[0.227s] DEBUG:colcon.colcon_core.package_identification:Package 'src/arm_urdf' with type 'ros.ament_cmake' and name 'arm_urdf'
[0.227s] Level 1:colcon.colcon_core.package_identification:_identify(src/arm_urdf_moveit_config) by extensions ['ignore', 'ignore_ament_install']
[0.227s] Level 1:colcon.colcon_core.package_identification:_identify(src/arm_urdf_moveit_config) by extension 'ignore'
[0.227s] Level 1:colcon.colcon_core.package_identification:_identify(src/arm_urdf_moveit_config) by extension 'ignore_ament_install'
[0.227s] Level 1:colcon.colcon_core.package_identification:_identify(src/arm_urdf_moveit_config) by extensions ['colcon_pkg']
[0.227s] Level 1:colcon.colcon_core.package_identification:_identify(src/arm_urdf_moveit_config) by extension 'colcon_pkg'
[0.227s] Level 1:colcon.colcon_core.package_identification:_identify(src/arm_urdf_moveit_config) by extensions ['colcon_meta']
[0.227s] Level 1:colcon.colcon_core.package_identification:_identify(src/arm_urdf_moveit_config) by extension 'colcon_meta'
[0.227s] Level 1:colcon.colcon_core.package_identification:_identify(src/arm_urdf_moveit_config) by extensions ['ros']
[0.227s] Level 1:colcon.colcon_core.package_identification:_identify(src/arm_urdf_moveit_config) by extension 'ros'
[0.234s] DEBUG:colcon.colcon_core.package_identification:Package 'src/arm_urdf_moveit_config' with type 'ros.ament_cmake' and name 'arm_urdf_moveit_config'
[0.234s] Level 1:colcon.colcon_core.package_identification:_identify(src/pick_and_place) by extensions ['ignore', 'ignore_ament_install']
[0.234s] Level 1:colcon.colcon_core.package_identification:_identify(src/pick_and_place) by extension 'ignore'
[0.234s] Level 1:colcon.colcon_core.package_identification:_identify(src/pick_and_place) by extension 'ignore_ament_install'
[0.234s] Level 1:colcon.colcon_core.package_identification:_identify(src/pick_and_place) by extensions ['colcon_pkg']
[0.234s] Level 1:colcon.colcon_core.package_identification:_identify(src/pick_and_place) by extension 'colcon_pkg'
[0.234s] Level 1:colcon.colcon_core.package_identification:_identify(src/pick_and_place) by extensions ['colcon_meta']
[0.234s] Level 1:colcon.colcon_core.package_identification:_identify(src/pick_and_place) by extension 'colcon_meta'
[0.234s] Level 1:colcon.colcon_core.package_identification:_identify(src/pick_and_place) by extensions ['ros']
[0.234s] Level 1:colcon.colcon_core.package_identification:_identify(src/pick_and_place) by extension 'ros'
[0.235s] DEBUG:colcon.colcon_core.package_identification:Package 'src/pick_and_place' with type 'ros.ament_cmake' and name 'pick_and_place'
[0.235s] Level 1:colcon.colcon_core.package_discovery:discover_packages(recursive) using defaults
[0.235s] Level 1:colcon.colcon_core.package_discovery:discover_packages(ignore) discover
[0.235s] Level 1:colcon.colcon_core.package_discovery:discover_packages(ignore) using defaults
[0.235s] Level 1:colcon.colcon_core.package_discovery:discover_packages(path) discover
[0.235s] Level 1:colcon.colcon_core.package_discovery:discover_packages(path) using defaults
[0.248s] Level 1:colcon.colcon_core.package_discovery:discover_packages(prefix_path) check parameters
[0.248s] Level 1:colcon.colcon_core.package_discovery:discover_packages(prefix_path) discover
[0.251s] DEBUG:colcon.colcon_installed_package_information.package_discovery:Found 55 installed packages in /home/jerome/ws_moveit2/install
[0.252s] DEBUG:colcon.colcon_installed_package_information.package_discovery:Found 353 installed packages in /opt/ros/humble
[0.253s] Level 1:colcon.colcon_core.package_discovery:discover_packages(prefix_path) using defaults
[0.291s] Level 5:colcon.colcon_core.verb:set package 'arm_urdf' build argument 'cmake_args' from command line to 'None'
[0.291s] Level 5:colcon.colcon_core.verb:set package 'arm_urdf' build argument 'cmake_target' from command line to 'None'
[0.291s] Level 5:colcon.colcon_core.verb:set package 'arm_urdf' build argument 'cmake_target_skip_unavailable' from command line to 'False'
[0.291s] Level 5:colcon.colcon_core.verb:set package 'arm_urdf' build argument 'cmake_clean_cache' from command line to 'False'
[0.291s] Level 5:colcon.colcon_core.verb:set package 'arm_urdf' build argument 'cmake_clean_first' from command line to 'False'
[0.291s] Level 5:colcon.colcon_core.verb:set package 'arm_urdf' build argument 'cmake_force_configure' from command line to 'False'
[0.291s] Level 5:colcon.colcon_core.verb:set package 'arm_urdf' build argument 'ament_cmake_args' from command line to 'None'
[0.291s] Level 5:colcon.colcon_core.verb:set package 'arm_urdf' build argument 'catkin_cmake_args' from command line to 'None'
[0.291s] Level 5:colcon.colcon_core.verb:set package 'arm_urdf' build argument 'catkin_skip_building_tests' from command line to 'False'
[0.291s] DEBUG:colcon.colcon_core.verb:Building package 'arm_urdf' with the following arguments: {'ament_cmake_args': None, 'build_base': '/home/jerome/arm_new/build/arm_urdf', 'catkin_cmake_args': None, 'catkin_skip_building_tests': False, 'cmake_args': None, 'cmake_clean_cache': False, 'cmake_clean_first': False, 'cmake_force_configure': False, 'cmake_target': None, 'cmake_target_skip_unavailable': False, 'install_base': '/home/jerome/arm_new/install/arm_urdf', 'merge_install': False, 'path': '/home/jerome/arm_new/src/arm_urdf', 'symlink_install': False, 'test_result_base': None}
[0.292s] Level 5:colcon.colcon_core.verb:set package 'pick_and_place' build argument 'cmake_args' from command line to 'None'
[0.292s] Level 5:colcon.colcon_core.verb:set package 'pick_and_place' build argument 'cmake_target' from command line to 'None'
[0.292s] Level 5:colcon.colcon_core.verb:set package 'pick_and_place' build argument 'cmake_target_skip_unavailable' from command line to 'False'
[0.292s] Level 5:colcon.colcon_core.verb:set package 'pick_and_place' build argument 'cmake_clean_cache' from command line to 'False'
[0.292s] Level 5:colcon.colcon_core.verb:set package 'pick_and_place' build argument 'cmake_clean_first' from command line to 'False'
[0.292s] Level 5:colcon.colcon_core.verb:set package 'pick_and_place' build argument 'cmake_force_configure' from command line to 'False'
[0.292s] Level 5:colcon.colcon_core.verb:set package 'pick_and_place' build argument 'ament_cmake_args' from command line to 'None'
[0.292s] Level 5:colcon.colcon_core.verb:set package 'pick_and_place' build argument 'catkin_cmake_args' from command line to 'None'
[0.292s] Level 5:colcon.colcon_core.verb:set package 'pick_and_place' build argument 'catkin_skip_building_tests' from command line to 'False'
[0.292s] DEBUG:colcon.colcon_core.verb:Building package 'pick_and_place' with the following arguments: {'ament_cmake_args': None, 'build_base': '/home/jerome/arm_new/build/pick_and_place', 'catkin_cmake_args': None, 'catkin_skip_building_tests': False, 'cmake_args': None, 'cmake_clean_cache': False, 'cmake_clean_first': False, 'cmake_force_configure': False, 'cmake_target': None, 'cmake_target_skip_unavailable': False, 'install_base': '/home/jerome/arm_new/install/pick_and_place', 'merge_install': False, 'path': '/home/jerome/arm_new/src/pick_and_place', 'symlink_install': False, 'test_result_base': None}
[0.292s] Level 5:colcon.colcon_core.verb:set package 'arm_urdf_moveit_config' build argument 'cmake_args' from command line to 'None'
[0.292s] Level 5:colcon.colcon_core.verb:set package 'arm_urdf_moveit_config' build argument 'cmake_target' from command line to 'None'
[0.292s] Level 5:colcon.colcon_core.verb:set package 'arm_urdf_moveit_config' build argument 'cmake_target_skip_unavailable' from command line to 'False'
[0.292s] Level 5:colcon.colcon_core.verb:set package 'arm_urdf_moveit_config' build argument 'cmake_clean_cache' from command line to 'False'
[0.292s] Level 5:colcon.colcon_core.verb:set package 'arm_urdf_moveit_config' build argument 'cmake_clean_first' from command line to 'False'
[0.292s] Level 5:colcon.colcon_core.verb:set package 'arm_urdf_moveit_config' build argument 'cmake_force_configure' from command line to 'False'
[0.292s] Level 5:colcon.colcon_core.verb:set package 'arm_urdf_moveit_config' build argument 'ament_cmake_args' from command line to 'None'
[0.292s] Level 5:colcon.colcon_core.verb:set package 'arm_urdf_moveit_config' build argument 'catkin_cmake_args' from command line to 'None'
[0.292s] Level 5:colcon.colcon_core.verb:set package 'arm_urdf_moveit_config' build argument 'catkin_skip_building_tests' from command line to 'False'
[0.292s] DEBUG:colcon.colcon_core.verb:Building package 'arm_urdf_moveit_config' with the following arguments: {'ament_cmake_args': None, 'build_base': '/home/jerome/arm_new/build/arm_urdf_moveit_config', 'catkin_cmake_args': None, 'catkin_skip_building_tests': False, 'cmake_args': None, 'cmake_clean_cache': False, 'cmake_clean_first': False, 'cmake_force_configure': False, 'cmake_target': None, 'cmake_target_skip_unavailable': False, 'install_base': '/home/jerome/arm_new/install/arm_urdf_moveit_config', 'merge_install': False, 'path': '/home/jerome/arm_new/src/arm_urdf_moveit_config', 'symlink_install': False, 'test_result_base': None}
[0.292s] INFO:colcon.colcon_core.executor:Executing jobs using 'parallel' executor
[0.293s] DEBUG:colcon.colcon_parallel_executor.executor.parallel:run_until_complete
[0.293s] INFO:colcon.colcon_ros.task.ament_cmake.build:Building ROS package in '/home/jerome/arm_new/src/arm_urdf' with build type 'ament_cmake'
[0.293s] INFO:colcon.colcon_cmake.task.cmake.build:Building CMake package in '/home/jerome/arm_new/src/arm_urdf'
[0.295s] INFO:colcon.colcon_core.plugin_system:Skipping extension 'colcon_core.shell.bat': Not used on non-Windows systems
[0.295s] INFO:colcon.colcon_core.shell:Skip shell extension 'powershell' for command environment: Not usable outside of PowerShell
[0.295s] DEBUG:colcon.colcon_core.shell:Skip shell extension 'dsv' for command environment
[0.299s] INFO:colcon.colcon_ros.task.ament_cmake.build:Building ROS package in '/home/jerome/arm_new/src/pick_and_place' with build type 'ament_cmake'
[0.299s] INFO:colcon.colcon_cmake.task.cmake.build:Building CMake package in '/home/jerome/arm_new/src/pick_and_place'
[0.299s] INFO:colcon.colcon_core.shell:Skip shell extension 'powershell' for command environment: Not usable outside of PowerShell
[0.299s] DEBUG:colcon.colcon_core.shell:Skip shell extension 'dsv' for command environment
[0.306s] DEBUG:colcon.colcon_core.event_handler.log_command:Invoking command in '/home/jerome/arm_new/build/arm_urdf': CMAKE_PREFIX_PATH=${CMAKE_PREFIX_PATH}:/home/jerome/ws_moveit2/install/moveit_configs_utils:/home/jerome/ws_moveit2/install/launch_param_builder:/opt/ros/humble /usr/bin/cmake --build /home/jerome/arm_new/build/arm_urdf -- -j16 -l16
[0.309s] DEBUG:colcon.colcon_core.event_handler.log_command:Invoking command in '/home/jerome/arm_new/build/pick_and_place': CMAKE_PREFIX_PATH=${CMAKE_PREFIX_PATH}:/home/jerome/ws_moveit2/install/moveit_configs_utils:/home/jerome/ws_moveit2/install/launch_param_builder:/opt/ros/humble /usr/bin/cmake --build /home/jerome/arm_new/build/pick_and_place -- -j16 -l16
[0.348s] DEBUG:colcon.colcon_core.event_handler.log_command:Invoked command in '/home/jerome/arm_new/build/arm_urdf' returned '0': CMAKE_PREFIX_PATH=${CMAKE_PREFIX_PATH}:/home/jerome/ws_moveit2/install/moveit_configs_utils:/home/jerome/ws_moveit2/install/launch_param_builder:/opt/ros/humble /usr/bin/cmake --build /home/jerome/arm_new/build/arm_urdf -- -j16 -l16
[0.361s] DEBUG:colcon.colcon_core.event_handler.log_command:Invoking command in '/home/jerome/arm_new/build/arm_urdf': CMAKE_PREFIX_PATH=${CMAKE_PREFIX_PATH}:/home/jerome/ws_moveit2/install/moveit_configs_utils:/home/jerome/ws_moveit2/install/launch_param_builder:/opt/ros/humble /usr/bin/cmake --install /home/jerome/arm_new/build/arm_urdf
[0.381s] Level 1:colcon.colcon_core.environment:create_environment_scripts_only(arm_urdf)
[0.381s] DEBUG:colcon.colcon_core.event_handler.log_command:Invoked command in '/home/jerome/arm_new/build/arm_urdf' returned '0': CMAKE_PREFIX_PATH=${CMAKE_PREFIX_PATH}:/home/jerome/ws_moveit2/install/moveit_configs_utils:/home/jerome/ws_moveit2/install/launch_param_builder:/opt/ros/humble /usr/bin/cmake --install /home/jerome/arm_new/build/arm_urdf
[0.384s] Level 1:colcon.colcon_core.environment:checking '/home/jerome/arm_new/install/arm_urdf' for CMake module files
[0.384s] Level 1:colcon.colcon_core.environment:checking '/home/jerome/arm_new/install/arm_urdf' for CMake config files
[0.384s] Level 1:colcon.colcon_core.shell:create_environment_hook('arm_urdf', 'cmake_prefix_path')
[0.385s] INFO:colcon.colcon_core.shell:Creating environment hook '/home/jerome/arm_new/install/arm_urdf/share/arm_urdf/hook/cmake_prefix_path.ps1'
[0.385s] INFO:colcon.colcon_core.shell:Creating environment descriptor '/home/jerome/arm_new/install/arm_urdf/share/arm_urdf/hook/cmake_prefix_path.dsv'
[0.386s] INFO:colcon.colcon_core.shell:Creating environment hook '/home/jerome/arm_new/install/arm_urdf/share/arm_urdf/hook/cmake_prefix_path.sh'
[0.386s] Level 1:colcon.colcon_core.environment:checking '/home/jerome/arm_new/install/arm_urdf/bin'
[0.386s] Level 1:colcon.colcon_core.environment:checking '/home/jerome/arm_new/install/arm_urdf/lib/pkgconfig/arm_urdf.pc'
[0.386s] Level 1:colcon.colcon_core.environment:checking '/home/jerome/arm_new/install/arm_urdf/lib/python3.10/site-packages'
[0.386s] Level 1:colcon.colcon_core.environment:checking '/home/jerome/arm_new/install/arm_urdf/bin'
[0.387s] INFO:colcon.colcon_core.shell:Creating package script '/home/jerome/arm_new/install/arm_urdf/share/arm_urdf/package.ps1'
[0.387s] INFO:colcon.colcon_core.shell:Creating package descriptor '/home/jerome/arm_new/install/arm_urdf/share/arm_urdf/package.dsv'
[0.387s] INFO:colcon.colcon_core.shell:Creating package script '/home/jerome/arm_new/install/arm_urdf/share/arm_urdf/package.sh'
[0.388s] INFO:colcon.colcon_core.shell:Creating package script '/home/jerome/arm_new/install/arm_urdf/share/arm_urdf/package.bash'
[0.388s] INFO:colcon.colcon_core.shell:Creating package script '/home/jerome/arm_new/install/arm_urdf/share/arm_urdf/package.zsh'
[0.389s] Level 1:colcon.colcon_core.environment:create_file_with_runtime_dependencies(/home/jerome/arm_new/install/arm_urdf/share/colcon-core/packages/arm_urdf)
[0.389s] Level 1:colcon.colcon_core.environment:create_environment_scripts_only(arm_urdf)
[0.389s] Level 1:colcon.colcon_core.environment:checking '/home/jerome/arm_new/install/arm_urdf' for CMake module files
[0.389s] Level 1:colcon.colcon_core.environment:checking '/home/jerome/arm_new/install/arm_urdf' for CMake config files
[0.389s] Level 1:colcon.colcon_core.shell:create_environment_hook('arm_urdf', 'cmake_prefix_path')
[0.390s] INFO:colcon.colcon_core.shell:Creating environment hook '/home/jerome/arm_new/install/arm_urdf/share/arm_urdf/hook/cmake_prefix_path.ps1'
[0.390s] INFO:colcon.colcon_core.shell:Creating environment descriptor '/home/jerome/arm_new/install/arm_urdf/share/arm_urdf/hook/cmake_prefix_path.dsv'
[0.390s] INFO:colcon.colcon_core.shell:Creating environment hook '/home/jerome/arm_new/install/arm_urdf/share/arm_urdf/hook/cmake_prefix_path.sh'
[0.390s] Level 1:colcon.colcon_core.environment:checking '/home/jerome/arm_new/install/arm_urdf/bin'
[0.390s] Level 1:colcon.colcon_core.environment:checking '/home/jerome/arm_new/install/arm_urdf/lib/pkgconfig/arm_urdf.pc'
[0.390s] Level 1:colcon.colcon_core.environment:checking '/home/jerome/arm_new/install/arm_urdf/lib/python3.10/site-packages'
[0.390s] Level 1:colcon.colcon_core.environment:checking '/home/jerome/arm_new/install/arm_urdf/bin'
[0.391s] INFO:colcon.colcon_core.shell:Creating package script '/home/jerome/arm_new/install/arm_urdf/share/arm_urdf/package.ps1'
[0.391s] INFO:colcon.colcon_core.shell:Creating package descriptor '/home/jerome/arm_new/install/arm_urdf/share/arm_urdf/package.dsv'
[0.391s] INFO:colcon.colcon_core.shell:Creating package script '/home/jerome/arm_new/install/arm_urdf/share/arm_urdf/package.sh'
[0.391s] INFO:colcon.colcon_core.shell:Creating package script '/home/jerome/arm_new/install/arm_urdf/share/arm_urdf/package.bash'
[0.392s] INFO:colcon.colcon_core.shell:Creating package script '/home/jerome/arm_new/install/arm_urdf/share/arm_urdf/package.zsh'
[0.392s] Level 1:colcon.colcon_core.environment:create_file_with_runtime_dependencies(/home/jerome/arm_new/install/arm_urdf/share/colcon-core/packages/arm_urdf)
[0.392s] INFO:colcon.colcon_ros.task.ament_cmake.build:Building ROS package in '/home/jerome/arm_new/src/arm_urdf_moveit_config' with build type 'ament_cmake'
[0.392s] INFO:colcon.colcon_cmake.task.cmake.build:Building CMake package in '/home/jerome/arm_new/src/arm_urdf_moveit_config'
[0.392s] INFO:colcon.colcon_core.shell:Skip shell extension 'powershell' for command environment: Not usable outside of PowerShell
[0.392s] DEBUG:colcon.colcon_core.shell:Skip shell extension 'dsv' for command environment
[0.403s] DEBUG:colcon.colcon_core.event_handler.log_command:Invoking command in '/home/jerome/arm_new/build/arm_urdf_moveit_config': AMENT_PREFIX_PATH=/home/jerome/arm_new/install/arm_urdf:${AMENT_PREFIX_PATH} CMAKE_PREFIX_PATH=/home/jerome/arm_new/install/arm_urdf:/home/jerome/ws_moveit2/install/pilz_industrial_motion_planner_testutils:/home/jerome/ws_moveit2/install/moveit_runtime:/home/jerome/ws_moveit2/install/moveit2_tutorials:/home/jerome/ws_moveit2/install/moveit:/home/jerome/ws_moveit2/install/moveit_planners:/home/jerome/ws_moveit2/install/pilz_industrial_motion_planner:/home/jerome/ws_moveit2/install/moveit_visual_tools:/home/jerome/ws_moveit2/install/moveit_task_constructor_visualization:/home/jerome/ws_moveit2/install/moveit_task_constructor_demo:/home/jerome/ws_moveit2/install/moveit_task_constructor_capabilities:/home/jerome/ws_moveit2/install/moveit_task_constructor_core:/home/jerome/ws_moveit2/install/moveit_ros_control_interface:/home/jerome/ws_moveit2/install/moveit_plugins:/home/jerome/ws_moveit2/install/moveit_simple_controller_manager:/home/jerome/ws_moveit2/install/moveit_setup_assistant:/home/jerome/ws_moveit2/install/moveit_setup_srdf_plugins:/home/jerome/ws_moveit2/install/moveit_setup_core_plugins:/home/jerome/ws_moveit2/install/moveit_setup_controllers:/home/jerome/ws_moveit2/install/moveit_setup_app_plugins:/home/jerome/ws_moveit2/install/moveit_setup_framework:/home/jerome/ws_moveit2/install/moveit_servo:/home/jerome/ws_moveit2/install/moveit_ros:/home/jerome/ws_moveit2/install/moveit_ros_visualization:/home/jerome/ws_moveit2/install/moveit_hybrid_planning:/home/jerome/ws_moveit2/install/moveit_ros_planning_interface:/home/jerome/ws_moveit2/install/moveit_ros_benchmarks:/home/jerome/ws_moveit2/install/moveit_ros_warehouse:/home/jerome/ws_moveit2/install/moveit_ros_robot_interaction:/home/jerome/ws_moveit2/install/moveit_ros_perception:/home/jerome/ws_moveit2/install/moveit_resources_prbt_pg70_support:/home/jerome/ws_moveit2/install/moveit_resources_prbt_moveit_config:/home/jerome/ws_moveit2/install/moveit_ros_move_group:/home/jerome/ws_moveit2/install/moveit_planners_ompl:/home/jerome/ws_moveit2/install/moveit_ros_planning:/home/jerome/ws_moveit2/install/moveit_ros_occupancy_map_monitor:/home/jerome/ws_moveit2/install/moveit_resources_prbt_ikfast_manipulator_plugin:/home/jerome/ws_moveit2/install/moveit_planners_chomp:/home/jerome/ws_moveit2/install/moveit_kinematics:/home/jerome/ws_moveit2/install/moveit_chomp_optimizer_adapter:/home/jerome/ws_moveit2/install/chomp_motion_planner:/home/jerome/ws_moveit2/install/moveit_core:/home/jerome/ws_moveit2/install/srdfdom:/home/jerome/ws_moveit2/install/rviz_marker_tools:/home/jerome/ws_moveit2/install/rosparam_shortcuts:/home/jerome/ws_moveit2/install/moveit_task_constructor_msgs:/home/jerome/ws_moveit2/install/moveit_resources_prbt_support:/home/jerome/ws_moveit2/install/moveit_resources:/home/jerome/ws_moveit2/install/moveit_resources_pr2_description:/home/jerome/ws_moveit2/install/moveit_resources_panda_moveit_config:/home/jerome/ws_moveit2/install/moveit_resources_panda_description:/home/jerome/ws_moveit2/install/moveit_resources_fanuc_moveit_config:/home/jerome/ws_moveit2/install/moveit_resources_fanuc_description:/home/jerome/ws_moveit2/install/moveit_common:/home/jerome/ws_moveit2/install/moveit_configs_utils:/home/jerome/ws_moveit2/install/launch_param_builder:/opt/ros/humble /usr/bin/cmake --build /home/jerome/arm_new/build/arm_urdf_moveit_config -- -j16 -l16
[0.440s] DEBUG:colcon.colcon_core.event_handler.log_command:Invoked command in '/home/jerome/arm_new/build/arm_urdf_moveit_config' returned '0': AMENT_PREFIX_PATH=/home/jerome/arm_new/install/arm_urdf:${AMENT_PREFIX_PATH} CMAKE_PREFIX_PATH=/home/jerome/arm_new/install/arm_urdf:/home/jerome/ws_moveit2/install/pilz_industrial_motion_planner_testutils:/home/jerome/ws_moveit2/install/moveit_runtime:/home/jerome/ws_moveit2/install/moveit2_tutorials:/home/jerome/ws_moveit2/install/moveit:/home/jerome/ws_moveit2/install/moveit_planners:/home/jerome/ws_moveit2/install/pilz_industrial_motion_planner:/home/jerome/ws_moveit2/install/moveit_visual_tools:/home/jerome/ws_moveit2/install/moveit_task_constructor_visualization:/home/jerome/ws_moveit2/install/moveit_task_constructor_demo:/home/jerome/ws_moveit2/install/moveit_task_constructor_capabilities:/home/jerome/ws_moveit2/install/moveit_task_constructor_core:/home/jerome/ws_moveit2/install/moveit_ros_control_interface:/home/jerome/ws_moveit2/install/moveit_plugins:/home/jerome/ws_moveit2/install/moveit_simple_controller_manager:/home/jerome/ws_moveit2/install/moveit_setup_assistant:/home/jerome/ws_moveit2/install/moveit_setup_srdf_plugins:/home/jerome/ws_moveit2/install/moveit_setup_core_plugins:/home/jerome/ws_moveit2/install/moveit_setup_controllers:/home/jerome/ws_moveit2/install/moveit_setup_app_plugins:/home/jerome/ws_moveit2/install/moveit_setup_framework:/home/jerome/ws_moveit2/install/moveit_servo:/home/jerome/ws_moveit2/install/moveit_ros:/home/jerome/ws_moveit2/install/moveit_ros_visualization:/home/jerome/ws_moveit2/install/moveit_hybrid_planning:/home/jerome/ws_moveit2/install/moveit_ros_planning_interface:/home/jerome/ws_moveit2/install/moveit_ros_benchmarks:/home/jerome/ws_moveit2/install/moveit_ros_warehouse:/home/jerome/ws_moveit2/install/moveit_ros_robot_interaction:/home/jerome/ws_moveit2/install/moveit_ros_perception:/home/jerome/ws_moveit2/install/moveit_resources_prbt_pg70_support:/home/jerome/ws_moveit2/install/moveit_resources_prbt_moveit_config:/home/jerome/ws_moveit2/install/moveit_ros_move_group:/home/jerome/ws_moveit2/install/moveit_planners_ompl:/home/jerome/ws_moveit2/install/moveit_ros_planning:/home/jerome/ws_moveit2/install/moveit_ros_occupancy_map_monitor:/home/jerome/ws_moveit2/install/moveit_resources_prbt_ikfast_manipulator_plugin:/home/jerome/ws_moveit2/install/moveit_planners_chomp:/home/jerome/ws_moveit2/install/moveit_kinematics:/home/jerome/ws_moveit2/install/moveit_chomp_optimizer_adapter:/home/jerome/ws_moveit2/install/chomp_motion_planner:/home/jerome/ws_moveit2/install/moveit_core:/home/jerome/ws_moveit2/install/srdfdom:/home/jerome/ws_moveit2/install/rviz_marker_tools:/home/jerome/ws_moveit2/install/rosparam_shortcuts:/home/jerome/ws_moveit2/install/moveit_task_constructor_msgs:/home/jerome/ws_moveit2/install/moveit_resources_prbt_support:/home/jerome/ws_moveit2/install/moveit_resources:/home/jerome/ws_moveit2/install/moveit_resources_pr2_description:/home/jerome/ws_moveit2/install/moveit_resources_panda_moveit_config:/home/jerome/ws_moveit2/install/moveit_resources_panda_description:/home/jerome/ws_moveit2/install/moveit_resources_fanuc_moveit_config:/home/jerome/ws_moveit2/install/moveit_resources_fanuc_description:/home/jerome/ws_moveit2/install/moveit_common:/home/jerome/ws_moveit2/install/moveit_configs_utils:/home/jerome/ws_moveit2/install/launch_param_builder:/opt/ros/humble /usr/bin/cmake --build /home/jerome/arm_new/build/arm_urdf_moveit_config -- -j16 -l16
[0.442s] DEBUG:colcon.colcon_core.event_handler.log_command:Invoking command in '/home/jerome/arm_new/build/arm_urdf_moveit_config': AMENT_PREFIX_PATH=/home/jerome/arm_new/install/arm_urdf:${AMENT_PREFIX_PATH} CMAKE_PREFIX_PATH=/home/jerome/arm_new/install/arm_urdf:/home/jerome/ws_moveit2/install/pilz_industrial_motion_planner_testutils:/home/jerome/ws_moveit2/install/moveit_runtime:/home/jerome/ws_moveit2/install/moveit2_tutorials:/home/jerome/ws_moveit2/install/moveit:/home/jerome/ws_moveit2/install/moveit_planners:/home/jerome/ws_moveit2/install/pilz_industrial_motion_planner:/home/jerome/ws_moveit2/install/moveit_visual_tools:/home/jerome/ws_moveit2/install/moveit_task_constructor_visualization:/home/jerome/ws_moveit2/install/moveit_task_constructor_demo:/home/jerome/ws_moveit2/install/moveit_task_constructor_capabilities:/home/jerome/ws_moveit2/install/moveit_task_constructor_core:/home/jerome/ws_moveit2/install/moveit_ros_control_interface:/home/jerome/ws_moveit2/install/moveit_plugins:/home/jerome/ws_moveit2/install/moveit_simple_controller_manager:/home/jerome/ws_moveit2/install/moveit_setup_assistant:/home/jerome/ws_moveit2/install/moveit_setup_srdf_plugins:/home/jerome/ws_moveit2/install/moveit_setup_core_plugins:/home/jerome/ws_moveit2/install/moveit_setup_controllers:/home/jerome/ws_moveit2/install/moveit_setup_app_plugins:/home/jerome/ws_moveit2/install/moveit_setup_framework:/home/jerome/ws_moveit2/install/moveit_servo:/home/jerome/ws_moveit2/install/moveit_ros:/home/jerome/ws_moveit2/install/moveit_ros_visualization:/home/jerome/ws_moveit2/install/moveit_hybrid_planning:/home/jerome/ws_moveit2/install/moveit_ros_planning_interface:/home/jerome/ws_moveit2/install/moveit_ros_benchmarks:/home/jerome/ws_moveit2/install/moveit_ros_warehouse:/home/jerome/ws_moveit2/install/moveit_ros_robot_interaction:/home/jerome/ws_moveit2/install/moveit_ros_perception:/home/jerome/ws_moveit2/install/moveit_resources_prbt_pg70_support:/home/jerome/ws_moveit2/install/moveit_resources_prbt_moveit_config:/home/jerome/ws_moveit2/install/moveit_ros_move_group:/home/jerome/ws_moveit2/install/moveit_planners_ompl:/home/jerome/ws_moveit2/install/moveit_ros_planning:/home/jerome/ws_moveit2/install/moveit_ros_occupancy_map_monitor:/home/jerome/ws_moveit2/install/moveit_resources_prbt_ikfast_manipulator_plugin:/home/jerome/ws_moveit2/install/moveit_planners_chomp:/home/jerome/ws_moveit2/install/moveit_kinematics:/home/jerome/ws_moveit2/install/moveit_chomp_optimizer_adapter:/home/jerome/ws_moveit2/install/chomp_motion_planner:/home/jerome/ws_moveit2/install/moveit_core:/home/jerome/ws_moveit2/install/srdfdom:/home/jerome/ws_moveit2/install/rviz_marker_tools:/home/jerome/ws_moveit2/install/rosparam_shortcuts:/home/jerome/ws_moveit2/install/moveit_task_constructor_msgs:/home/jerome/ws_moveit2/install/moveit_resources_prbt_support:/home/jerome/ws_moveit2/install/moveit_resources:/home/jerome/ws_moveit2/install/moveit_resources_pr2_description:/home/jerome/ws_moveit2/install/moveit_resources_panda_moveit_config:/home/jerome/ws_moveit2/install/moveit_resources_panda_description:/home/jerome/ws_moveit2/install/moveit_resources_fanuc_moveit_config:/home/jerome/ws_moveit2/install/moveit_resources_fanuc_description:/home/jerome/ws_moveit2/install/moveit_common:/home/jerome/ws_moveit2/install/moveit_configs_utils:/home/jerome/ws_moveit2/install/launch_param_builder:/opt/ros/humble /usr/bin/cmake --install /home/jerome/arm_new/build/arm_urdf_moveit_config
[0.462s] Level 1:colcon.colcon_core.environment:create_environment_scripts_only(arm_urdf_moveit_config)
[0.462s] Level 1:colcon.colcon_core.environment:checking '/home/jerome/arm_new/install/arm_urdf_moveit_config' for CMake module files
[0.463s] DEBUG:colcon.colcon_core.event_handler.log_command:Invoked command in '/home/jerome/arm_new/build/arm_urdf_moveit_config' returned '0': AMENT_PREFIX_PATH=/home/jerome/arm_new/install/arm_urdf:${AMENT_PREFIX_PATH} CMAKE_PREFIX_PATH=/home/jerome/arm_new/install/arm_urdf:/home/jerome/ws_moveit2/install/pilz_industrial_motion_planner_testutils:/home/jerome/ws_moveit2/install/moveit_runtime:/home/jerome/ws_moveit2/install/moveit2_tutorials:/home/jerome/ws_moveit2/install/moveit:/home/jerome/ws_moveit2/install/moveit_planners:/home/jerome/ws_moveit2/install/pilz_industrial_motion_planner:/home/jerome/ws_moveit2/install/moveit_visual_tools:/home/jerome/ws_moveit2/install/moveit_task_constructor_visualization:/home/jerome/ws_moveit2/install/moveit_task_constructor_demo:/home/jerome/ws_moveit2/install/moveit_task_constructor_capabilities:/home/jerome/ws_moveit2/install/moveit_task_constructor_core:/home/jerome/ws_moveit2/install/moveit_ros_control_interface:/home/jerome/ws_moveit2/install/moveit_plugins:/home/jerome/ws_moveit2/install/moveit_simple_controller_manager:/home/jerome/ws_moveit2/install/moveit_setup_assistant:/home/jerome/ws_moveit2/install/moveit_setup_srdf_plugins:/home/jerome/ws_moveit2/install/moveit_setup_core_plugins:/home/jerome/ws_moveit2/install/moveit_setup_controllers:/home/jerome/ws_moveit2/install/moveit_setup_app_plugins:/home/jerome/ws_moveit2/install/moveit_setup_framework:/home/jerome/ws_moveit2/install/moveit_servo:/home/jerome/ws_moveit2/install/moveit_ros:/home/jerome/ws_moveit2/install/moveit_ros_visualization:/home/jerome/ws_moveit2/install/moveit_hybrid_planning:/home/jerome/ws_moveit2/install/moveit_ros_planning_interface:/home/jerome/ws_moveit2/install/moveit_ros_benchmarks:/home/jerome/ws_moveit2/install/moveit_ros_warehouse:/home/jerome/ws_moveit2/install/moveit_ros_robot_interaction:/home/jerome/ws_moveit2/install/moveit_ros_perception:/home/jerome/ws_moveit2/install/moveit_resources_prbt_pg70_support:/home/jerome/ws_moveit2/install/moveit_resources_prbt_moveit_config:/home/jerome/ws_moveit2/install/moveit_ros_move_group:/home/jerome/ws_moveit2/install/moveit_planners_ompl:/home/jerome/ws_moveit2/install/moveit_ros_planning:/home/jerome/ws_moveit2/install/moveit_ros_occupancy_map_monitor:/home/jerome/ws_moveit2/install/moveit_resources_prbt_ikfast_manipulator_plugin:/home/jerome/ws_moveit2/install/moveit_planners_chomp:/home/jerome/ws_moveit2/install/moveit_kinematics:/home/jerome/ws_moveit2/install/moveit_chomp_optimizer_adapter:/home/jerome/ws_moveit2/install/chomp_motion_planner:/home/jerome/ws_moveit2/install/moveit_core:/home/jerome/ws_moveit2/install/srdfdom:/home/jerome/ws_moveit2/install/rviz_marker_tools:/home/jerome/ws_moveit2/install/rosparam_shortcuts:/home/jerome/ws_moveit2/install/moveit_task_constructor_msgs:/home/jerome/ws_moveit2/install/moveit_resources_prbt_support:/home/jerome/ws_moveit2/install/moveit_resources:/home/jerome/ws_moveit2/install/moveit_resources_pr2_description:/home/jerome/ws_moveit2/install/moveit_resources_panda_moveit_config:/home/jerome/ws_moveit2/install/moveit_resources_panda_description:/home/jerome/ws_moveit2/install/moveit_resources_fanuc_moveit_config:/home/jerome/ws_moveit2/install/moveit_resources_fanuc_description:/home/jerome/ws_moveit2/install/moveit_common:/home/jerome/ws_moveit2/install/moveit_configs_utils:/home/jerome/ws_moveit2/install/launch_param_builder:/opt/ros/humble /usr/bin/cmake --install /home/jerome/arm_new/build/arm_urdf_moveit_config
[0.463s] Level 1:colcon.colcon_core.environment:checking '/home/jerome/arm_new/install/arm_urdf_moveit_config' for CMake config files
[0.463s] Level 1:colcon.colcon_core.shell:create_environment_hook('arm_urdf_moveit_config', 'cmake_prefix_path')
[0.463s] INFO:colcon.colcon_core.shell:Creating environment hook '/home/jerome/arm_new/install/arm_urdf_moveit_config/share/arm_urdf_moveit_config/hook/cmake_prefix_path.ps1'
[0.464s] INFO:colcon.colcon_core.shell:Creating environment descriptor '/home/jerome/arm_new/install/arm_urdf_moveit_config/share/arm_urdf_moveit_config/hook/cmake_prefix_path.dsv'
[0.464s] INFO:colcon.colcon_core.shell:Creating environment hook '/home/jerome/arm_new/install/arm_urdf_moveit_config/share/arm_urdf_moveit_config/hook/cmake_prefix_path.sh'
[0.464s] Level 1:colcon.colcon_core.environment:checking '/home/jerome/arm_new/install/arm_urdf_moveit_config/bin'
[0.464s] Level 1:colcon.colcon_core.environment:checking '/home/jerome/arm_new/install/arm_urdf_moveit_config/lib/pkgconfig/arm_urdf_moveit_config.pc'
[0.464s] Level 1:colcon.colcon_core.environment:checking '/home/jerome/arm_new/install/arm_urdf_moveit_config/lib/python3.10/site-packages'
[0.464s] Level 1:colcon.colcon_core.environment:checking '/home/jerome/arm_new/install/arm_urdf_moveit_config/bin'
[0.465s] INFO:colcon.colcon_core.shell:Creating package script '/home/jerome/arm_new/install/arm_urdf_moveit_config/share/arm_urdf_moveit_config/package.ps1'
[0.465s] INFO:colcon.colcon_core.shell:Creating package descriptor '/home/jerome/arm_new/install/arm_urdf_moveit_config/share/arm_urdf_moveit_config/package.dsv'
[0.465s] INFO:colcon.colcon_core.shell:Creating package script '/home/jerome/arm_new/install/arm_urdf_moveit_config/share/arm_urdf_moveit_config/package.sh'
[0.465s] INFO:colcon.colcon_core.shell:Creating package script '/home/jerome/arm_new/install/arm_urdf_moveit_config/share/arm_urdf_moveit_config/package.bash'
[0.466s] INFO:colcon.colcon_core.shell:Creating package script '/home/jerome/arm_new/install/arm_urdf_moveit_config/share/arm_urdf_moveit_config/package.zsh'
[0.466s] Level 1:colcon.colcon_core.environment:create_file_with_runtime_dependencies(/home/jerome/arm_new/install/arm_urdf_moveit_config/share/colcon-core/packages/arm_urdf_moveit_config)
[0.466s] Level 1:colcon.colcon_core.environment:create_environment_scripts_only(arm_urdf_moveit_config)
[0.466s] Level 1:colcon.colcon_core.environment:checking '/home/jerome/arm_new/install/arm_urdf_moveit_config' for CMake module files
[0.466s] Level 1:colcon.colcon_core.environment:checking '/home/jerome/arm_new/install/arm_urdf_moveit_config' for CMake config files
[0.467s] Level 1:colcon.colcon_core.shell:create_environment_hook('arm_urdf_moveit_config', 'cmake_prefix_path')
[0.467s] INFO:colcon.colcon_core.shell:Creating environment hook '/home/jerome/arm_new/install/arm_urdf_moveit_config/share/arm_urdf_moveit_config/hook/cmake_prefix_path.ps1'
[0.467s] INFO:colcon.colcon_core.shell:Creating environment descriptor '/home/jerome/arm_new/install/arm_urdf_moveit_config/share/arm_urdf_moveit_config/hook/cmake_prefix_path.dsv'
[0.467s] INFO:colcon.colcon_core.shell:Creating environment hook '/home/jerome/arm_new/install/arm_urdf_moveit_config/share/arm_urdf_moveit_config/hook/cmake_prefix_path.sh'
[0.468s] Level 1:colcon.colcon_core.environment:checking '/home/jerome/arm_new/install/arm_urdf_moveit_config/bin'
[0.468s] Level 1:colcon.colcon_core.environment:checking '/home/jerome/arm_new/install/arm_urdf_moveit_config/lib/pkgconfig/arm_urdf_moveit_config.pc'
[0.468s] Level 1:colcon.colcon_core.environment:checking '/home/jerome/arm_new/install/arm_urdf_moveit_config/lib/python3.10/site-packages'
[0.468s] Level 1:colcon.colcon_core.environment:checking '/home/jerome/arm_new/install/arm_urdf_moveit_config/bin'
[0.468s] INFO:colcon.colcon_core.shell:Creating package script '/home/jerome/arm_new/install/arm_urdf_moveit_config/share/arm_urdf_moveit_config/package.ps1'
[0.468s] INFO:colcon.colcon_core.shell:Creating package descriptor '/home/jerome/arm_new/install/arm_urdf_moveit_config/share/arm_urdf_moveit_config/package.dsv'
[0.469s] INFO:colcon.colcon_core.shell:Creating package script '/home/jerome/arm_new/install/arm_urdf_moveit_config/share/arm_urdf_moveit_config/package.sh'
[0.469s] INFO:colcon.colcon_core.shell:Creating package script '/home/jerome/arm_new/install/arm_urdf_moveit_config/share/arm_urdf_moveit_config/package.bash'
[0.469s] INFO:colcon.colcon_core.shell:Creating package script '/home/jerome/arm_new/install/arm_urdf_moveit_config/share/arm_urdf_moveit_config/package.zsh'
[0.469s] Level 1:colcon.colcon_core.environment:create_file_with_runtime_dependencies(/home/jerome/arm_new/install/arm_urdf_moveit_config/share/colcon-core/packages/arm_urdf_moveit_config)
[9.689s] DEBUG:colcon.colcon_core.event_handler.log_command:Invoked command in '/home/jerome/arm_new/build/pick_and_place' returned '0': CMAKE_PREFIX_PATH=${CMAKE_PREFIX_PATH}:/home/jerome/ws_moveit2/install/moveit_configs_utils:/home/jerome/ws_moveit2/install/launch_param_builder:/opt/ros/humble /usr/bin/cmake --build /home/jerome/arm_new/build/pick_and_place -- -j16 -l16
[9.690s] DEBUG:colcon.colcon_core.event_handler.log_command:Invoking command in '/home/jerome/arm_new/build/pick_and_place': CMAKE_PREFIX_PATH=${CMAKE_PREFIX_PATH}:/home/jerome/ws_moveit2/install/moveit_configs_utils:/home/jerome/ws_moveit2/install/launch_param_builder:/opt/ros/humble /usr/bin/cmake --install /home/jerome/arm_new/build/pick_and_place
[9.717s] Level 1:colcon.colcon_core.environment:create_environment_scripts_only(pick_and_place)
[9.718s] Level 1:colcon.colcon_core.environment:checking '/home/jerome/arm_new/install/pick_and_place' for CMake module files
[9.719s] DEBUG:colcon.colcon_core.event_handler.log_command:Invoked command in '/home/jerome/arm_new/build/pick_and_place' returned '0': CMAKE_PREFIX_PATH=${CMAKE_PREFIX_PATH}:/home/jerome/ws_moveit2/install/moveit_configs_utils:/home/jerome/ws_moveit2/install/launch_param_builder:/opt/ros/humble /usr/bin/cmake --install /home/jerome/arm_new/build/pick_and_place
[9.719s] Level 1:colcon.colcon_core.environment:checking '/home/jerome/arm_new/install/pick_and_place' for CMake config files
[9.719s] Level 1:colcon.colcon_core.shell:create_environment_hook('pick_and_place', 'cmake_prefix_path')
[9.720s] INFO:colcon.colcon_core.shell:Creating environment hook '/home/jerome/arm_new/install/pick_and_place/share/pick_and_place/hook/cmake_prefix_path.ps1'
[9.720s] INFO:colcon.colcon_core.shell:Creating environment descriptor '/home/jerome/arm_new/install/pick_and_place/share/pick_and_place/hook/cmake_prefix_path.dsv'
[9.721s] INFO:colcon.colcon_core.shell:Creating environment hook '/home/jerome/arm_new/install/pick_and_place/share/pick_and_place/hook/cmake_prefix_path.sh'
[9.722s] Level 1:colcon.colcon_core.environment:checking '/home/jerome/arm_new/install/pick_and_place/lib'
[9.722s] Level 1:colcon.colcon_core.environment:checking '/home/jerome/arm_new/install/pick_and_place/bin'
[9.722s] Level 1:colcon.colcon_core.environment:checking '/home/jerome/arm_new/install/pick_and_place/lib/pkgconfig/pick_and_place.pc'
[9.722s] Level 1:colcon.colcon_core.environment:checking '/home/jerome/arm_new/install/pick_and_place/lib/python3.10/site-packages'
[9.723s] Level 1:colcon.colcon_core.environment:checking '/home/jerome/arm_new/install/pick_and_place/bin'
[9.723s] INFO:colcon.colcon_core.shell:Creating package script '/home/jerome/arm_new/install/pick_and_place/share/pick_and_place/package.ps1'
[9.724s] INFO:colcon.colcon_core.shell:Creating package descriptor '/home/jerome/arm_new/install/pick_and_place/share/pick_and_place/package.dsv'
[9.724s] INFO:colcon.colcon_core.shell:Creating package script '/home/jerome/arm_new/install/pick_and_place/share/pick_and_place/package.sh'
[9.725s] INFO:colcon.colcon_core.shell:Creating package script '/home/jerome/arm_new/install/pick_and_place/share/pick_and_place/package.bash'
[9.725s] INFO:colcon.colcon_core.shell:Creating package script '/home/jerome/arm_new/install/pick_and_place/share/pick_and_place/package.zsh'
[9.726s] Level 1:colcon.colcon_core.environment:create_file_with_runtime_dependencies(/home/jerome/arm_new/install/pick_and_place/share/colcon-core/packages/pick_and_place)
[9.727s] Level 1:colcon.colcon_core.environment:create_environment_scripts_only(pick_and_place)
[9.727s] Level 1:colcon.colcon_core.environment:checking '/home/jerome/arm_new/install/pick_and_place' for CMake module files
[9.727s] Level 1:colcon.colcon_core.environment:checking '/home/jerome/arm_new/install/pick_and_place' for CMake config files
[9.728s] Level 1:colcon.colcon_core.shell:create_environment_hook('pick_and_place', 'cmake_prefix_path')
[9.728s] INFO:colcon.colcon_core.shell:Creating environment hook '/home/jerome/arm_new/install/pick_and_place/share/pick_and_place/hook/cmake_prefix_path.ps1'
[9.729s] INFO:colcon.colcon_core.shell:Creating environment descriptor '/home/jerome/arm_new/install/pick_and_place/share/pick_and_place/hook/cmake_prefix_path.dsv'
[9.729s] INFO:colcon.colcon_core.shell:Creating environment hook '/home/jerome/arm_new/install/pick_and_place/share/pick_and_place/hook/cmake_prefix_path.sh'
[9.730s] Level 1:colcon.colcon_core.environment:checking '/home/jerome/arm_new/install/pick_and_place/lib'
[9.730s] Level 1:colcon.colcon_core.environment:checking '/home/jerome/arm_new/install/pick_and_place/bin'
[9.730s] Level 1:colcon.colcon_core.environment:checking '/home/jerome/arm_new/install/pick_and_place/lib/pkgconfig/pick_and_place.pc'
[9.730s] Level 1:colcon.colcon_core.environment:checking '/home/jerome/arm_new/install/pick_and_place/lib/python3.10/site-packages'
[9.730s] Level 1:colcon.colcon_core.environment:checking '/home/jerome/arm_new/install/pick_and_place/bin'
[9.731s] INFO:colcon.colcon_core.shell:Creating package script '/home/jerome/arm_new/install/pick_and_place/share/pick_and_place/package.ps1'
[9.731s] INFO:colcon.colcon_core.shell:Creating package descriptor '/home/jerome/arm_new/install/pick_and_place/share/pick_and_place/package.dsv'
[9.732s] INFO:colcon.colcon_core.shell:Creating package script '/home/jerome/arm_new/install/pick_and_place/share/pick_and_place/package.sh'
[9.732s] INFO:colcon.colcon_core.shell:Creating package script '/home/jerome/arm_new/install/pick_and_place/share/pick_and_place/package.bash'
[9.732s] INFO:colcon.colcon_core.shell:Creating package script '/home/jerome/arm_new/install/pick_and_place/share/pick_and_place/package.zsh'
[9.733s] Level 1:colcon.colcon_core.environment:create_file_with_runtime_dependencies(/home/jerome/arm_new/install/pick_and_place/share/colcon-core/packages/pick_and_place)
[9.733s] DEBUG:colcon.colcon_parallel_executor.executor.parallel:closing loop
[9.733s] DEBUG:colcon.colcon_parallel_executor.executor.parallel:loop closed
[9.733s] DEBUG:colcon.colcon_parallel_executor.executor.parallel:run_until_complete finished with '0'
[9.734s] DEBUG:colcon.colcon_core.event_reactor:joining thread
[9.740s] INFO:colcon.colcon_core.plugin_system:Skipping extension 'colcon_notification.desktop_notification.terminal_notifier': Not used on non-Darwin systems
[9.740s] INFO:colcon.colcon_core.plugin_system:Skipping extension 'colcon_notification.desktop_notification.win32': Not used on non-Windows systems
[9.740s] INFO:colcon.colcon_notification.desktop_notification:Sending desktop notification using 'notify2'
[9.753s] DEBUG:colcon.colcon_core.event_reactor:joined thread
[9.754s] INFO:colcon.colcon_core.shell:Creating prefix script '/home/jerome/arm_new/install/local_setup.ps1'
[9.755s] INFO:colcon.colcon_core.shell:Creating prefix util module '/home/jerome/arm_new/install/_local_setup_util_ps1.py'
[9.756s] INFO:colcon.colcon_core.shell:Creating prefix chain script '/home/jerome/arm_new/install/setup.ps1'
[9.758s] INFO:colcon.colcon_core.shell:Creating prefix script '/home/jerome/arm_new/install/local_setup.sh'
[9.758s] INFO:colcon.colcon_core.shell:Creating prefix util module '/home/jerome/arm_new/install/_local_setup_util_sh.py'
[9.759s] INFO:colcon.colcon_core.shell:Creating prefix chain script '/home/jerome/arm_new/install/setup.sh'
[9.760s] INFO:colcon.colcon_core.shell:Creating prefix script '/home/jerome/arm_new/install/local_setup.bash'
[9.761s] INFO:colcon.colcon_core.shell:Creating prefix chain script '/home/jerome/arm_new/install/setup.bash'
[9.762s] INFO:colcon.colcon_core.shell:Creating prefix script '/home/jerome/arm_new/install/local_setup.zsh'
[9.762s] INFO:colcon.colcon_core.shell:Creating prefix chain script '/home/jerome/arm_new/install/setup.zsh'
